<?xml version="1.0" encoding="UTF-8"?>
<robot generator="Robot 3.1.2 (Python 3.8.2 on win32)" generated="20200511 14:08:44.457" rpa="false">
<suite id="s1" name="Main" source="C:\Users\hgouveadepaula\PycharmProjects\RobotTask\main\main.robot">
<test id="s1-t1" name="TC01 Login, add one item to shopping cart and validate total amount is under 50 USD">
<kw name="Start Test" library="Keywords" type="setup">
<kw name="Generate Random String" library="String">
<doc>Generates a string with a desired ``length`` from the given ``chars``.</doc>
<arguments>
<arg>10</arg>
<arg>[LOWER]</arg>
</arguments>
<assign>
<var>${FIRST NAME}</var>
</assign>
<msg timestamp="20200511 14:08:45.002" level="INFO">${FIRST NAME} = zxwimmzbwr</msg>
<status status="PASS" starttime="20200511 14:08:45.002" endtime="20200511 14:08:45.002"></status>
</kw>
<kw name="Generate Random String" library="String">
<doc>Generates a string with a desired ``length`` from the given ``chars``.</doc>
<arguments>
<arg>12</arg>
<arg>[LOWER]</arg>
</arguments>
<assign>
<var>${LAST NAME}</var>
</assign>
<msg timestamp="20200511 14:08:45.002" level="INFO">${LAST NAME} = bjruzflmojgm</msg>
<status status="PASS" starttime="20200511 14:08:45.002" endtime="20200511 14:08:45.002"></status>
</kw>
<kw name="Generate Random String" library="String">
<doc>Generates a string with a desired ``length`` from the given ``chars``.</doc>
<arguments>
<arg>5</arg>
<arg>[NUMBERS]</arg>
</arguments>
<assign>
<var>${ZIP CODE}</var>
</assign>
<msg timestamp="20200511 14:08:45.003" level="INFO">${ZIP CODE} = 67300</msg>
<status status="PASS" starttime="20200511 14:08:45.003" endtime="20200511 14:08:45.003"></status>
</kw>
<kw name="Generate Random String" library="String">
<doc>Generates a string with a desired ``length`` from the given ``chars``.</doc>
<arguments>
<arg>10</arg>
<arg>[NUMBERS]</arg>
</arguments>
<assign>
<var>${PHONE}</var>
</assign>
<msg timestamp="20200511 14:08:45.003" level="INFO">${PHONE} = 3049757228</msg>
<status status="PASS" starttime="20200511 14:08:45.003" endtime="20200511 14:08:45.003"></status>
</kw>
<kw name="Set Test Variable" library="BuiltIn">
<doc>Makes a variable available everywhere within the scope of the current test.</doc>
<arguments>
<arg>${FIRST NAME}</arg>
</arguments>
<msg timestamp="20200511 14:08:45.003" level="INFO">${FIRST NAME} = zxwimmzbwr</msg>
<status status="PASS" starttime="20200511 14:08:45.003" endtime="20200511 14:08:45.003"></status>
</kw>
<kw name="Set Test Variable" library="BuiltIn">
<doc>Makes a variable available everywhere within the scope of the current test.</doc>
<arguments>
<arg>${LAST NAME}</arg>
</arguments>
<msg timestamp="20200511 14:08:45.004" level="INFO">${LAST NAME} = bjruzflmojgm</msg>
<status status="PASS" starttime="20200511 14:08:45.004" endtime="20200511 14:08:45.004"></status>
</kw>
<kw name="Set Test Variable" library="BuiltIn">
<doc>Makes a variable available everywhere within the scope of the current test.</doc>
<arguments>
<arg>${ZIP CODE}</arg>
</arguments>
<msg timestamp="20200511 14:08:45.004" level="INFO">${ZIP CODE} = 67300</msg>
<status status="PASS" starttime="20200511 14:08:45.004" endtime="20200511 14:08:45.005"></status>
</kw>
<kw name="Set Test Variable" library="BuiltIn">
<doc>Makes a variable available everywhere within the scope of the current test.</doc>
<arguments>
<arg>${PHONE}</arg>
</arguments>
<msg timestamp="20200511 14:08:45.005" level="INFO">${PHONE} = 3049757228</msg>
<status status="PASS" starttime="20200511 14:08:45.005" endtime="20200511 14:08:45.005"></status>
</kw>
<status status="PASS" starttime="20200511 14:08:45.002" endtime="20200511 14:08:45.005"></status>
</kw>
<kw name="Set Screenshot Directory" library="SeleniumLibrary">
<doc>Sets the directory for captured screenshots.</doc>
<arguments>
<arg>../Reports/screenshots/main/tc01</arg>
</arguments>
<status status="PASS" starttime="20200511 14:08:45.006" endtime="20200511 14:08:45.006"></status>
</kw>
<kw name="Log" library="BuiltIn">
<doc>Logs the given message with the given level.</doc>
<arguments>
<arg>Step 1 - Open home page and sing-in</arg>
</arguments>
<msg timestamp="20200511 14:08:45.006" level="INFO">Step 1 - Open home page and sing-in</msg>
<status status="PASS" starttime="20200511 14:08:45.006" endtime="20200511 14:08:45.007"></status>
</kw>
<kw name="Open Home Page" library="Keywords">
<kw name="Open Browser" library="SeleniumLibrary">
<doc>Opens a new browser instance to the optional ``url``.</doc>
<arguments>
<arg>${HOME PAGE URL}</arg>
<arg>${BROWSER}</arg>
</arguments>
<msg timestamp="20200511 14:08:45.007" level="INFO">Opening browser 'firefox' to base url 'http://automationpractice.com/index.php'.</msg>
<msg timestamp="20200511 14:08:45.014" level="INFO">Firefox driver log is always forced to to: C:\Users\hgouveadepaula\PycharmProjects\RobotTask\Reports\screenshots\main\win\geckodriver-1.log</msg>
<status status="PASS" starttime="20200511 14:08:45.007" endtime="20200511 14:08:55.711"></status>
</kw>
<kw name="Maximize Browser Window" library="SeleniumLibrary">
<doc>Maximizes current browser window.</doc>
<status status="PASS" starttime="20200511 14:08:55.712" endtime="20200511 14:08:55.990"></status>
</kw>
<kw name="Title Should Be" library="SeleniumLibrary">
<doc>Verifies that the current page title equals ``title``.</doc>
<arguments>
<arg>${TITLE_HOMEPAGE}</arg>
</arguments>
<msg timestamp="20200511 14:08:55.999" level="INFO">Page title is 'My Store'.</msg>
<status status="PASS" starttime="20200511 14:08:55.990" endtime="20200511 14:08:55.999"></status>
</kw>
<status status="PASS" starttime="20200511 14:08:45.007" endtime="20200511 14:08:55.999"></status>
</kw>
<kw name="Go To Login Page" library="Keywords">
<kw name="Wait Until Element Is Visible" library="SeleniumLibrary">
<doc>Waits until the element ``locator`` is visible.</doc>
<arguments>
<arg>${btn_SignIn}</arg>
<arg>${WAIT_TIME}</arg>
</arguments>
<status status="PASS" starttime="20200511 14:08:56.002" endtime="20200511 14:08:56.047"></status>
</kw>
<kw name="Click Element" library="SeleniumLibrary">
<doc>Click the element identified by ``locator``.</doc>
<arguments>
<arg>${btn_SignIn}</arg>
</arguments>
<msg timestamp="20200511 14:08:56.048" level="INFO">Clicking element 'css=.login'.</msg>
<status status="PASS" starttime="20200511 14:08:56.048" endtime="20200511 14:09:01.354"></status>
</kw>
<kw name="Title Should Be" library="SeleniumLibrary">
<doc>Verifies that the current page title equals ``title``.</doc>
<arguments>
<arg>${TITLE_LOGIN}</arg>
</arguments>
<msg timestamp="20200511 14:09:01.358" level="INFO">Page title is 'Login - My Store'.</msg>
<status status="PASS" starttime="20200511 14:09:01.354" endtime="20200511 14:09:01.358"></status>
</kw>
<status status="PASS" starttime="20200511 14:08:56.001" endtime="20200511 14:09:01.358"></status>
</kw>
<kw name="Sign In" library="Keywords">
<kw name="Wait Until Element Is Visible" library="SeleniumLibrary">
<doc>Waits until the element ``locator`` is visible.</doc>
<arguments>
<arg>${txt_EmailLogin}</arg>
</arguments>
<status status="PASS" starttime="20200511 14:09:01.360" endtime="20200511 14:09:01.395"></status>
</kw>
<kw name="Wait Until Element Is Visible" library="SeleniumLibrary">
<doc>Waits until the element ``locator`` is visible.</doc>
<arguments>
<arg>${txt_Password}</arg>
</arguments>
<status status="PASS" starttime="20200511 14:09:01.395" endtime="20200511 14:09:01.426"></status>
</kw>
<kw name="Wait Until Element Is Visible" library="SeleniumLibrary">
<doc>Waits until the element ``locator`` is visible.</doc>
<arguments>
<arg>${btn_Login}</arg>
</arguments>
<status status="PASS" starttime="20200511 14:09:01.426" endtime="20200511 14:09:01.447"></status>
</kw>
<kw name="Input Text" library="SeleniumLibrary">
<doc>Types the given ``text`` into the text field identified by ``locator``.</doc>
<arguments>
<arg>${txt_EmailLogin}</arg>
<arg>${EMAIL}</arg>
</arguments>
<msg timestamp="20200511 14:09:01.447" level="INFO">Typing text 'tqmtlzci@oisnjaxw.com' into text field 'id:email'.</msg>
<status status="PASS" starttime="20200511 14:09:01.447" endtime="20200511 14:09:01.521"></status>
</kw>
<kw name="Input Text" library="SeleniumLibrary">
<doc>Types the given ``text`` into the text field identified by ``locator``.</doc>
<arguments>
<arg>${txt_Password}</arg>
<arg>${PASSWORD}</arg>
</arguments>
<msg timestamp="20200511 14:09:01.522" level="INFO">Typing text 'aqlnlgkmdr' into text field 'id:passwd'.</msg>
<status status="PASS" starttime="20200511 14:09:01.522" endtime="20200511 14:09:01.571"></status>
</kw>
<kw name="Click Button" library="SeleniumLibrary">
<doc>Clicks the button identified by ``locator``.</doc>
<arguments>
<arg>${btn_Login}</arg>
</arguments>
<msg timestamp="20200511 14:09:01.572" level="INFO">Clicking button 'id:SubmitLogin'.</msg>
<status status="PASS" starttime="20200511 14:09:01.572" endtime="20200511 14:09:04.302"></status>
</kw>
<kw name="Title Should Be" library="SeleniumLibrary">
<doc>Verifies that the current page title equals ``title``.</doc>
<arguments>
<arg>${TITLE_MY_ACCT}</arg>
</arguments>
<msg timestamp="20200511 14:09:04.314" level="INFO">Page title is 'My account - My Store'.</msg>
<status status="PASS" starttime="20200511 14:09:04.304" endtime="20200511 14:09:04.314"></status>
</kw>
<status status="PASS" starttime="20200511 14:09:01.359" endtime="20200511 14:09:04.314"></status>
</kw>
<kw name="Log" library="BuiltIn">
<doc>Logs the given message with the given level.</doc>
<arguments>
<arg>Step 2 - Select Dresses/Summer Dresses category</arg>
</arguments>
<msg timestamp="20200511 14:09:04.316" level="INFO">Step 2 - Select Dresses/Summer Dresses category</msg>
<status status="PASS" starttime="20200511 14:09:04.316" endtime="20200511 14:09:04.316"></status>
</kw>
<kw name="Select Category Dresses - Summer Dresses" library="Keywords">
<kw name="Wait Until Element Is Visible" library="SeleniumLibrary">
<doc>Waits until the element ``locator`` is visible.</doc>
<arguments>
<arg>${btn_Category_Dresses}</arg>
<arg>${WAIT_TIME}</arg>
</arguments>
<status status="PASS" starttime="20200511 14:09:04.317" endtime="20200511 14:09:04.354"></status>
</kw>
<kw name="Click Element" library="SeleniumLibrary">
<doc>Click the element identified by ``locator``.</doc>
<arguments>
<arg>${btn_Category_Dresses}</arg>
</arguments>
<msg timestamp="20200511 14:09:04.355" level="INFO">Clicking element '(//a[@class="sf-with-ul" and @title="Dresses"])[2]'.</msg>
<status status="PASS" starttime="20200511 14:09:04.355" endtime="20200511 14:09:19.632"></status>
</kw>
<kw name="Title Should Be" library="SeleniumLibrary">
<doc>Verifies that the current page title equals ``title``.</doc>
<arguments>
<arg>${TITLE_DRESSES}</arg>
</arguments>
<msg timestamp="20200511 14:09:19.641" level="INFO">Page title is 'Dresses - My Store'.</msg>
<status status="PASS" starttime="20200511 14:09:19.632" endtime="20200511 14:09:19.641"></status>
</kw>
<kw name="Wait Until Element Is Visible" library="SeleniumLibrary">
<doc>Waits until the element ``locator`` is visible.</doc>
<arguments>
<arg>${btn_Category_Dre_SumDresses}</arg>
<arg>${WAIT_TIME}</arg>
</arguments>
<status status="PASS" starttime="20200511 14:09:19.641" endtime="20200511 14:09:19.667"></status>
</kw>
<kw name="Click Element" library="SeleniumLibrary">
<doc>Click the element identified by ``locator``.</doc>
<arguments>
<arg>${btn_Category_Dre_SumDresses}</arg>
</arguments>
<msg timestamp="20200511 14:09:19.668" level="INFO">Clicking element '//a[@class='subcategory-name'][contains(text(),'Summer Dresses')]'.</msg>
<status status="PASS" starttime="20200511 14:09:19.667" endtime="20200511 14:09:21.630"></status>
</kw>
<kw name="Title Should Be" library="SeleniumLibrary">
<doc>Verifies that the current page title equals ``title``.</doc>
<arguments>
<arg>${TITLE_DRESSES_SUMMER}</arg>
</arguments>
<msg timestamp="20200511 14:09:21.638" level="INFO">Page title is 'Summer Dresses - My Store'.</msg>
<status status="PASS" starttime="20200511 14:09:21.631" endtime="20200511 14:09:21.638"></status>
</kw>
<status status="PASS" starttime="20200511 14:09:04.317" endtime="20200511 14:09:21.638"></status>
</kw>
<kw name="Log" library="BuiltIn">
<doc>Logs the given message with the given level.</doc>
<arguments>
<arg>Step 3 - Select second subcategory on grid</arg>
</arguments>
<msg timestamp="20200511 14:09:21.639" level="INFO">Step 3 - Select second subcategory on grid</msg>
<status status="PASS" starttime="20200511 14:09:21.639" endtime="20200511 14:09:21.639"></status>
</kw>
<kw name="Summer Dresses: Select Item" library="Keywords">
<arguments>
<arg>[2]</arg>
</arguments>
<kw name="Catenate" library="BuiltIn">
<doc>Catenates the given items together and returns the resulted string.</doc>
<arguments>
<arg>SEPARATOR=</arg>
<arg>${mo_SummerDress_Item}</arg>
<arg>${grid_item}</arg>
</arguments>
<assign>
<var>${temp_locator}</var>
</assign>
<msg timestamp="20200511 14:09:21.640" level="INFO">${temp_locator} = (//div[@class="product-container"])[2]</msg>
<status status="PASS" starttime="20200511 14:09:21.640" endtime="20200511 14:09:21.640"></status>
</kw>
<kw name="Wait Until Element Is Visible" library="SeleniumLibrary">
<doc>Waits until the element ``locator`` is visible.</doc>
<arguments>
<arg>${temp_locator}</arg>
<arg>${WAIT_TIME}</arg>
</arguments>
<status status="PASS" starttime="20200511 14:09:21.640" endtime="20200511 14:09:21.662"></status>
</kw>
<kw name="Wait Until Element Is Visible" library="SeleniumLibrary">
<doc>Waits until the element ``locator`` is visible.</doc>
<arguments>
<arg>${btn_Compare}</arg>
</arguments>
<status status="PASS" starttime="20200511 14:09:21.663" endtime="20200511 14:09:21.686"></status>
</kw>
<kw name="Scroll Element Into View" library="SeleniumLibrary">
<doc>Scrolls the element identified by ``locator`` into view.</doc>
<arguments>
<arg>${temp_locator}</arg>
</arguments>
<status status="PASS" starttime="20200511 14:09:21.686" endtime="20200511 14:09:21.977"></status>
</kw>
<kw name="Mouse Over" library="SeleniumLibrary">
<doc>Simulates hovering the mouse over the element ``locator``.</doc>
<arguments>
<arg>${temp_locator}</arg>
</arguments>
<msg timestamp="20200511 14:09:21.978" level="INFO">Simulating Mouse Over on element '(//div[@class="product-container"])[2]'.</msg>
<status status="PASS" starttime="20200511 14:09:21.978" endtime="20200511 14:09:22.253"></status>
</kw>
<kw name="Catenate" library="BuiltIn">
<doc>Catenates the given items together and returns the resulted string.</doc>
<arguments>
<arg>SEPARATOR=</arg>
<arg>${btn_SummerDress_More}</arg>
<arg>${grid_item}</arg>
</arguments>
<assign>
<var>${temp_locator}</var>
</assign>
<msg timestamp="20200511 14:09:22.256" level="INFO">${temp_locator} = (//span[contains(text(),"More")])[2]</msg>
<status status="PASS" starttime="20200511 14:09:22.254" endtime="20200511 14:09:22.256"></status>
</kw>
<kw name="Wait Until Element Is Visible" library="SeleniumLibrary">
<doc>Waits until the element ``locator`` is visible.</doc>
<arguments>
<arg>${temp_locator}</arg>
<arg>${WAIT_TIME}</arg>
</arguments>
<status status="PASS" starttime="20200511 14:09:22.256" endtime="20200511 14:09:22.313"></status>
</kw>
<kw name="Click Element" library="SeleniumLibrary">
<doc>Click the element identified by ``locator``.</doc>
<arguments>
<arg>${temp_locator}</arg>
</arguments>
<msg timestamp="20200511 14:09:22.314" level="INFO">Clicking element '(//span[contains(text(),"More")])[2]'.</msg>
<status status="PASS" starttime="20200511 14:09:22.314" endtime="20200511 14:09:23.924"></status>
</kw>
<status status="PASS" starttime="20200511 14:09:21.640" endtime="20200511 14:09:23.925"></status>
</kw>
<kw name="Log" library="BuiltIn">
<doc>Logs the given message with the given level.</doc>
<arguments>
<arg>Step 4 - Add item to shopping cart</arg>
</arguments>
<msg timestamp="20200511 14:09:23.927" level="INFO">Step 4 - Add item to shopping cart</msg>
<status status="PASS" starttime="20200511 14:09:23.926" endtime="20200511 14:09:23.928"></status>
</kw>
<kw name="Add Item to Shopping Cart" library="Keywords">
<arguments>
<arg>1</arg>
<arg>S</arg>
<arg>${btn_Item_Color_White}</arg>
<arg>${btn_Proceed_Checkout}</arg>
</arguments>
<kw name="Wait Until Element Is Visible" library="SeleniumLibrary">
<doc>Waits until the element ``locator`` is visible.</doc>
<arguments>
<arg>${txt_Item_Qty}</arg>
<arg>${WAIT_TIME}</arg>
</arguments>
<status status="PASS" starttime="20200511 14:09:23.931" endtime="20200511 14:09:23.967"></status>
</kw>
<kw name="Wait Until Element Is Visible" library="SeleniumLibrary">
<doc>Waits until the element ``locator`` is visible.</doc>
<arguments>
<arg>${mo_Item_Size}</arg>
<arg>${WAIT_TIME}</arg>
</arguments>
<status status="PASS" starttime="20200511 14:09:23.968" endtime="20200511 14:09:23.991"></status>
</kw>
<kw name="Wait Until Element Is Visible" library="SeleniumLibrary">
<doc>Waits until the element ``locator`` is visible.</doc>
<arguments>
<arg>${color}</arg>
</arguments>
<status status="PASS" starttime="20200511 14:09:23.991" endtime="20200511 14:09:24.012"></status>
</kw>
<kw name="Scroll Element Into View" library="SeleniumLibrary">
<doc>Scrolls the element identified by ``locator`` into view.</doc>
<arguments>
<arg>${btn_Item_AddToCart}</arg>
</arguments>
<status status="PASS" starttime="20200511 14:09:24.012" endtime="20200511 14:09:24.283"></status>
</kw>
<kw name="Input Text" library="SeleniumLibrary">
<doc>Types the given ``text`` into the text field identified by ``locator``.</doc>
<arguments>
<arg>${txt_Item_Qty}</arg>
<arg>${qty}</arg>
</arguments>
<msg timestamp="20200511 14:09:24.286" level="INFO">Typing text '1' into text field 'id:quantity_wanted'.</msg>
<status status="PASS" starttime="20200511 14:09:24.284" endtime="20200511 14:09:24.337"></status>
</kw>
<kw name="Select From List By Label" library="SeleniumLibrary">
<doc>Selects options from selection list ``locator`` by ``labels``.</doc>
<arguments>
<arg>${lst_Item_Size}</arg>
<arg>${size}</arg>
</arguments>
<msg timestamp="20200511 14:09:24.338" level="INFO">Selecting options from selection list 'id:group_1' by label S.</msg>
<status status="PASS" starttime="20200511 14:09:24.338" endtime="20200511 14:09:24.361"></status>
</kw>
<kw name="Click Element" library="SeleniumLibrary">
<doc>Click the element identified by ``locator``.</doc>
<arguments>
<arg>${color}</arg>
</arguments>
<msg timestamp="20200511 14:09:24.362" level="INFO">Clicking element 'id:color_8'.</msg>
<status status="PASS" starttime="20200511 14:09:24.361" endtime="20200511 14:09:24.413"></status>
</kw>
<kw name="Wait Until Element Is Visible" library="SeleniumLibrary">
<doc>Waits until the element ``locator`` is visible.</doc>
<arguments>
<arg>${btn_Item_AddToCart}</arg>
<arg>${WAIT_TIME}</arg>
</arguments>
<status status="PASS" starttime="20200511 14:09:24.413" endtime="20200511 14:09:24.440"></status>
</kw>
<kw name="Click Element" library="SeleniumLibrary">
<doc>Click the element identified by ``locator``.</doc>
<arguments>
<arg>${btn_Item_AddToCart}</arg>
</arguments>
<msg timestamp="20200511 14:09:24.441" level="INFO">Clicking element '//span[contains(text(),'Add to cart')]'.</msg>
<status status="PASS" starttime="20200511 14:09:24.440" endtime="20200511 14:09:24.675"></status>
</kw>
<kw name="Wait Until Element Is Visible" library="SeleniumLibrary">
<doc>Waits until the element ``locator`` is visible.</doc>
<arguments>
<arg>${next_step}</arg>
<arg>${WAIT_TIME}</arg>
</arguments>
<status status="PASS" starttime="20200511 14:09:24.675" endtime="20200511 14:09:25.162"></status>
</kw>
<kw name="Click Element" library="SeleniumLibrary">
<doc>Click the element identified by ``locator``.</doc>
<arguments>
<arg>${next_step}</arg>
</arguments>
<msg timestamp="20200511 14:09:25.162" level="INFO">Clicking element '//span[contains(text(),'Proceed to checkout')]'.</msg>
<status status="PASS" starttime="20200511 14:09:25.162" endtime="20200511 14:09:26.457"></status>
</kw>
<status status="PASS" starttime="20200511 14:09:23.929" endtime="20200511 14:09:26.458"></status>
</kw>
<kw name="Log" library="BuiltIn">
<doc>Logs the given message with the given level.</doc>
<arguments>
<arg>Step 5 - Validate total amount is less than 50 USD</arg>
</arguments>
<msg timestamp="20200511 14:09:26.460" level="INFO">Step 5 - Validate total amount is less than 50 USD</msg>
<status status="PASS" starttime="20200511 14:09:26.459" endtime="20200511 14:09:26.460"></status>
</kw>
<kw name="Check Total Amount" library="Keywords">
<arguments>
<arg>LESS</arg>
<arg>50</arg>
</arguments>
<kw name="Wait Until Element Is Visible" library="SeleniumLibrary">
<doc>Waits until the element ``locator`` is visible.</doc>
<arguments>
<arg>${lbl_Tot_Amount}</arg>
<arg>${WAIT_TIME}</arg>
</arguments>
<status status="PASS" starttime="20200511 14:09:26.462" endtime="20200511 14:09:26.494"></status>
</kw>
<kw name="Get Text" library="SeleniumLibrary">
<doc>Returns the text value of the element identified by ``locator``.</doc>
<arguments>
<arg>${lbl_Tot_Amount}</arg>
</arguments>
<assign>
<var>${total amount}</var>
</assign>
<msg timestamp="20200511 14:09:26.510" level="INFO">${total amount} = $32.50</msg>
<status status="PASS" starttime="20200511 14:09:26.494" endtime="20200511 14:09:26.510"></status>
</kw>
<kw name="Remove String" library="String">
<doc>Removes all ``removables`` from the given ``string``.</doc>
<arguments>
<arg>${total amount}</arg>
<arg>$</arg>
</arguments>
<assign>
<var>${total amount}</var>
</assign>
<msg timestamp="20200511 14:09:26.510" level="INFO">${total amount} = 32.50</msg>
<status status="PASS" starttime="20200511 14:09:26.510" endtime="20200511 14:09:26.511"></status>
</kw>
<kw name="Convert To Number" library="BuiltIn">
<doc>Converts the given item to a floating point number.</doc>
<arguments>
<arg>${total amount}</arg>
</arguments>
<assign>
<var>${total amount}</var>
</assign>
<msg timestamp="20200511 14:09:26.511" level="INFO">${total amount} = 32.5</msg>
<status status="PASS" starttime="20200511 14:09:26.511" endtime="20200511 14:09:26.511"></status>
</kw>
<kw name="Run Keyword If" library="BuiltIn">
<doc>Runs the given keyword with the given arguments, if ``condition`` is true.</doc>
<arguments>
<arg>'${operation}' == 'LESS'</arg>
<arg>Should Be True</arg>
<arg>${total amount} &lt; ${exp_total_amount}</arg>
</arguments>
<kw name="Should Be True" library="BuiltIn">
<doc>Fails if the given condition is not true.</doc>
<arguments>
<arg>${total amount} &lt; ${exp_total_amount}</arg>
</arguments>
<status status="PASS" starttime="20200511 14:09:26.512" endtime="20200511 14:09:26.512"></status>
</kw>
<status status="PASS" starttime="20200511 14:09:26.511" endtime="20200511 14:09:26.512"></status>
</kw>
<kw name="Run Keyword If" library="BuiltIn">
<doc>Runs the given keyword with the given arguments, if ``condition`` is true.</doc>
<arguments>
<arg>'${operation}' == 'MORE'</arg>
<arg>Should Be True</arg>
<arg>${total amount} &gt; ${exp_total_amount}</arg>
</arguments>
<status status="PASS" starttime="20200511 14:09:26.512" endtime="20200511 14:09:26.512"></status>
</kw>
<status status="PASS" starttime="20200511 14:09:26.461" endtime="20200511 14:09:26.512"></status>
</kw>
<kw name="Log" library="BuiltIn">
<doc>Logs the given message with the given level.</doc>
<arguments>
<arg>Step 6 - Finalize order</arg>
</arguments>
<msg timestamp="20200511 14:09:26.513" level="INFO">Step 6 - Finalize order</msg>
<status status="PASS" starttime="20200511 14:09:26.513" endtime="20200511 14:09:26.514"></status>
</kw>
<kw name="Finalize the Order" library="Keywords">
<kw name="Proceed to Checkout" library="Keywords">
<kw name="Wait Until Element Is Visible" library="SeleniumLibrary">
<doc>Waits until the element ``locator`` is visible.</doc>
<arguments>
<arg>${btn_Shop_Cart_Proceed_Checkout}</arg>
</arguments>
<status status="PASS" starttime="20200511 14:09:26.515" endtime="20200511 14:09:26.535"></status>
</kw>
<kw name="Click Element" library="SeleniumLibrary">
<doc>Click the element identified by ``locator``.</doc>
<arguments>
<arg>${btn_Shop_Cart_Proceed_Checkout}</arg>
</arguments>
<msg timestamp="20200511 14:09:26.535" level="INFO">Clicking element '(//span[contains(text(),'Proceed to checkout')])[2]'.</msg>
<status status="PASS" starttime="20200511 14:09:26.535" endtime="20200511 14:09:27.861"></status>
</kw>
<kw name="Title Should Be" library="SeleniumLibrary">
<doc>Verifies that the current page title equals ``title``.</doc>
<arguments>
<arg>${TITLE_CART}</arg>
</arguments>
<msg timestamp="20200511 14:09:27.865" level="INFO">Page title is 'Order - My Store'.</msg>
<status status="PASS" starttime="20200511 14:09:27.861" endtime="20200511 14:09:27.866"></status>
</kw>
<kw name="Page Should Contain Element" library="SeleniumLibrary">
<doc>Verifies that element ``locator`` is found on the current page.</doc>
<arguments>
<arg>${lbl_Step3_Address}</arg>
</arguments>
<msg timestamp="20200511 14:09:27.878" level="INFO">Current page contains element '//li[@class="step_current third"]'.</msg>
<status status="PASS" starttime="20200511 14:09:27.867" endtime="20200511 14:09:27.878"></status>
</kw>
<status status="PASS" starttime="20200511 14:09:26.514" endtime="20200511 14:09:27.878"></status>
</kw>
<kw name="Check Address and Add Comments" library="Keywords">
<kw name="Wait Until Element Is Visible" library="SeleniumLibrary">
<doc>Waits until the element ``locator`` is visible.</doc>
<arguments>
<arg>${txt_Comments}</arg>
</arguments>
<status status="PASS" starttime="20200511 14:09:27.879" endtime="20200511 14:09:27.917"></status>
</kw>
<kw name="Input Text" library="SeleniumLibrary">
<doc>Types the given ``text`` into the text field identified by ``locator``.</doc>
<arguments>
<arg>${txt_Comments}</arg>
<arg>This is a comment for and order.</arg>
</arguments>
<msg timestamp="20200511 14:09:27.917" level="INFO">Typing text 'This is a comment for and order.' into text field '//textarea[@name='message']'.</msg>
<status status="PASS" starttime="20200511 14:09:27.917" endtime="20200511 14:09:27.969"></status>
</kw>
<kw name="Wait Until Element Is Visible" library="SeleniumLibrary">
<doc>Waits until the element ``locator`` is visible.</doc>
<arguments>
<arg>${btn_Shop_Cart_Proceed_Checkout}</arg>
</arguments>
<status status="PASS" starttime="20200511 14:09:27.970" endtime="20200511 14:09:28.036"></status>
</kw>
<kw name="Click Element" library="SeleniumLibrary">
<doc>Click the element identified by ``locator``.</doc>
<arguments>
<arg>${btn_Shop_Cart_Proceed_Checkout}</arg>
</arguments>
<msg timestamp="20200511 14:09:28.037" level="INFO">Clicking element '(//span[contains(text(),'Proceed to checkout')])[2]'.</msg>
<status status="PASS" starttime="20200511 14:09:28.037" endtime="20200511 14:09:29.071"></status>
</kw>
<kw name="Title Should Be" library="SeleniumLibrary">
<doc>Verifies that the current page title equals ``title``.</doc>
<arguments>
<arg>${TITLE_CART}</arg>
</arguments>
<msg timestamp="20200511 14:09:29.074" level="INFO">Page title is 'Order - My Store'.</msg>
<status status="PASS" starttime="20200511 14:09:29.071" endtime="20200511 14:09:29.074"></status>
</kw>
<kw name="Page Should Contain Element" library="SeleniumLibrary">
<doc>Verifies that element ``locator`` is found on the current page.</doc>
<arguments>
<arg>${lbl_Step4_Shipping}</arg>
</arguments>
<msg timestamp="20200511 14:09:29.093" level="INFO">Current page contains element '//li[@class="step_current four"]'.</msg>
<status status="PASS" starttime="20200511 14:09:29.074" endtime="20200511 14:09:29.094"></status>
</kw>
<status status="PASS" starttime="20200511 14:09:27.878" endtime="20200511 14:09:29.095"></status>
</kw>
<kw name="Shipping" library="Keywords">
<kw name="Wait Until Element Is Visible" library="SeleniumLibrary">
<doc>Waits until the element ``locator`` is visible.</doc>
<arguments>
<arg>${mo_Terms}</arg>
</arguments>
<status status="PASS" starttime="20200511 14:09:29.097" endtime="20200511 14:09:29.125"></status>
</kw>
<kw name="Select Checkbox" library="SeleniumLibrary">
<doc>Selects the checkbox identified by ``locator``.</doc>
<arguments>
<arg>${chk_Terms}</arg>
</arguments>
<msg timestamp="20200511 14:09:29.126" level="INFO">Selecting checkbox 'id:cgv'.</msg>
<status status="PASS" starttime="20200511 14:09:29.125" endtime="20200511 14:09:29.399"></status>
</kw>
<kw name="Wait Until Element Is Visible" library="SeleniumLibrary">
<doc>Waits until the element ``locator`` is visible.</doc>
<arguments>
<arg>${btn_Shop_Cart_Proceed_Checkout}</arg>
</arguments>
<status status="PASS" starttime="20200511 14:09:29.400" endtime="20200511 14:09:29.453"></status>
</kw>
<kw name="Click Element" library="SeleniumLibrary">
<doc>Click the element identified by ``locator``.</doc>
<arguments>
<arg>${btn_Shop_Cart_Proceed_Checkout}</arg>
</arguments>
<msg timestamp="20200511 14:09:29.454" level="INFO">Clicking element '(//span[contains(text(),'Proceed to checkout')])[2]'.</msg>
<status status="PASS" starttime="20200511 14:09:29.454" endtime="20200511 14:09:30.438"></status>
</kw>
<kw name="Page Should Contain Element" library="SeleniumLibrary">
<doc>Verifies that element ``locator`` is found on the current page.</doc>
<arguments>
<arg>${lbl_Step5_Payment}</arg>
</arguments>
<msg timestamp="20200511 14:09:30.445" level="INFO">Current page contains element '//li[@class="step_current last"]'.</msg>
<status status="PASS" starttime="20200511 14:09:30.438" endtime="20200511 14:09:30.445"></status>
</kw>
<status status="PASS" starttime="20200511 14:09:29.096" endtime="20200511 14:09:30.445"></status>
</kw>
<kw name="Select Payment Type" library="Keywords">
<kw name="Wait Until Element Is Visible" library="SeleniumLibrary">
<doc>Waits until the element ``locator`` is visible.</doc>
<arguments>
<arg>${btn_Pay_Bank_Wire}</arg>
</arguments>
<status status="PASS" starttime="20200511 14:09:30.446" endtime="20200511 14:09:30.476"></status>
</kw>
<kw name="Click Element" library="SeleniumLibrary">
<doc>Click the element identified by ``locator``.</doc>
<arguments>
<arg>${btn_Pay_Bank_Wire}</arg>
</arguments>
<msg timestamp="20200511 14:09:30.477" level="INFO">Clicking element '//a[@class='bankwire']'.</msg>
<status status="PASS" starttime="20200511 14:09:30.476" endtime="20200511 14:09:31.352"></status>
</kw>
<status status="PASS" starttime="20200511 14:09:30.445" endtime="20200511 14:09:31.352"></status>
</kw>
<kw name="Confirm the Order" library="Keywords">
<kw name="Wait Until Element Is Visible" library="SeleniumLibrary">
<doc>Waits until the element ``locator`` is visible.</doc>
<arguments>
<arg>${btn_Confirm_My_Order}</arg>
</arguments>
<status status="PASS" starttime="20200511 14:09:31.353" endtime="20200511 14:09:31.388"></status>
</kw>
<kw name="Click Element" library="SeleniumLibrary">
<doc>Click the element identified by ``locator``.</doc>
<arguments>
<arg>${btn_Confirm_My_Order}</arg>
</arguments>
<msg timestamp="20200511 14:09:31.389" level="INFO">Clicking element '//span[contains(text(),'I confirm my order')]'.</msg>
<status status="PASS" starttime="20200511 14:09:31.389" endtime="20200511 14:09:33.685"></status>
</kw>
<kw name="Page Should Contain Element" library="SeleniumLibrary">
<doc>Verifies that element ``locator`` is found on the current page.</doc>
<arguments>
<arg>${lbl_Order_Confirmation}</arg>
</arguments>
<msg timestamp="20200511 14:09:33.704" level="INFO">Current page contains element '//strong[contains(text(),'Your order on My Store is complete.')]'.</msg>
<status status="PASS" starttime="20200511 14:09:33.685" endtime="20200511 14:09:33.705"></status>
</kw>
<kw name="Title Should Be" library="SeleniumLibrary">
<doc>Verifies that the current page title equals ``title``.</doc>
<arguments>
<arg>${TITLE_ORDER_CONFIRMATION}</arg>
</arguments>
<msg timestamp="20200511 14:09:33.708" level="INFO">Page title is 'Order confirmation - My Store'.</msg>
<status status="PASS" starttime="20200511 14:09:33.705" endtime="20200511 14:09:33.708"></status>
</kw>
<status status="PASS" starttime="20200511 14:09:31.353" endtime="20200511 14:09:33.708"></status>
</kw>
<status status="PASS" starttime="20200511 14:09:26.514" endtime="20200511 14:09:33.708"></status>
</kw>
<kw name="Finish Test" library="Keywords" type="teardown">
<kw name="Sleep" library="BuiltIn">
<doc>Pauses the test executed for the given time.</doc>
<arguments>
<arg>5 seconds</arg>
</arguments>
<msg timestamp="20200511 14:09:38.710" level="INFO">Slept 5 seconds</msg>
<status status="PASS" starttime="20200511 14:09:33.709" endtime="20200511 14:09:38.710"></status>
</kw>
<kw name="Sign Out" library="Keywords">
<kw name="Wait Until Element Is Visible" library="SeleniumLibrary">
<doc>Waits until the element ``locator`` is visible.</doc>
<arguments>
<arg>${btn_MyAcct_Logout}</arg>
<arg>${WAIT_TIME}</arg>
</arguments>
<status status="PASS" starttime="20200511 14:09:38.712" endtime="20200511 14:09:38.770"></status>
</kw>
<kw name="Click Element" library="SeleniumLibrary">
<doc>Click the element identified by ``locator``.</doc>
<arguments>
<arg>${btn_MyAcct_Logout}</arg>
</arguments>
<msg timestamp="20200511 14:09:38.770" level="INFO">Clicking element '//a[@class='logout']'.</msg>
<status status="PASS" starttime="20200511 14:09:38.770" endtime="20200511 14:09:41.573"></status>
</kw>
<kw name="Title Should Be" library="SeleniumLibrary">
<doc>Verifies that the current page title equals ``title``.</doc>
<arguments>
<arg>${TITLE_LOGIN}</arg>
</arguments>
<msg timestamp="20200511 14:09:41.575" level="INFO">Page title is 'Login - My Store'.</msg>
<status status="PASS" starttime="20200511 14:09:41.573" endtime="20200511 14:09:41.575"></status>
</kw>
<kw name="Sleep" library="BuiltIn">
<doc>Pauses the test executed for the given time.</doc>
<arguments>
<arg>3</arg>
</arguments>
<msg timestamp="20200511 14:09:44.578" level="INFO">Slept 3 seconds</msg>
<status status="PASS" starttime="20200511 14:09:41.576" endtime="20200511 14:09:44.578"></status>
</kw>
<status status="PASS" starttime="20200511 14:09:38.711" endtime="20200511 14:09:44.579"></status>
</kw>
<kw name="Close Browser" library="SeleniumLibrary">
<doc>Closes the current browser.</doc>
<status status="PASS" starttime="20200511 14:09:44.579" endtime="20200511 14:09:45.881"></status>
</kw>
<status status="PASS" starttime="20200511 14:09:33.709" endtime="20200511 14:09:45.882"></status>
</kw>
<doc>Login with an existing user
Add one item to shopping cart
Validate total amount is less than 50 USD</doc>
<tags>
<tag>Functional</tag>
<tag>Login</tag>
</tags>
<status status="PASS" starttime="20200511 14:08:45.001" endtime="20200511 14:09:45.883" critical="yes"></status>
</test>
<test id="s1-t2" name="TC02 Login, add two different items to shopping cart and validate total amount is over 50 USD">
<kw name="Start Test" library="Keywords" type="setup">
<kw name="Generate Random String" library="String">
<doc>Generates a string with a desired ``length`` from the given ``chars``.</doc>
<arguments>
<arg>10</arg>
<arg>[LOWER]</arg>
</arguments>
<assign>
<var>${FIRST NAME}</var>
</assign>
<msg timestamp="20200511 14:09:45.886" level="INFO">${FIRST NAME} = ayfhbgcwfd</msg>
<status status="PASS" starttime="20200511 14:09:45.886" endtime="20200511 14:09:45.886"></status>
</kw>
<kw name="Generate Random String" library="String">
<doc>Generates a string with a desired ``length`` from the given ``chars``.</doc>
<arguments>
<arg>12</arg>
<arg>[LOWER]</arg>
</arguments>
<assign>
<var>${LAST NAME}</var>
</assign>
<msg timestamp="20200511 14:09:45.886" level="INFO">${LAST NAME} = cmcnvznufxnl</msg>
<status status="PASS" starttime="20200511 14:09:45.886" endtime="20200511 14:09:45.886"></status>
</kw>
<kw name="Generate Random String" library="String">
<doc>Generates a string with a desired ``length`` from the given ``chars``.</doc>
<arguments>
<arg>5</arg>
<arg>[NUMBERS]</arg>
</arguments>
<assign>
<var>${ZIP CODE}</var>
</assign>
<msg timestamp="20200511 14:09:45.887" level="INFO">${ZIP CODE} = 30336</msg>
<status status="PASS" starttime="20200511 14:09:45.886" endtime="20200511 14:09:45.887"></status>
</kw>
<kw name="Generate Random String" library="String">
<doc>Generates a string with a desired ``length`` from the given ``chars``.</doc>
<arguments>
<arg>10</arg>
<arg>[NUMBERS]</arg>
</arguments>
<assign>
<var>${PHONE}</var>
</assign>
<msg timestamp="20200511 14:09:45.887" level="INFO">${PHONE} = 0203349283</msg>
<status status="PASS" starttime="20200511 14:09:45.887" endtime="20200511 14:09:45.887"></status>
</kw>
<kw name="Set Test Variable" library="BuiltIn">
<doc>Makes a variable available everywhere within the scope of the current test.</doc>
<arguments>
<arg>${FIRST NAME}</arg>
</arguments>
<msg timestamp="20200511 14:09:45.888" level="INFO">${FIRST NAME} = ayfhbgcwfd</msg>
<status status="PASS" starttime="20200511 14:09:45.887" endtime="20200511 14:09:45.888"></status>
</kw>
<kw name="Set Test Variable" library="BuiltIn">
<doc>Makes a variable available everywhere within the scope of the current test.</doc>
<arguments>
<arg>${LAST NAME}</arg>
</arguments>
<msg timestamp="20200511 14:09:45.888" level="INFO">${LAST NAME} = cmcnvznufxnl</msg>
<status status="PASS" starttime="20200511 14:09:45.888" endtime="20200511 14:09:45.888"></status>
</kw>
<kw name="Set Test Variable" library="BuiltIn">
<doc>Makes a variable available everywhere within the scope of the current test.</doc>
<arguments>
<arg>${ZIP CODE}</arg>
</arguments>
<msg timestamp="20200511 14:09:45.889" level="INFO">${ZIP CODE} = 30336</msg>
<status status="PASS" starttime="20200511 14:09:45.888" endtime="20200511 14:09:45.889"></status>
</kw>
<kw name="Set Test Variable" library="BuiltIn">
<doc>Makes a variable available everywhere within the scope of the current test.</doc>
<arguments>
<arg>${PHONE}</arg>
</arguments>
<msg timestamp="20200511 14:09:45.889" level="INFO">${PHONE} = 0203349283</msg>
<status status="PASS" starttime="20200511 14:09:45.889" endtime="20200511 14:09:45.889"></status>
</kw>
<status status="PASS" starttime="20200511 14:09:45.885" endtime="20200511 14:09:45.889"></status>
</kw>
<kw name="Set Screenshot Directory" library="SeleniumLibrary">
<doc>Sets the directory for captured screenshots.</doc>
<arguments>
<arg>../Reports/screenshots/main/tc02</arg>
</arguments>
<status status="PASS" starttime="20200511 14:09:45.890" endtime="20200511 14:09:45.890"></status>
</kw>
<kw name="Log" library="BuiltIn">
<doc>Logs the given message with the given level.</doc>
<arguments>
<arg>Step 1 - Open home page and sing-in</arg>
</arguments>
<msg timestamp="20200511 14:09:45.891" level="INFO">Step 1 - Open home page and sing-in</msg>
<status status="PASS" starttime="20200511 14:09:45.891" endtime="20200511 14:09:45.891"></status>
</kw>
<kw name="Open Home Page" library="Keywords">
<kw name="Open Browser" library="SeleniumLibrary">
<doc>Opens a new browser instance to the optional ``url``.</doc>
<arguments>
<arg>${HOME PAGE URL}</arg>
<arg>${BROWSER}</arg>
</arguments>
<msg timestamp="20200511 14:09:45.892" level="INFO">Opening browser 'firefox' to base url 'http://automationpractice.com/index.php'.</msg>
<msg timestamp="20200511 14:09:45.893" level="INFO">Firefox driver log is always forced to to: C:\Users\hgouveadepaula\PycharmProjects\RobotTask\Reports\screenshots\main\win\geckodriver-2.log</msg>
<status status="PASS" starttime="20200511 14:09:45.892" endtime="20200511 14:09:56.504"></status>
</kw>
<kw name="Maximize Browser Window" library="SeleniumLibrary">
<doc>Maximizes current browser window.</doc>
<status status="PASS" starttime="20200511 14:09:56.505" endtime="20200511 14:09:56.768"></status>
</kw>
<kw name="Title Should Be" library="SeleniumLibrary">
<doc>Verifies that the current page title equals ``title``.</doc>
<arguments>
<arg>${TITLE_HOMEPAGE}</arg>
</arguments>
<msg timestamp="20200511 14:09:56.774" level="INFO">Page title is 'My Store'.</msg>
<status status="PASS" starttime="20200511 14:09:56.769" endtime="20200511 14:09:56.775"></status>
</kw>
<status status="PASS" starttime="20200511 14:09:45.892" endtime="20200511 14:09:56.775"></status>
</kw>
<kw name="Go To Login Page" library="Keywords">
<kw name="Wait Until Element Is Visible" library="SeleniumLibrary">
<doc>Waits until the element ``locator`` is visible.</doc>
<arguments>
<arg>${btn_SignIn}</arg>
<arg>${WAIT_TIME}</arg>
</arguments>
<status status="PASS" starttime="20200511 14:09:56.778" endtime="20200511 14:09:56.816"></status>
</kw>
<kw name="Click Element" library="SeleniumLibrary">
<doc>Click the element identified by ``locator``.</doc>
<arguments>
<arg>${btn_SignIn}</arg>
</arguments>
<msg timestamp="20200511 14:09:56.816" level="INFO">Clicking element 'css=.login'.</msg>
<status status="PASS" starttime="20200511 14:09:56.816" endtime="20200511 14:09:58.582"></status>
</kw>
<kw name="Title Should Be" library="SeleniumLibrary">
<doc>Verifies that the current page title equals ``title``.</doc>
<arguments>
<arg>${TITLE_LOGIN}</arg>
</arguments>
<msg timestamp="20200511 14:09:58.586" level="INFO">Page title is 'Login - My Store'.</msg>
<status status="PASS" starttime="20200511 14:09:58.582" endtime="20200511 14:09:58.586"></status>
</kw>
<status status="PASS" starttime="20200511 14:09:56.777" endtime="20200511 14:09:58.586"></status>
</kw>
<kw name="Sign In" library="Keywords">
<kw name="Wait Until Element Is Visible" library="SeleniumLibrary">
<doc>Waits until the element ``locator`` is visible.</doc>
<arguments>
<arg>${txt_EmailLogin}</arg>
</arguments>
<status status="PASS" starttime="20200511 14:09:58.587" endtime="20200511 14:09:58.619"></status>
</kw>
<kw name="Wait Until Element Is Visible" library="SeleniumLibrary">
<doc>Waits until the element ``locator`` is visible.</doc>
<arguments>
<arg>${txt_Password}</arg>
</arguments>
<status status="PASS" starttime="20200511 14:09:58.619" endtime="20200511 14:09:58.661"></status>
</kw>
<kw name="Wait Until Element Is Visible" library="SeleniumLibrary">
<doc>Waits until the element ``locator`` is visible.</doc>
<arguments>
<arg>${btn_Login}</arg>
</arguments>
<status status="PASS" starttime="20200511 14:09:58.662" endtime="20200511 14:09:58.689"></status>
</kw>
<kw name="Input Text" library="SeleniumLibrary">
<doc>Types the given ``text`` into the text field identified by ``locator``.</doc>
<arguments>
<arg>${txt_EmailLogin}</arg>
<arg>${EMAIL}</arg>
</arguments>
<msg timestamp="20200511 14:09:58.690" level="INFO">Typing text 'tqmtlzci@oisnjaxw.com' into text field 'id:email'.</msg>
<status status="PASS" starttime="20200511 14:09:58.689" endtime="20200511 14:09:58.754"></status>
</kw>
<kw name="Input Text" library="SeleniumLibrary">
<doc>Types the given ``text`` into the text field identified by ``locator``.</doc>
<arguments>
<arg>${txt_Password}</arg>
<arg>${PASSWORD}</arg>
</arguments>
<msg timestamp="20200511 14:09:58.755" level="INFO">Typing text 'aqlnlgkmdr' into text field 'id:passwd'.</msg>
<status status="PASS" starttime="20200511 14:09:58.754" endtime="20200511 14:09:58.813"></status>
</kw>
<kw name="Click Button" library="SeleniumLibrary">
<doc>Clicks the button identified by ``locator``.</doc>
<arguments>
<arg>${btn_Login}</arg>
</arguments>
<msg timestamp="20200511 14:09:58.813" level="INFO">Clicking button 'id:SubmitLogin'.</msg>
<status status="PASS" starttime="20200511 14:09:58.813" endtime="20200511 14:10:01.002"></status>
</kw>
<kw name="Title Should Be" library="SeleniumLibrary">
<doc>Verifies that the current page title equals ``title``.</doc>
<arguments>
<arg>${TITLE_MY_ACCT}</arg>
</arguments>
<msg timestamp="20200511 14:10:01.005" level="INFO">Page title is 'My account - My Store'.</msg>
<status status="PASS" starttime="20200511 14:10:01.002" endtime="20200511 14:10:01.006"></status>
</kw>
<status status="PASS" starttime="20200511 14:09:58.587" endtime="20200511 14:10:01.006"></status>
</kw>
<kw name="Log" library="BuiltIn">
<doc>Logs the given message with the given level.</doc>
<arguments>
<arg>Step 2 - Select Dresses/Summer Dresses category</arg>
</arguments>
<msg timestamp="20200511 14:10:01.006" level="INFO">Step 2 - Select Dresses/Summer Dresses category</msg>
<status status="PASS" starttime="20200511 14:10:01.006" endtime="20200511 14:10:01.006"></status>
</kw>
<kw name="Select Category Dresses - Summer Dresses" library="Keywords">
<kw name="Wait Until Element Is Visible" library="SeleniumLibrary">
<doc>Waits until the element ``locator`` is visible.</doc>
<arguments>
<arg>${btn_Category_Dresses}</arg>
<arg>${WAIT_TIME}</arg>
</arguments>
<status status="PASS" starttime="20200511 14:10:01.007" endtime="20200511 14:10:01.040"></status>
</kw>
<kw name="Click Element" library="SeleniumLibrary">
<doc>Click the element identified by ``locator``.</doc>
<arguments>
<arg>${btn_Category_Dresses}</arg>
</arguments>
<msg timestamp="20200511 14:10:01.041" level="INFO">Clicking element '(//a[@class="sf-with-ul" and @title="Dresses"])[2]'.</msg>
<status status="PASS" starttime="20200511 14:10:01.040" endtime="20200511 14:10:03.238"></status>
</kw>
<kw name="Title Should Be" library="SeleniumLibrary">
<doc>Verifies that the current page title equals ``title``.</doc>
<arguments>
<arg>${TITLE_DRESSES}</arg>
</arguments>
<msg timestamp="20200511 14:10:03.241" level="INFO">Page title is 'Dresses - My Store'.</msg>
<status status="PASS" starttime="20200511 14:10:03.238" endtime="20200511 14:10:03.241"></status>
</kw>
<kw name="Wait Until Element Is Visible" library="SeleniumLibrary">
<doc>Waits until the element ``locator`` is visible.</doc>
<arguments>
<arg>${btn_Category_Dre_SumDresses}</arg>
<arg>${WAIT_TIME}</arg>
</arguments>
<status status="PASS" starttime="20200511 14:10:03.241" endtime="20200511 14:10:03.276"></status>
</kw>
<kw name="Click Element" library="SeleniumLibrary">
<doc>Click the element identified by ``locator``.</doc>
<arguments>
<arg>${btn_Category_Dre_SumDresses}</arg>
</arguments>
<msg timestamp="20200511 14:10:03.277" level="INFO">Clicking element '//a[@class='subcategory-name'][contains(text(),'Summer Dresses')]'.</msg>
<status status="PASS" starttime="20200511 14:10:03.276" endtime="20200511 14:10:05.551"></status>
</kw>
<kw name="Title Should Be" library="SeleniumLibrary">
<doc>Verifies that the current page title equals ``title``.</doc>
<arguments>
<arg>${TITLE_DRESSES_SUMMER}</arg>
</arguments>
<msg timestamp="20200511 14:10:05.560" level="INFO">Page title is 'Summer Dresses - My Store'.</msg>
<status status="PASS" starttime="20200511 14:10:05.551" endtime="20200511 14:10:05.561"></status>
</kw>
<status status="PASS" starttime="20200511 14:10:01.006" endtime="20200511 14:10:05.561"></status>
</kw>
<kw name="Log" library="BuiltIn">
<doc>Logs the given message with the given level.</doc>
<arguments>
<arg>Step 3 - Select second subcategory on grid</arg>
</arguments>
<msg timestamp="20200511 14:10:05.564" level="INFO">Step 3 - Select second subcategory on grid</msg>
<status status="PASS" starttime="20200511 14:10:05.563" endtime="20200511 14:10:05.564"></status>
</kw>
<kw name="Summer Dresses: Select Item" library="Keywords">
<arguments>
<arg>[2]</arg>
</arguments>
<kw name="Catenate" library="BuiltIn">
<doc>Catenates the given items together and returns the resulted string.</doc>
<arguments>
<arg>SEPARATOR=</arg>
<arg>${mo_SummerDress_Item}</arg>
<arg>${grid_item}</arg>
</arguments>
<assign>
<var>${temp_locator}</var>
</assign>
<msg timestamp="20200511 14:10:05.569" level="INFO">${temp_locator} = (//div[@class="product-container"])[2]</msg>
<status status="PASS" starttime="20200511 14:10:05.568" endtime="20200511 14:10:05.569"></status>
</kw>
<kw name="Wait Until Element Is Visible" library="SeleniumLibrary">
<doc>Waits until the element ``locator`` is visible.</doc>
<arguments>
<arg>${temp_locator}</arg>
<arg>${WAIT_TIME}</arg>
</arguments>
<status status="PASS" starttime="20200511 14:10:05.569" endtime="20200511 14:10:05.601"></status>
</kw>
<kw name="Wait Until Element Is Visible" library="SeleniumLibrary">
<doc>Waits until the element ``locator`` is visible.</doc>
<arguments>
<arg>${btn_Compare}</arg>
</arguments>
<status status="PASS" starttime="20200511 14:10:05.601" endtime="20200511 14:10:05.621"></status>
</kw>
<kw name="Scroll Element Into View" library="SeleniumLibrary">
<doc>Scrolls the element identified by ``locator`` into view.</doc>
<arguments>
<arg>${temp_locator}</arg>
</arguments>
<status status="PASS" starttime="20200511 14:10:05.621" endtime="20200511 14:10:05.908"></status>
</kw>
<kw name="Mouse Over" library="SeleniumLibrary">
<doc>Simulates hovering the mouse over the element ``locator``.</doc>
<arguments>
<arg>${temp_locator}</arg>
</arguments>
<msg timestamp="20200511 14:10:05.909" level="INFO">Simulating Mouse Over on element '(//div[@class="product-container"])[2]'.</msg>
<status status="PASS" starttime="20200511 14:10:05.909" endtime="20200511 14:10:06.177"></status>
</kw>
<kw name="Catenate" library="BuiltIn">
<doc>Catenates the given items together and returns the resulted string.</doc>
<arguments>
<arg>SEPARATOR=</arg>
<arg>${btn_SummerDress_More}</arg>
<arg>${grid_item}</arg>
</arguments>
<assign>
<var>${temp_locator}</var>
</assign>
<msg timestamp="20200511 14:10:06.179" level="INFO">${temp_locator} = (//span[contains(text(),"More")])[2]</msg>
<status status="PASS" starttime="20200511 14:10:06.178" endtime="20200511 14:10:06.179"></status>
</kw>
<kw name="Wait Until Element Is Visible" library="SeleniumLibrary">
<doc>Waits until the element ``locator`` is visible.</doc>
<arguments>
<arg>${temp_locator}</arg>
<arg>${WAIT_TIME}</arg>
</arguments>
<status status="PASS" starttime="20200511 14:10:06.180" endtime="20200511 14:10:06.229"></status>
</kw>
<kw name="Click Element" library="SeleniumLibrary">
<doc>Click the element identified by ``locator``.</doc>
<arguments>
<arg>${temp_locator}</arg>
</arguments>
<msg timestamp="20200511 14:10:06.229" level="INFO">Clicking element '(//span[contains(text(),"More")])[2]'.</msg>
<status status="PASS" starttime="20200511 14:10:06.229" endtime="20200511 14:10:08.076"></status>
</kw>
<status status="PASS" starttime="20200511 14:10:05.566" endtime="20200511 14:10:08.076"></status>
</kw>
<kw name="Log" library="BuiltIn">
<doc>Logs the given message with the given level.</doc>
<arguments>
<arg>Step 4 - Add two different sizes and colors items to shopping cart</arg>
</arguments>
<msg timestamp="20200511 14:10:08.079" level="INFO">Step 4 - Add two different sizes and colors items to shopping cart</msg>
<status status="PASS" starttime="20200511 14:10:08.078" endtime="20200511 14:10:08.080"></status>
</kw>
<kw name="Add Item to Shopping Cart" library="Keywords">
<arguments>
<arg>1</arg>
<arg>S</arg>
<arg>${btn_Item_Color_White}</arg>
<arg>${btn_Continue_Shopping}</arg>
</arguments>
<kw name="Wait Until Element Is Visible" library="SeleniumLibrary">
<doc>Waits until the element ``locator`` is visible.</doc>
<arguments>
<arg>${txt_Item_Qty}</arg>
<arg>${WAIT_TIME}</arg>
</arguments>
<status status="PASS" starttime="20200511 14:10:08.083" endtime="20200511 14:10:08.121"></status>
</kw>
<kw name="Wait Until Element Is Visible" library="SeleniumLibrary">
<doc>Waits until the element ``locator`` is visible.</doc>
<arguments>
<arg>${mo_Item_Size}</arg>
<arg>${WAIT_TIME}</arg>
</arguments>
<status status="PASS" starttime="20200511 14:10:08.121" endtime="20200511 14:10:08.143"></status>
</kw>
<kw name="Wait Until Element Is Visible" library="SeleniumLibrary">
<doc>Waits until the element ``locator`` is visible.</doc>
<arguments>
<arg>${color}</arg>
</arguments>
<status status="PASS" starttime="20200511 14:10:08.144" endtime="20200511 14:10:08.164"></status>
</kw>
<kw name="Scroll Element Into View" library="SeleniumLibrary">
<doc>Scrolls the element identified by ``locator`` into view.</doc>
<arguments>
<arg>${btn_Item_AddToCart}</arg>
</arguments>
<status status="PASS" starttime="20200511 14:10:08.164" endtime="20200511 14:10:08.436"></status>
</kw>
<kw name="Input Text" library="SeleniumLibrary">
<doc>Types the given ``text`` into the text field identified by ``locator``.</doc>
<arguments>
<arg>${txt_Item_Qty}</arg>
<arg>${qty}</arg>
</arguments>
<msg timestamp="20200511 14:10:08.437" level="INFO">Typing text '1' into text field 'id:quantity_wanted'.</msg>
<status status="PASS" starttime="20200511 14:10:08.436" endtime="20200511 14:10:08.497"></status>
</kw>
<kw name="Select From List By Label" library="SeleniumLibrary">
<doc>Selects options from selection list ``locator`` by ``labels``.</doc>
<arguments>
<arg>${lst_Item_Size}</arg>
<arg>${size}</arg>
</arguments>
<msg timestamp="20200511 14:10:08.497" level="INFO">Selecting options from selection list 'id:group_1' by label S.</msg>
<status status="PASS" starttime="20200511 14:10:08.497" endtime="20200511 14:10:08.525"></status>
</kw>
<kw name="Click Element" library="SeleniumLibrary">
<doc>Click the element identified by ``locator``.</doc>
<arguments>
<arg>${color}</arg>
</arguments>
<msg timestamp="20200511 14:10:08.526" level="INFO">Clicking element 'id:color_8'.</msg>
<status status="PASS" starttime="20200511 14:10:08.525" endtime="20200511 14:10:08.585"></status>
</kw>
<kw name="Wait Until Element Is Visible" library="SeleniumLibrary">
<doc>Waits until the element ``locator`` is visible.</doc>
<arguments>
<arg>${btn_Item_AddToCart}</arg>
<arg>${WAIT_TIME}</arg>
</arguments>
<status status="PASS" starttime="20200511 14:10:08.585" endtime="20200511 14:10:08.615"></status>
</kw>
<kw name="Click Element" library="SeleniumLibrary">
<doc>Click the element identified by ``locator``.</doc>
<arguments>
<arg>${btn_Item_AddToCart}</arg>
</arguments>
<msg timestamp="20200511 14:10:08.616" level="INFO">Clicking element '//span[contains(text(),'Add to cart')]'.</msg>
<status status="PASS" starttime="20200511 14:10:08.615" endtime="20200511 14:10:08.851"></status>
</kw>
<kw name="Wait Until Element Is Visible" library="SeleniumLibrary">
<doc>Waits until the element ``locator`` is visible.</doc>
<arguments>
<arg>${next_step}</arg>
<arg>${WAIT_TIME}</arg>
</arguments>
<status status="PASS" starttime="20200511 14:10:08.851" endtime="20200511 14:10:09.565"></status>
</kw>
<kw name="Click Element" library="SeleniumLibrary">
<doc>Click the element identified by ``locator``.</doc>
<arguments>
<arg>${next_step}</arg>
</arguments>
<msg timestamp="20200511 14:10:09.565" level="INFO">Clicking element '//span[@class='continue btn btn-default button exclusive-medium']//span[1]'.</msg>
<status status="PASS" starttime="20200511 14:10:09.565" endtime="20200511 14:10:09.799"></status>
</kw>
<status status="PASS" starttime="20200511 14:10:08.081" endtime="20200511 14:10:09.799"></status>
</kw>
<kw name="Add Item to Shopping Cart" library="Keywords">
<arguments>
<arg>1</arg>
<arg>L</arg>
<arg>${btn_Item_Color_Yellow}</arg>
<arg>${btn_Proceed_Checkout}</arg>
</arguments>
<kw name="Wait Until Element Is Visible" library="SeleniumLibrary">
<doc>Waits until the element ``locator`` is visible.</doc>
<arguments>
<arg>${txt_Item_Qty}</arg>
<arg>${WAIT_TIME}</arg>
</arguments>
<status status="PASS" starttime="20200511 14:10:09.801" endtime="20200511 14:10:09.853"></status>
</kw>
<kw name="Wait Until Element Is Visible" library="SeleniumLibrary">
<doc>Waits until the element ``locator`` is visible.</doc>
<arguments>
<arg>${mo_Item_Size}</arg>
<arg>${WAIT_TIME}</arg>
</arguments>
<status status="PASS" starttime="20200511 14:10:09.853" endtime="20200511 14:10:09.875"></status>
</kw>
<kw name="Wait Until Element Is Visible" library="SeleniumLibrary">
<doc>Waits until the element ``locator`` is visible.</doc>
<arguments>
<arg>${color}</arg>
</arguments>
<status status="PASS" starttime="20200511 14:10:09.876" endtime="20200511 14:10:09.902"></status>
</kw>
<kw name="Scroll Element Into View" library="SeleniumLibrary">
<doc>Scrolls the element identified by ``locator`` into view.</doc>
<arguments>
<arg>${btn_Item_AddToCart}</arg>
</arguments>
<status status="PASS" starttime="20200511 14:10:09.902" endtime="20200511 14:10:10.170"></status>
</kw>
<kw name="Input Text" library="SeleniumLibrary">
<doc>Types the given ``text`` into the text field identified by ``locator``.</doc>
<arguments>
<arg>${txt_Item_Qty}</arg>
<arg>${qty}</arg>
</arguments>
<msg timestamp="20200511 14:10:10.171" level="INFO">Typing text '1' into text field 'id:quantity_wanted'.</msg>
<status status="PASS" starttime="20200511 14:10:10.170" endtime="20200511 14:10:10.228"></status>
</kw>
<kw name="Select From List By Label" library="SeleniumLibrary">
<doc>Selects options from selection list ``locator`` by ``labels``.</doc>
<arguments>
<arg>${lst_Item_Size}</arg>
<arg>${size}</arg>
</arguments>
<msg timestamp="20200511 14:10:10.228" level="INFO">Selecting options from selection list 'id:group_1' by label L.</msg>
<status status="PASS" starttime="20200511 14:10:10.228" endtime="20200511 14:10:10.289"></status>
</kw>
<kw name="Click Element" library="SeleniumLibrary">
<doc>Click the element identified by ``locator``.</doc>
<arguments>
<arg>${color}</arg>
</arguments>
<msg timestamp="20200511 14:10:10.289" level="INFO">Clicking element 'id:color_16'.</msg>
<status status="PASS" starttime="20200511 14:10:10.289" endtime="20200511 14:10:10.348"></status>
</kw>
<kw name="Wait Until Element Is Visible" library="SeleniumLibrary">
<doc>Waits until the element ``locator`` is visible.</doc>
<arguments>
<arg>${btn_Item_AddToCart}</arg>
<arg>${WAIT_TIME}</arg>
</arguments>
<status status="PASS" starttime="20200511 14:10:10.348" endtime="20200511 14:10:10.370"></status>
</kw>
<kw name="Click Element" library="SeleniumLibrary">
<doc>Click the element identified by ``locator``.</doc>
<arguments>
<arg>${btn_Item_AddToCart}</arg>
</arguments>
<msg timestamp="20200511 14:10:10.371" level="INFO">Clicking element '//span[contains(text(),'Add to cart')]'.</msg>
<status status="PASS" starttime="20200511 14:10:10.370" endtime="20200511 14:10:10.616"></status>
</kw>
<kw name="Wait Until Element Is Visible" library="SeleniumLibrary">
<doc>Waits until the element ``locator`` is visible.</doc>
<arguments>
<arg>${next_step}</arg>
<arg>${WAIT_TIME}</arg>
</arguments>
<status status="PASS" starttime="20200511 14:10:10.616" endtime="20200511 14:10:11.304"></status>
</kw>
<kw name="Click Element" library="SeleniumLibrary">
<doc>Click the element identified by ``locator``.</doc>
<arguments>
<arg>${next_step}</arg>
</arguments>
<msg timestamp="20200511 14:10:11.305" level="INFO">Clicking element '//span[contains(text(),'Proceed to checkout')]'.</msg>
<status status="PASS" starttime="20200511 14:10:11.305" endtime="20200511 14:10:12.853"></status>
</kw>
<status status="PASS" starttime="20200511 14:10:09.800" endtime="20200511 14:10:12.853"></status>
</kw>
<kw name="Log" library="BuiltIn">
<doc>Logs the given message with the given level.</doc>
<arguments>
<arg>Step 5 - Validate total amount is greater than 50 USD</arg>
</arguments>
<msg timestamp="20200511 14:10:12.854" level="INFO">Step 5 - Validate total amount is greater than 50 USD</msg>
<status status="PASS" starttime="20200511 14:10:12.854" endtime="20200511 14:10:12.855"></status>
</kw>
<kw name="Check Total Amount" library="Keywords">
<arguments>
<arg>MORE</arg>
<arg>50</arg>
</arguments>
<kw name="Wait Until Element Is Visible" library="SeleniumLibrary">
<doc>Waits until the element ``locator`` is visible.</doc>
<arguments>
<arg>${lbl_Tot_Amount}</arg>
<arg>${WAIT_TIME}</arg>
</arguments>
<status status="PASS" starttime="20200511 14:10:12.856" endtime="20200511 14:10:12.881"></status>
</kw>
<kw name="Get Text" library="SeleniumLibrary">
<doc>Returns the text value of the element identified by ``locator``.</doc>
<arguments>
<arg>${lbl_Tot_Amount}</arg>
</arguments>
<assign>
<var>${total amount}</var>
</assign>
<msg timestamp="20200511 14:10:12.899" level="INFO">${total amount} = $63.00</msg>
<status status="PASS" starttime="20200511 14:10:12.881" endtime="20200511 14:10:12.899"></status>
</kw>
<kw name="Remove String" library="String">
<doc>Removes all ``removables`` from the given ``string``.</doc>
<arguments>
<arg>${total amount}</arg>
<arg>$</arg>
</arguments>
<assign>
<var>${total amount}</var>
</assign>
<msg timestamp="20200511 14:10:12.900" level="INFO">${total amount} = 63.00</msg>
<status status="PASS" starttime="20200511 14:10:12.899" endtime="20200511 14:10:12.900"></status>
</kw>
<kw name="Convert To Number" library="BuiltIn">
<doc>Converts the given item to a floating point number.</doc>
<arguments>
<arg>${total amount}</arg>
</arguments>
<assign>
<var>${total amount}</var>
</assign>
<msg timestamp="20200511 14:10:12.900" level="INFO">${total amount} = 63.0</msg>
<status status="PASS" starttime="20200511 14:10:12.900" endtime="20200511 14:10:12.900"></status>
</kw>
<kw name="Run Keyword If" library="BuiltIn">
<doc>Runs the given keyword with the given arguments, if ``condition`` is true.</doc>
<arguments>
<arg>'${operation}' == 'LESS'</arg>
<arg>Should Be True</arg>
<arg>${total amount} &lt; ${exp_total_amount}</arg>
</arguments>
<status status="PASS" starttime="20200511 14:10:12.900" endtime="20200511 14:10:12.901"></status>
</kw>
<kw name="Run Keyword If" library="BuiltIn">
<doc>Runs the given keyword with the given arguments, if ``condition`` is true.</doc>
<arguments>
<arg>'${operation}' == 'MORE'</arg>
<arg>Should Be True</arg>
<arg>${total amount} &gt; ${exp_total_amount}</arg>
</arguments>
<kw name="Should Be True" library="BuiltIn">
<doc>Fails if the given condition is not true.</doc>
<arguments>
<arg>${total amount} &gt; ${exp_total_amount}</arg>
</arguments>
<status status="PASS" starttime="20200511 14:10:12.901" endtime="20200511 14:10:12.901"></status>
</kw>
<status status="PASS" starttime="20200511 14:10:12.901" endtime="20200511 14:10:12.901"></status>
</kw>
<status status="PASS" starttime="20200511 14:10:12.855" endtime="20200511 14:10:12.902"></status>
</kw>
<kw name="Log" library="BuiltIn">
<doc>Logs the given message with the given level.</doc>
<arguments>
<arg>Step 6 - Finalize order</arg>
</arguments>
<msg timestamp="20200511 14:10:12.902" level="INFO">Step 6 - Finalize order</msg>
<status status="PASS" starttime="20200511 14:10:12.902" endtime="20200511 14:10:12.902"></status>
</kw>
<kw name="Finalize the Order" library="Keywords">
<kw name="Proceed to Checkout" library="Keywords">
<kw name="Wait Until Element Is Visible" library="SeleniumLibrary">
<doc>Waits until the element ``locator`` is visible.</doc>
<arguments>
<arg>${btn_Shop_Cart_Proceed_Checkout}</arg>
</arguments>
<status status="PASS" starttime="20200511 14:10:12.904" endtime="20200511 14:10:12.923"></status>
</kw>
<kw name="Click Element" library="SeleniumLibrary">
<doc>Click the element identified by ``locator``.</doc>
<arguments>
<arg>${btn_Shop_Cart_Proceed_Checkout}</arg>
</arguments>
<msg timestamp="20200511 14:10:12.923" level="INFO">Clicking element '(//span[contains(text(),'Proceed to checkout')])[2]'.</msg>
<status status="PASS" starttime="20200511 14:10:12.923" endtime="20200511 14:10:14.224"></status>
</kw>
<kw name="Title Should Be" library="SeleniumLibrary">
<doc>Verifies that the current page title equals ``title``.</doc>
<arguments>
<arg>${TITLE_CART}</arg>
</arguments>
<msg timestamp="20200511 14:10:14.231" level="INFO">Page title is 'Order - My Store'.</msg>
<status status="PASS" starttime="20200511 14:10:14.224" endtime="20200511 14:10:14.231"></status>
</kw>
<kw name="Page Should Contain Element" library="SeleniumLibrary">
<doc>Verifies that element ``locator`` is found on the current page.</doc>
<arguments>
<arg>${lbl_Step3_Address}</arg>
</arguments>
<msg timestamp="20200511 14:10:14.250" level="INFO">Current page contains element '//li[@class="step_current third"]'.</msg>
<status status="PASS" starttime="20200511 14:10:14.231" endtime="20200511 14:10:14.250"></status>
</kw>
<status status="PASS" starttime="20200511 14:10:12.903" endtime="20200511 14:10:14.250"></status>
</kw>
<kw name="Check Address and Add Comments" library="Keywords">
<kw name="Wait Until Element Is Visible" library="SeleniumLibrary">
<doc>Waits until the element ``locator`` is visible.</doc>
<arguments>
<arg>${txt_Comments}</arg>
</arguments>
<status status="PASS" starttime="20200511 14:10:14.251" endtime="20200511 14:10:14.281"></status>
</kw>
<kw name="Input Text" library="SeleniumLibrary">
<doc>Types the given ``text`` into the text field identified by ``locator``.</doc>
<arguments>
<arg>${txt_Comments}</arg>
<arg>This is a comment for and order.</arg>
</arguments>
<msg timestamp="20200511 14:10:14.282" level="INFO">Typing text 'This is a comment for and order.' into text field '//textarea[@name='message']'.</msg>
<status status="PASS" starttime="20200511 14:10:14.282" endtime="20200511 14:10:14.354"></status>
</kw>
<kw name="Wait Until Element Is Visible" library="SeleniumLibrary">
<doc>Waits until the element ``locator`` is visible.</doc>
<arguments>
<arg>${btn_Shop_Cart_Proceed_Checkout}</arg>
</arguments>
<status status="PASS" starttime="20200511 14:10:14.354" endtime="20200511 14:10:14.417"></status>
</kw>
<kw name="Click Element" library="SeleniumLibrary">
<doc>Click the element identified by ``locator``.</doc>
<arguments>
<arg>${btn_Shop_Cart_Proceed_Checkout}</arg>
</arguments>
<msg timestamp="20200511 14:10:14.417" level="INFO">Clicking element '(//span[contains(text(),'Proceed to checkout')])[2]'.</msg>
<status status="PASS" starttime="20200511 14:10:14.417" endtime="20200511 14:10:15.840"></status>
</kw>
<kw name="Title Should Be" library="SeleniumLibrary">
<doc>Verifies that the current page title equals ``title``.</doc>
<arguments>
<arg>${TITLE_CART}</arg>
</arguments>
<msg timestamp="20200511 14:10:15.849" level="INFO">Page title is 'Order - My Store'.</msg>
<status status="PASS" starttime="20200511 14:10:15.840" endtime="20200511 14:10:15.849"></status>
</kw>
<kw name="Page Should Contain Element" library="SeleniumLibrary">
<doc>Verifies that element ``locator`` is found on the current page.</doc>
<arguments>
<arg>${lbl_Step4_Shipping}</arg>
</arguments>
<msg timestamp="20200511 14:10:15.854" level="INFO">Current page contains element '//li[@class="step_current four"]'.</msg>
<status status="PASS" starttime="20200511 14:10:15.849" endtime="20200511 14:10:15.854"></status>
</kw>
<status status="PASS" starttime="20200511 14:10:14.251" endtime="20200511 14:10:15.854"></status>
</kw>
<kw name="Shipping" library="Keywords">
<kw name="Wait Until Element Is Visible" library="SeleniumLibrary">
<doc>Waits until the element ``locator`` is visible.</doc>
<arguments>
<arg>${mo_Terms}</arg>
</arguments>
<status status="PASS" starttime="20200511 14:10:15.855" endtime="20200511 14:10:15.894"></status>
</kw>
<kw name="Select Checkbox" library="SeleniumLibrary">
<doc>Selects the checkbox identified by ``locator``.</doc>
<arguments>
<arg>${chk_Terms}</arg>
</arguments>
<msg timestamp="20200511 14:10:15.895" level="INFO">Selecting checkbox 'id:cgv'.</msg>
<status status="PASS" starttime="20200511 14:10:15.894" endtime="20200511 14:10:16.164"></status>
</kw>
<kw name="Wait Until Element Is Visible" library="SeleniumLibrary">
<doc>Waits until the element ``locator`` is visible.</doc>
<arguments>
<arg>${btn_Shop_Cart_Proceed_Checkout}</arg>
</arguments>
<status status="PASS" starttime="20200511 14:10:16.164" endtime="20200511 14:10:16.187"></status>
</kw>
<kw name="Click Element" library="SeleniumLibrary">
<doc>Click the element identified by ``locator``.</doc>
<arguments>
<arg>${btn_Shop_Cart_Proceed_Checkout}</arg>
</arguments>
<msg timestamp="20200511 14:10:16.187" level="INFO">Clicking element '(//span[contains(text(),'Proceed to checkout')])[2]'.</msg>
<status status="PASS" starttime="20200511 14:10:16.187" endtime="20200511 14:10:17.283"></status>
</kw>
<kw name="Page Should Contain Element" library="SeleniumLibrary">
<doc>Verifies that element ``locator`` is found on the current page.</doc>
<arguments>
<arg>${lbl_Step5_Payment}</arg>
</arguments>
<msg timestamp="20200511 14:10:17.289" level="INFO">Current page contains element '//li[@class="step_current last"]'.</msg>
<status status="PASS" starttime="20200511 14:10:17.283" endtime="20200511 14:10:17.289"></status>
</kw>
<status status="PASS" starttime="20200511 14:10:15.855" endtime="20200511 14:10:17.289"></status>
</kw>
<kw name="Select Payment Type" library="Keywords">
<kw name="Wait Until Element Is Visible" library="SeleniumLibrary">
<doc>Waits until the element ``locator`` is visible.</doc>
<arguments>
<arg>${btn_Pay_Bank_Wire}</arg>
</arguments>
<status status="PASS" starttime="20200511 14:10:17.289" endtime="20200511 14:10:17.323"></status>
</kw>
<kw name="Click Element" library="SeleniumLibrary">
<doc>Click the element identified by ``locator``.</doc>
<arguments>
<arg>${btn_Pay_Bank_Wire}</arg>
</arguments>
<msg timestamp="20200511 14:10:17.324" level="INFO">Clicking element '//a[@class='bankwire']'.</msg>
<status status="PASS" starttime="20200511 14:10:17.324" endtime="20200511 14:10:18.367"></status>
</kw>
<status status="PASS" starttime="20200511 14:10:17.289" endtime="20200511 14:10:18.367"></status>
</kw>
<kw name="Confirm the Order" library="Keywords">
<kw name="Wait Until Element Is Visible" library="SeleniumLibrary">
<doc>Waits until the element ``locator`` is visible.</doc>
<arguments>
<arg>${btn_Confirm_My_Order}</arg>
</arguments>
<status status="PASS" starttime="20200511 14:10:18.368" endtime="20200511 14:10:18.416"></status>
</kw>
<kw name="Click Element" library="SeleniumLibrary">
<doc>Click the element identified by ``locator``.</doc>
<arguments>
<arg>${btn_Confirm_My_Order}</arg>
</arguments>
<msg timestamp="20200511 14:10:18.417" level="INFO">Clicking element '//span[contains(text(),'I confirm my order')]'.</msg>
<status status="PASS" starttime="20200511 14:10:18.417" endtime="20200511 14:10:20.899"></status>
</kw>
<kw name="Page Should Contain Element" library="SeleniumLibrary">
<doc>Verifies that element ``locator`` is found on the current page.</doc>
<arguments>
<arg>${lbl_Order_Confirmation}</arg>
</arguments>
<msg timestamp="20200511 14:10:20.906" level="INFO">Current page contains element '//strong[contains(text(),'Your order on My Store is complete.')]'.</msg>
<status status="PASS" starttime="20200511 14:10:20.899" endtime="20200511 14:10:20.907"></status>
</kw>
<kw name="Title Should Be" library="SeleniumLibrary">
<doc>Verifies that the current page title equals ``title``.</doc>
<arguments>
<arg>${TITLE_ORDER_CONFIRMATION}</arg>
</arguments>
<msg timestamp="20200511 14:10:20.915" level="INFO">Page title is 'Order confirmation - My Store'.</msg>
<status status="PASS" starttime="20200511 14:10:20.907" endtime="20200511 14:10:20.915"></status>
</kw>
<status status="PASS" starttime="20200511 14:10:18.367" endtime="20200511 14:10:20.915"></status>
</kw>
<status status="PASS" starttime="20200511 14:10:12.903" endtime="20200511 14:10:20.916"></status>
</kw>
<kw name="Finish Test" library="Keywords" type="teardown">
<kw name="Sleep" library="BuiltIn">
<doc>Pauses the test executed for the given time.</doc>
<arguments>
<arg>5 seconds</arg>
</arguments>
<msg timestamp="20200511 14:10:25.918" level="INFO">Slept 5 seconds</msg>
<status status="PASS" starttime="20200511 14:10:20.917" endtime="20200511 14:10:25.918"></status>
</kw>
<kw name="Sign Out" library="Keywords">
<kw name="Wait Until Element Is Visible" library="SeleniumLibrary">
<doc>Waits until the element ``locator`` is visible.</doc>
<arguments>
<arg>${btn_MyAcct_Logout}</arg>
<arg>${WAIT_TIME}</arg>
</arguments>
<status status="PASS" starttime="20200511 14:10:25.920" endtime="20200511 14:10:26.000"></status>
</kw>
<kw name="Click Element" library="SeleniumLibrary">
<doc>Click the element identified by ``locator``.</doc>
<arguments>
<arg>${btn_MyAcct_Logout}</arg>
</arguments>
<msg timestamp="20200511 14:10:26.001" level="INFO">Clicking element '//a[@class='logout']'.</msg>
<status status="PASS" starttime="20200511 14:10:26.000" endtime="20200511 14:10:29.784"></status>
</kw>
<kw name="Title Should Be" library="SeleniumLibrary">
<doc>Verifies that the current page title equals ``title``.</doc>
<arguments>
<arg>${TITLE_LOGIN}</arg>
</arguments>
<msg timestamp="20200511 14:10:29.788" level="INFO">Page title is 'Login - My Store'.</msg>
<status status="PASS" starttime="20200511 14:10:29.784" endtime="20200511 14:10:29.789"></status>
</kw>
<kw name="Sleep" library="BuiltIn">
<doc>Pauses the test executed for the given time.</doc>
<arguments>
<arg>3</arg>
</arguments>
<msg timestamp="20200511 14:10:32.790" level="INFO">Slept 3 seconds</msg>
<status status="PASS" starttime="20200511 14:10:29.789" endtime="20200511 14:10:32.790"></status>
</kw>
<status status="PASS" starttime="20200511 14:10:25.919" endtime="20200511 14:10:32.791"></status>
</kw>
<kw name="Close Browser" library="SeleniumLibrary">
<doc>Closes the current browser.</doc>
<status status="PASS" starttime="20200511 14:10:32.791" endtime="20200511 14:10:34.170"></status>
</kw>
<status status="PASS" starttime="20200511 14:10:20.917" endtime="20200511 14:10:34.171"></status>
</kw>
<doc>Login with an existing user
Add two different items to shopping cart
Validate total amount is greater than 50 USD</doc>
<tags>
<tag>Functional</tag>
<tag>Login</tag>
</tags>
<status status="PASS" starttime="20200511 14:09:45.884" endtime="20200511 14:10:34.171" critical="yes"></status>
</test>
<test id="s1-t3" name="TC03 Create new account, add four different items to shopping cart and validate total amount is under 100 USD">
<kw name="Start Test" library="Keywords" type="setup">
<kw name="Generate Random String" library="String">
<doc>Generates a string with a desired ``length`` from the given ``chars``.</doc>
<arguments>
<arg>10</arg>
<arg>[LOWER]</arg>
</arguments>
<assign>
<var>${FIRST NAME}</var>
</assign>
<msg timestamp="20200511 14:10:34.174" level="INFO">${FIRST NAME} = fqwipgzjjm</msg>
<status status="PASS" starttime="20200511 14:10:34.173" endtime="20200511 14:10:34.174"></status>
</kw>
<kw name="Generate Random String" library="String">
<doc>Generates a string with a desired ``length`` from the given ``chars``.</doc>
<arguments>
<arg>12</arg>
<arg>[LOWER]</arg>
</arguments>
<assign>
<var>${LAST NAME}</var>
</assign>
<msg timestamp="20200511 14:10:34.174" level="INFO">${LAST NAME} = lyfthexcysbz</msg>
<status status="PASS" starttime="20200511 14:10:34.174" endtime="20200511 14:10:34.174"></status>
</kw>
<kw name="Generate Random String" library="String">
<doc>Generates a string with a desired ``length`` from the given ``chars``.</doc>
<arguments>
<arg>5</arg>
<arg>[NUMBERS]</arg>
</arguments>
<assign>
<var>${ZIP CODE}</var>
</assign>
<msg timestamp="20200511 14:10:34.175" level="INFO">${ZIP CODE} = 07236</msg>
<status status="PASS" starttime="20200511 14:10:34.174" endtime="20200511 14:10:34.175"></status>
</kw>
<kw name="Generate Random String" library="String">
<doc>Generates a string with a desired ``length`` from the given ``chars``.</doc>
<arguments>
<arg>10</arg>
<arg>[NUMBERS]</arg>
</arguments>
<assign>
<var>${PHONE}</var>
</assign>
<msg timestamp="20200511 14:10:34.176" level="INFO">${PHONE} = 4939741757</msg>
<status status="PASS" starttime="20200511 14:10:34.175" endtime="20200511 14:10:34.176"></status>
</kw>
<kw name="Set Test Variable" library="BuiltIn">
<doc>Makes a variable available everywhere within the scope of the current test.</doc>
<arguments>
<arg>${FIRST NAME}</arg>
</arguments>
<msg timestamp="20200511 14:10:34.176" level="INFO">${FIRST NAME} = fqwipgzjjm</msg>
<status status="PASS" starttime="20200511 14:10:34.176" endtime="20200511 14:10:34.176"></status>
</kw>
<kw name="Set Test Variable" library="BuiltIn">
<doc>Makes a variable available everywhere within the scope of the current test.</doc>
<arguments>
<arg>${LAST NAME}</arg>
</arguments>
<msg timestamp="20200511 14:10:34.177" level="INFO">${LAST NAME} = lyfthexcysbz</msg>
<status status="PASS" starttime="20200511 14:10:34.176" endtime="20200511 14:10:34.177"></status>
</kw>
<kw name="Set Test Variable" library="BuiltIn">
<doc>Makes a variable available everywhere within the scope of the current test.</doc>
<arguments>
<arg>${ZIP CODE}</arg>
</arguments>
<msg timestamp="20200511 14:10:34.177" level="INFO">${ZIP CODE} = 07236</msg>
<status status="PASS" starttime="20200511 14:10:34.177" endtime="20200511 14:10:34.177"></status>
</kw>
<kw name="Set Test Variable" library="BuiltIn">
<doc>Makes a variable available everywhere within the scope of the current test.</doc>
<arguments>
<arg>${PHONE}</arg>
</arguments>
<msg timestamp="20200511 14:10:34.178" level="INFO">${PHONE} = 4939741757</msg>
<status status="PASS" starttime="20200511 14:10:34.177" endtime="20200511 14:10:34.178"></status>
</kw>
<status status="PASS" starttime="20200511 14:10:34.173" endtime="20200511 14:10:34.178"></status>
</kw>
<kw name="Set Screenshot Directory" library="SeleniumLibrary">
<doc>Sets the directory for captured screenshots.</doc>
<arguments>
<arg>../Reports/screenshots/main/tc03</arg>
</arguments>
<status status="PASS" starttime="20200511 14:10:34.178" endtime="20200511 14:10:34.179"></status>
</kw>
<kw name="Log" library="BuiltIn">
<doc>Logs the given message with the given level.</doc>
<arguments>
<arg>Step 1 - Open home page and go to login</arg>
</arguments>
<msg timestamp="20200511 14:10:34.179" level="INFO">Step 1 - Open home page and go to login</msg>
<status status="PASS" starttime="20200511 14:10:34.179" endtime="20200511 14:10:34.180"></status>
</kw>
<kw name="Open Home Page" library="Keywords">
<kw name="Open Browser" library="SeleniumLibrary">
<doc>Opens a new browser instance to the optional ``url``.</doc>
<arguments>
<arg>${HOME PAGE URL}</arg>
<arg>${BROWSER}</arg>
</arguments>
<msg timestamp="20200511 14:10:34.181" level="INFO">Opening browser 'firefox' to base url 'http://automationpractice.com/index.php'.</msg>
<msg timestamp="20200511 14:10:34.182" level="INFO">Firefox driver log is always forced to to: C:\Users\hgouveadepaula\PycharmProjects\RobotTask\Reports\screenshots\main\win\geckodriver-3.log</msg>
<status status="PASS" starttime="20200511 14:10:34.181" endtime="20200511 14:10:54.676"></status>
</kw>
<kw name="Maximize Browser Window" library="SeleniumLibrary">
<doc>Maximizes current browser window.</doc>
<status status="PASS" starttime="20200511 14:10:54.676" endtime="20200511 14:10:54.942"></status>
</kw>
<kw name="Title Should Be" library="SeleniumLibrary">
<doc>Verifies that the current page title equals ``title``.</doc>
<arguments>
<arg>${TITLE_HOMEPAGE}</arg>
</arguments>
<msg timestamp="20200511 14:10:54.950" level="INFO">Page title is 'My Store'.</msg>
<status status="PASS" starttime="20200511 14:10:54.942" endtime="20200511 14:10:54.950"></status>
</kw>
<status status="PASS" starttime="20200511 14:10:34.180" endtime="20200511 14:10:54.951"></status>
</kw>
<kw name="Go To Login Page" library="Keywords">
<kw name="Wait Until Element Is Visible" library="SeleniumLibrary">
<doc>Waits until the element ``locator`` is visible.</doc>
<arguments>
<arg>${btn_SignIn}</arg>
<arg>${WAIT_TIME}</arg>
</arguments>
<status status="PASS" starttime="20200511 14:10:54.954" endtime="20200511 14:10:55.007"></status>
</kw>
<kw name="Click Element" library="SeleniumLibrary">
<doc>Click the element identified by ``locator``.</doc>
<arguments>
<arg>${btn_SignIn}</arg>
</arguments>
<msg timestamp="20200511 14:10:55.008" level="INFO">Clicking element 'css=.login'.</msg>
<status status="PASS" starttime="20200511 14:10:55.007" endtime="20200511 14:10:57.067"></status>
</kw>
<kw name="Title Should Be" library="SeleniumLibrary">
<doc>Verifies that the current page title equals ``title``.</doc>
<arguments>
<arg>${TITLE_LOGIN}</arg>
</arguments>
<msg timestamp="20200511 14:10:57.070" level="INFO">Page title is 'Login - My Store'.</msg>
<status status="PASS" starttime="20200511 14:10:57.067" endtime="20200511 14:10:57.070"></status>
</kw>
[...]
<status status="PASS" starttime="20200511 14:11:40.673" endtime="20200511 14:11:40.921"></status>
</kw>
<status status="PASS" starttime="20200511 14:11:39.123" endtime="20200511 14:11:40.922"></status>
</kw>
<kw name="Add Item to Shopping Cart" library="Keywords">
<arguments>
<arg>1</arg>
<arg>L</arg>
<arg>${btn_Item_Color_Yellow}</arg>
<arg>${btn_Proceed_Checkout}</arg>
</arguments>
<kw name="Wait Until Element Is Visible" library="SeleniumLibrary">
<doc>Waits until the element ``locator`` is visible.</doc>
<arguments>
<arg>${txt_Item_Qty}</arg>
<arg>${WAIT_TIME}</arg>
</arguments>
<status status="PASS" starttime="20200511 14:11:40.924" endtime="20200511 14:11:40.963"></status>
</kw>
<kw name="Wait Until Element Is Visible" library="SeleniumLibrary">
<doc>Waits until the element ``locator`` is visible.</doc>
<arguments>
<arg>${mo_Item_Size}</arg>
<arg>${WAIT_TIME}</arg>
</arguments>
<status status="PASS" starttime="20200511 14:11:40.963" endtime="20200511 14:11:40.999"></status>
</kw>
<kw name="Wait Until Element Is Visible" library="SeleniumLibrary">
<doc>Waits until the element ``locator`` is visible.</doc>
<arguments>
<arg>${color}</arg>
</arguments>
<status status="PASS" starttime="20200511 14:11:41.000" endtime="20200511 14:11:41.034"></status>
</kw>
<kw name="Scroll Element Into View" library="SeleniumLibrary">
<doc>Scrolls the element identified by ``locator`` into view.</doc>
<arguments>
<arg>${btn_Item_AddToCart}</arg>
</arguments>
<status status="PASS" starttime="20200511 14:11:41.035" endtime="20200511 14:11:41.302"></status>
</kw>
<kw name="Input Text" library="SeleniumLibrary">
<doc>Types the given ``text`` into the text field identified by ``locator``.</doc>
<arguments>
<arg>${txt_Item_Qty}</arg>
<arg>${qty}</arg>
</arguments>
<msg timestamp="20200511 14:11:41.303" level="INFO">Typing text '1' into text field 'id:quantity_wanted'.</msg>
<status status="PASS" starttime="20200511 14:11:41.302" endtime="20200511 14:11:41.373"></status>
</kw>
<kw name="Select From List By Label" library="SeleniumLibrary">
<doc>Selects options from selection list ``locator`` by ``labels``.</doc>
<arguments>
<arg>${lst_Item_Size}</arg>
<arg>${size}</arg>
</arguments>
<msg timestamp="20200511 14:11:41.373" level="INFO">Selecting options from selection list 'id:group_1' by label L.</msg>
<status status="PASS" starttime="20200511 14:11:41.373" endtime="20200511 14:11:41.456"></status>
</kw>
<kw name="Click Element" library="SeleniumLibrary">
<doc>Click the element identified by ``locator``.</doc>
<arguments>
<arg>${color}</arg>
</arguments>
<msg timestamp="20200511 14:11:41.456" level="INFO">Clicking element 'id:color_16'.</msg>
<status status="PASS" starttime="20200511 14:11:41.456" endtime="20200511 14:11:41.523"></status>
</kw>
<kw name="Wait Until Element Is Visible" library="SeleniumLibrary">
<doc>Waits until the element ``locator`` is visible.</doc>
<arguments>
<arg>${btn_Item_AddToCart}</arg>
<arg>${WAIT_TIME}</arg>
</arguments>
<status status="PASS" starttime="20200511 14:11:41.524" endtime="20200511 14:11:41.572"></status>
</kw>
<kw name="Click Element" library="SeleniumLibrary">
<doc>Click the element identified by ``locator``.</doc>
<arguments>
<arg>${btn_Item_AddToCart}</arg>
</arguments>
<msg timestamp="20200511 14:11:41.573" level="INFO">Clicking element '//span[contains(text(),'Add to cart')]'.</msg>
<status status="PASS" starttime="20200511 14:11:41.573" endtime="20200511 14:11:41.808"></status>
</kw>
<kw name="Wait Until Element Is Visible" library="SeleniumLibrary">
<doc>Waits until the element ``locator`` is visible.</doc>
<arguments>
<arg>${next_step}</arg>
<arg>${WAIT_TIME}</arg>
</arguments>
<status status="PASS" starttime="20200511 14:11:41.809" endtime="20200511 14:11:42.570"></status>
</kw>
<kw name="Click Element" library="SeleniumLibrary">
<doc>Click the element identified by ``locator``.</doc>
<arguments>
<arg>${next_step}</arg>
</arguments>
<msg timestamp="20200511 14:11:42.571" level="INFO">Clicking element '//span[contains(text(),'Proceed to checkout')]'.</msg>
<status status="PASS" starttime="20200511 14:11:42.570" endtime="20200511 14:11:44.221"></status>
</kw>
<status status="PASS" starttime="20200511 14:11:40.923" endtime="20200511 14:11:44.221"></status>
</kw>
<kw name="Log" library="BuiltIn">
<doc>Logs the given message with the given level.</doc>
<arguments>
<arg>Step 9 - Validate total amount is under 100 USD</arg>
</arguments>
<msg timestamp="20200511 14:11:44.224" level="INFO">Step 9 - Validate total amount is under 100 USD</msg>
<status status="PASS" starttime="20200511 14:11:44.223" endtime="20200511 14:11:44.224"></status>
</kw>
<kw name="Check Total Amount" library="Keywords">
<arguments>
<arg>LESS</arg>
<arg>100</arg>
</arguments>
<kw name="Wait Until Element Is Visible" library="SeleniumLibrary">
<doc>Waits until the element ``locator`` is visible.</doc>
<arguments>
<arg>${lbl_Tot_Amount}</arg>
<arg>${WAIT_TIME}</arg>
</arguments>
<status status="PASS" starttime="20200511 14:11:44.227" endtime="20200511 14:11:44.260"></status>
</kw>
<kw name="Get Text" library="SeleniumLibrary">
<doc>Returns the text value of the element identified by ``locator``.</doc>
<arguments>
<arg>${lbl_Tot_Amount}</arg>
</arguments>
<assign>
<var>${total amount}</var>
</assign>
<msg timestamp="20200511 14:11:44.276" level="INFO">${total amount} = $95.80</msg>
<status status="PASS" starttime="20200511 14:11:44.260" endtime="20200511 14:11:44.276"></status>
</kw>
<kw name="Remove String" library="String">
<doc>Removes all ``removables`` from the given ``string``.</doc>
<arguments>
<arg>${total amount}</arg>
<arg>$</arg>
</arguments>
<assign>
<var>${total amount}</var>
</assign>
<msg timestamp="20200511 14:11:44.277" level="INFO">${total amount} = 95.80</msg>
<status status="PASS" starttime="20200511 14:11:44.276" endtime="20200511 14:11:44.277"></status>
</kw>
<kw name="Convert To Number" library="BuiltIn">
<doc>Converts the given item to a floating point number.</doc>
<arguments>
<arg>${total amount}</arg>
</arguments>
<assign>
<var>${total amount}</var>
</assign>
<msg timestamp="20200511 14:11:44.277" level="INFO">${total amount} = 95.8</msg>
<status status="PASS" starttime="20200511 14:11:44.277" endtime="20200511 14:11:44.277"></status>
</kw>
<kw name="Run Keyword If" library="BuiltIn">
<doc>Runs the given keyword with the given arguments, if ``condition`` is true.</doc>
<arguments>
<arg>'${operation}' == 'LESS'</arg>
<arg>Should Be True</arg>
<arg>${total amount} &lt; ${exp_total_amount}</arg>
</arguments>
<kw name="Should Be True" library="BuiltIn">
<doc>Fails if the given condition is not true.</doc>
<arguments>
<arg>${total amount} &lt; ${exp_total_amount}</arg>
</arguments>
<status status="PASS" starttime="20200511 14:11:44.278" endtime="20200511 14:11:44.278"></status>
</kw>
<status status="PASS" starttime="20200511 14:11:44.277" endtime="20200511 14:11:44.278"></status>
</kw>
<kw name="Run Keyword If" library="BuiltIn">
<doc>Runs the given keyword with the given arguments, if ``condition`` is true.</doc>
<arguments>
<arg>'${operation}' == 'MORE'</arg>
<arg>Should Be True</arg>
<arg>${total amount} &gt; ${exp_total_amount}</arg>
</arguments>
<status status="PASS" starttime="20200511 14:11:44.278" endtime="20200511 14:11:44.279"></status>
</kw>
<status status="PASS" starttime="20200511 14:11:44.225" endtime="20200511 14:11:44.279"></status>
</kw>
<kw name="Log" library="BuiltIn">
<doc>Logs the given message with the given level.</doc>
<arguments>
<arg>Step 10 - Finalize order</arg>
</arguments>
<msg timestamp="20200511 14:11:44.280" level="INFO">Step 10 - Finalize order</msg>
<status status="PASS" starttime="20200511 14:11:44.280" endtime="20200511 14:11:44.280"></status>
</kw>
<kw name="Finalize the Order" library="Keywords">
<kw name="Proceed to Checkout" library="Keywords">
<kw name="Wait Until Element Is Visible" library="SeleniumLibrary">
<doc>Waits until the element ``locator`` is visible.</doc>
<arguments>
<arg>${btn_Shop_Cart_Proceed_Checkout}</arg>
</arguments>
<status status="PASS" starttime="20200511 14:11:44.282" endtime="20200511 14:11:44.303"></status>
</kw>
<kw name="Click Element" library="SeleniumLibrary">
<doc>Click the element identified by ``locator``.</doc>
<arguments>
<arg>${btn_Shop_Cart_Proceed_Checkout}</arg>
</arguments>
<msg timestamp="20200511 14:11:44.303" level="INFO">Clicking element '(//span[contains(text(),'Proceed to checkout')])[2]'.</msg>
<status status="PASS" starttime="20200511 14:11:44.303" endtime="20200511 14:11:45.657"></status>
</kw>
<kw name="Title Should Be" library="SeleniumLibrary">
<doc>Verifies that the current page title equals ``title``.</doc>
<arguments>
<arg>${TITLE_CART}</arg>
</arguments>
<msg timestamp="20200511 14:11:45.660" level="INFO">Page title is 'Order - My Store'.</msg>
<status status="PASS" starttime="20200511 14:11:45.657" endtime="20200511 14:11:45.660"></status>
</kw>
<kw name="Page Should Contain Element" library="SeleniumLibrary">
<doc>Verifies that element ``locator`` is found on the current page.</doc>
<arguments>
<arg>${lbl_Step3_Address}</arg>
</arguments>
<msg timestamp="20200511 14:11:45.671" level="INFO">Current page contains element '//li[@class="step_current third"]'.</msg>
<status status="PASS" starttime="20200511 14:11:45.661" endtime="20200511 14:11:45.671"></status>
</kw>
<status status="PASS" starttime="20200511 14:11:44.282" endtime="20200511 14:11:45.671"></status>
</kw>
<kw name="Check Address and Add Comments" library="Keywords">
<kw name="Wait Until Element Is Visible" library="SeleniumLibrary">
<doc>Waits until the element ``locator`` is visible.</doc>
<arguments>
<arg>${txt_Comments}</arg>
</arguments>
<status status="PASS" starttime="20200511 14:11:45.672" endtime="20200511 14:11:45.706"></status>
</kw>
<kw name="Input Text" library="SeleniumLibrary">
<doc>Types the given ``text`` into the text field identified by ``locator``.</doc>
<arguments>
<arg>${txt_Comments}</arg>
<arg>This is a comment for and order.</arg>
</arguments>
<msg timestamp="20200511 14:11:45.707" level="INFO">Typing text 'This is a comment for and order.' into text field '//textarea[@name='message']'.</msg>
<status status="PASS" starttime="20200511 14:11:45.706" endtime="20200511 14:11:45.774"></status>
</kw>
<kw name="Wait Until Element Is Visible" library="SeleniumLibrary">
<doc>Waits until the element ``locator`` is visible.</doc>
<arguments>
<arg>${btn_Shop_Cart_Proceed_Checkout}</arg>
</arguments>
<status status="PASS" starttime="20200511 14:11:45.774" endtime="20200511 14:11:45.803"></status>
</kw>
<kw name="Click Element" library="SeleniumLibrary">
<doc>Click the element identified by ``locator``.</doc>
<arguments>
<arg>${btn_Shop_Cart_Proceed_Checkout}</arg>
</arguments>
<msg timestamp="20200511 14:11:45.803" level="INFO">Clicking element '(//span[contains(text(),'Proceed to checkout')])[2]'.</msg>
<status status="PASS" starttime="20200511 14:11:45.803" endtime="20200511 14:11:46.926"></status>
</kw>
<kw name="Title Should Be" library="SeleniumLibrary">
<doc>Verifies that the current page title equals ``title``.</doc>
<arguments>
<arg>${TITLE_CART}</arg>
</arguments>
<msg timestamp="20200511 14:11:46.929" level="INFO">Page title is 'Order - My Store'.</msg>
<status status="PASS" starttime="20200511 14:11:46.926" endtime="20200511 14:11:46.930"></status>
</kw>
<kw name="Page Should Contain Element" library="SeleniumLibrary">
<doc>Verifies that element ``locator`` is found on the current page.</doc>
<arguments>
<arg>${lbl_Step4_Shipping}</arg>
</arguments>
<msg timestamp="20200511 14:11:46.941" level="INFO">Current page contains element '//li[@class="step_current four"]'.</msg>
<status status="PASS" starttime="20200511 14:11:46.930" endtime="20200511 14:11:46.942"></status>
</kw>
<status status="PASS" starttime="20200511 14:11:45.672" endtime="20200511 14:11:46.942"></status>
</kw>
<kw name="Shipping" library="Keywords">
<kw name="Wait Until Element Is Visible" library="SeleniumLibrary">
<doc>Waits until the element ``locator`` is visible.</doc>
<arguments>
<arg>${mo_Terms}</arg>
</arguments>
<status status="PASS" starttime="20200511 14:11:46.942" endtime="20200511 14:11:46.976"></status>
</kw>
<kw name="Select Checkbox" library="SeleniumLibrary">
<doc>Selects the checkbox identified by ``locator``.</doc>
<arguments>
<arg>${chk_Terms}</arg>
</arguments>
<msg timestamp="20200511 14:11:46.977" level="INFO">Selecting checkbox 'id:cgv'.</msg>
<status status="PASS" starttime="20200511 14:11:46.977" endtime="20200511 14:11:47.236"></status>
</kw>
<kw name="Wait Until Element Is Visible" library="SeleniumLibrary">
<doc>Waits until the element ``locator`` is visible.</doc>
<arguments>
<arg>${btn_Shop_Cart_Proceed_Checkout}</arg>
</arguments>
<status status="PASS" starttime="20200511 14:11:47.237" endtime="20200511 14:11:47.304"></status>
</kw>
<kw name="Click Element" library="SeleniumLibrary">
<doc>Click the element identified by ``locator``.</doc>
<arguments>
<arg>${btn_Shop_Cart_Proceed_Checkout}</arg>
</arguments>
<msg timestamp="20200511 14:11:47.305" level="INFO">Clicking element '(//span[contains(text(),'Proceed to checkout')])[2]'.</msg>
<status status="PASS" starttime="20200511 14:11:47.304" endtime="20200511 14:11:55.642"></status>
</kw>
<kw name="Page Should Contain Element" library="SeleniumLibrary">
<doc>Verifies that element ``locator`` is found on the current page.</doc>
<arguments>
<arg>${lbl_Step5_Payment}</arg>
</arguments>
<msg timestamp="20200511 14:11:55.650" level="INFO">Current page contains element '//li[@class="step_current last"]'.</msg>
<status status="PASS" starttime="20200511 14:11:55.642" endtime="20200511 14:11:55.650"></status>
</kw>
<status status="PASS" starttime="20200511 14:11:46.942" endtime="20200511 14:11:55.650"></status>
</kw>
<kw name="Select Payment Type" library="Keywords">
<kw name="Wait Until Element Is Visible" library="SeleniumLibrary">
<doc>Waits until the element ``locator`` is visible.</doc>
<arguments>
<arg>${btn_Pay_Bank_Wire}</arg>
</arguments>
<status status="PASS" starttime="20200511 14:11:55.651" endtime="20200511 14:11:55.683"></status>
</kw>
<kw name="Click Element" library="SeleniumLibrary">
<doc>Click the element identified by ``locator``.</doc>
<arguments>
<arg>${btn_Pay_Bank_Wire}</arg>
</arguments>
<msg timestamp="20200511 14:11:55.683" level="INFO">Clicking element '//a[@class='bankwire']'.</msg>
<status status="PASS" starttime="20200511 14:11:55.683" endtime="20200511 14:11:57.226"></status>
</kw>
<status status="PASS" starttime="20200511 14:11:55.651" endtime="20200511 14:11:57.226"></status>
</kw>
<kw name="Confirm the Order" library="Keywords">
<kw name="Wait Until Element Is Visible" library="SeleniumLibrary">
<doc>Waits until the element ``locator`` is visible.</doc>
<arguments>
<arg>${btn_Confirm_My_Order}</arg>
</arguments>
<status status="PASS" starttime="20200511 14:11:57.227" endtime="20200511 14:11:57.260"></status>
</kw>
<kw name="Click Element" library="SeleniumLibrary">
<doc>Click the element identified by ``locator``.</doc>
<arguments>
<arg>${btn_Confirm_My_Order}</arg>
</arguments>
<msg timestamp="20200511 14:11:57.261" level="INFO">Clicking element '//span[contains(text(),'I confirm my order')]'.</msg>
<status status="PASS" starttime="20200511 14:11:57.260" endtime="20200511 14:11:59.621"></status>
</kw>
<kw name="Page Should Contain Element" library="SeleniumLibrary">
<doc>Verifies that element ``locator`` is found on the current page.</doc>
<arguments>
<arg>${lbl_Order_Confirmation}</arg>
</arguments>
<msg timestamp="20200511 14:11:59.627" level="INFO">Current page contains element '//strong[contains(text(),'Your order on My Store is complete.')]'.</msg>
<status status="PASS" starttime="20200511 14:11:59.622" endtime="20200511 14:11:59.627"></status>
</kw>
<kw name="Title Should Be" library="SeleniumLibrary">
<doc>Verifies that the current page title equals ``title``.</doc>
<arguments>
<arg>${TITLE_ORDER_CONFIRMATION}</arg>
</arguments>
<msg timestamp="20200511 14:11:59.632" level="INFO">Page title is 'Order confirmation - My Store'.</msg>
<status status="PASS" starttime="20200511 14:11:59.628" endtime="20200511 14:11:59.634"></status>
</kw>
<status status="PASS" starttime="20200511 14:11:57.226" endtime="20200511 14:11:59.634"></status>
</kw>
<status status="PASS" starttime="20200511 14:11:44.281" endtime="20200511 14:11:59.635"></status>
</kw>
<kw name="Finish Test" library="Keywords" type="teardown">
<kw name="Sleep" library="BuiltIn">
<doc>Pauses the test executed for the given time.</doc>
<arguments>
<arg>5 seconds</arg>
</arguments>
<msg timestamp="20200511 14:12:04.639" level="INFO">Slept 5 seconds</msg>
<status status="PASS" starttime="20200511 14:11:59.638" endtime="20200511 14:12:04.639"></status>
</kw>
<kw name="Sign Out" library="Keywords">
<kw name="Wait Until Element Is Visible" library="SeleniumLibrary">
<doc>Waits until the element ``locator`` is visible.</doc>
<arguments>
<arg>${btn_MyAcct_Logout}</arg>
<arg>${WAIT_TIME}</arg>
</arguments>
<status status="PASS" starttime="20200511 14:12:04.641" endtime="20200511 14:12:04.684"></status>
</kw>
<kw name="Click Element" library="SeleniumLibrary">
<doc>Click the element identified by ``locator``.</doc>
<arguments>
<arg>${btn_MyAcct_Logout}</arg>
</arguments>
<msg timestamp="20200511 14:12:04.685" level="INFO">Clicking element '//a[@class='logout']'.</msg>
<status status="PASS" starttime="20200511 14:12:04.685" endtime="20200511 14:12:09.021"></status>
</kw>
<kw name="Title Should Be" library="SeleniumLibrary">
<doc>Verifies that the current page title equals ``title``.</doc>
<arguments>
<arg>${TITLE_LOGIN}</arg>
</arguments>
<msg timestamp="20200511 14:12:09.025" level="INFO">Page title is 'Login - My Store'.</msg>
<status status="PASS" starttime="20200511 14:12:09.021" endtime="20200511 14:12:09.025"></status>
</kw>
<kw name="Sleep" library="BuiltIn">
<doc>Pauses the test executed for the given time.</doc>
<arguments>
<arg>3</arg>
</arguments>
<msg timestamp="20200511 14:12:12.026" level="INFO">Slept 3 seconds</msg>
<status status="PASS" starttime="20200511 14:12:09.025" endtime="20200511 14:12:12.026"></status>
</kw>
<status status="PASS" starttime="20200511 14:12:04.640" endtime="20200511 14:12:12.026"></status>
</kw>
<kw name="Close Browser" library="SeleniumLibrary">
<doc>Closes the current browser.</doc>
<status status="PASS" starttime="20200511 14:12:12.027" endtime="20200511 14:12:13.240"></status>
</kw>
<status status="PASS" starttime="20200511 14:11:59.637" endtime="20200511 14:12:13.240"></status>
</kw>
<doc>Create new account
Add two different items to shopping cart
Validate total amount is under 100 USD</doc>
<tags>
<tag>Functional</tag>
<tag>Login</tag>
</tags>
<status status="PASS" starttime="20200511 14:10:34.172" endtime="20200511 14:12:13.241" critical="yes"></status>
</test>
<doc>This suite contains all tests necessary to buy a single item
a) Access web site: http://automationpractice.com/index.php
b) Create a new account
c) Log in using new account created
d) From category “Dresses” select “Summer Dresses”
e) Add to shopping cart: 2 pieces from second displayed item
– first item: size S, white color
- second item : size L, yellow color
f) Add to shopping cart: 2 pieces from third displayed item
– first item: size M, green color
- second item : size L, yellow color
g) Access shipping cart and verify that total amount is under 100$
h) Submit/Finalize order
User.......: tqmtlzci@oisnjaxw.com
Password...: aqlnlgkmdr</doc>
<status status="PASS" starttime="20200511 14:08:44.461" endtime="20200511 14:12:13.242"></status>
</suite>
<statistics>
<total>
<stat pass="3" fail="0">Critical Tests</stat>
<stat pass="3" fail="0">All Tests</stat>
</total>
<tag>
<stat pass="3" fail="0">Functional</stat>
<stat pass="3" fail="0">Login</stat>
</tag>
<suite>
<stat pass="3" fail="0" id="s1" name="Main">Main</stat>
</suite>
</statistics>
<errors>
</errors>
</robot>
