<?xml version="1.0" encoding="UTF-8"?>
<robot generator="Robot 3.1.2 (Python 3.8.2 on win32)" generated="20200514 11:47:53.643" rpa="false">
<suite id="s1" name="Main" source="C:\Users\hgouveadepaula\PycharmProjects\RobotTask\main\main.robot">
<test id="s1-t1" name="TC01 Login, add one item to shopping cart and validate total amount is under 50 USD">
<kw name="Start Test" library="Keywords" type="setup">
<kw name="Generate Random String" library="String">
<doc>Generates a string with a desired ``length`` from the given ``chars``.</doc>
<arguments>
<arg>10</arg>
<arg>[LOWER]</arg>
</arguments>
<assign>
<var>${FIRST NAME}</var>
</assign>
<msg timestamp="20200514 11:47:53.883" level="INFO">${FIRST NAME} = prbguxplqi</msg>
<status status="PASS" starttime="20200514 11:47:53.883" endtime="20200514 11:47:53.883"></status>
</kw>
<kw name="Generate Random String" library="String">
<doc>Generates a string with a desired ``length`` from the given ``chars``.</doc>
<arguments>
<arg>12</arg>
<arg>[LOWER]</arg>
</arguments>
<assign>
<var>${LAST NAME}</var>
</assign>
<msg timestamp="20200514 11:47:53.883" level="INFO">${LAST NAME} = hyuiysfbbekp</msg>
<status status="PASS" starttime="20200514 11:47:53.883" endtime="20200514 11:47:53.883"></status>
</kw>
<kw name="Generate Random String" library="String">
<doc>Generates a string with a desired ``length`` from the given ``chars``.</doc>
<arguments>
<arg>5</arg>
<arg>[NUMBERS]</arg>
</arguments>
<assign>
<var>${ZIP CODE}</var>
</assign>
<msg timestamp="20200514 11:47:53.883" level="INFO">${ZIP CODE} = 50833</msg>
<status status="PASS" starttime="20200514 11:47:53.883" endtime="20200514 11:47:53.883"></status>
</kw>
<kw name="Generate Random String" library="String">
<doc>Generates a string with a desired ``length`` from the given ``chars``.</doc>
<arguments>
<arg>10</arg>
<arg>[NUMBERS]</arg>
</arguments>
<assign>
<var>${PHONE}</var>
</assign>
<msg timestamp="20200514 11:47:53.883" level="INFO">${PHONE} = 5174975696</msg>
<status status="PASS" starttime="20200514 11:47:53.883" endtime="20200514 11:47:53.883"></status>
</kw>
<kw name="Set Test Variable" library="BuiltIn">
<doc>Makes a variable available everywhere within the scope of the current test.</doc>
<arguments>
<arg>${FIRST NAME}</arg>
</arguments>
<msg timestamp="20200514 11:47:53.883" level="INFO">${FIRST NAME} = prbguxplqi</msg>
<status status="PASS" starttime="20200514 11:47:53.883" endtime="20200514 11:47:53.883"></status>
</kw>
<kw name="Set Test Variable" library="BuiltIn">
<doc>Makes a variable available everywhere within the scope of the current test.</doc>
<arguments>
<arg>${LAST NAME}</arg>
</arguments>
<msg timestamp="20200514 11:47:53.883" level="INFO">${LAST NAME} = hyuiysfbbekp</msg>
<status status="PASS" starttime="20200514 11:47:53.883" endtime="20200514 11:47:53.883"></status>
</kw>
<kw name="Set Test Variable" library="BuiltIn">
<doc>Makes a variable available everywhere within the scope of the current test.</doc>
<arguments>
<arg>${ZIP CODE}</arg>
</arguments>
<msg timestamp="20200514 11:47:53.883" level="INFO">${ZIP CODE} = 50833</msg>
<status status="PASS" starttime="20200514 11:47:53.883" endtime="20200514 11:47:53.883"></status>
</kw>
<kw name="Set Test Variable" library="BuiltIn">
<doc>Makes a variable available everywhere within the scope of the current test.</doc>
<arguments>
<arg>${PHONE}</arg>
</arguments>
<msg timestamp="20200514 11:47:53.883" level="INFO">${PHONE} = 5174975696</msg>
<status status="PASS" starttime="20200514 11:47:53.883" endtime="20200514 11:47:53.883"></status>
</kw>
<status status="PASS" starttime="20200514 11:47:53.883" endtime="20200514 11:47:53.883"></status>
</kw>
<kw name="Set Screenshot Directory" library="SeleniumLibrary">
<doc>Sets the directory for captured screenshots.</doc>
<arguments>
<arg>../Reports/screenshots/main/tc01</arg>
</arguments>
<status status="PASS" starttime="20200514 11:47:53.883" endtime="20200514 11:47:53.883"></status>
</kw>
<kw name="Log" library="BuiltIn">
<doc>Logs the given message with the given level.</doc>
<arguments>
<arg>Step 1 - Open home page and sing-in</arg>
</arguments>
<msg timestamp="20200514 11:47:53.883" level="INFO">Step 1 - Open home page and sing-in</msg>
<status status="PASS" starttime="20200514 11:47:53.883" endtime="20200514 11:47:53.883"></status>
</kw>
<kw name="Open Home Page" library="Keywords">
<kw name="Open Browser" library="SeleniumLibrary">
<doc>Opens a new browser instance to the optional ``url``.</doc>
<arguments>
<arg>${HOME PAGE URL}</arg>
<arg>${BROWSER}</arg>
</arguments>
<msg timestamp="20200514 11:47:53.883" level="INFO">Opening browser 'internetexplorer' to base url 'http://automationpractice.com/index.php'.</msg>
<status status="PASS" starttime="20200514 11:47:53.883" endtime="20200514 11:47:57.463"></status>
</kw>
<kw name="Maximize Browser Window" library="SeleniumLibrary">
<doc>Maximizes current browser window.</doc>
<status status="PASS" starttime="20200514 11:47:57.463" endtime="20200514 11:47:57.483"></status>
</kw>
<kw name="Title Should Be" library="SeleniumLibrary">
<doc>Verifies that the current page title equals ``title``.</doc>
<arguments>
<arg>${TITLE_HOMEPAGE}</arg>
</arguments>
<msg timestamp="20200514 11:47:57.523" level="INFO">Page title is 'My Store'.</msg>
<status status="PASS" starttime="20200514 11:47:57.483" endtime="20200514 11:47:57.523"></status>
</kw>
<status status="PASS" starttime="20200514 11:47:53.883" endtime="20200514 11:47:57.523"></status>
</kw>
<kw name="Go To Login Page" library="Keywords">
<kw name="Wait Until Element Is Visible" library="SeleniumLibrary">
<doc>Waits until the element ``locator`` is visible.</doc>
<arguments>
<arg>${btn_SignIn}</arg>
<arg>${WAIT_TIME}</arg>
</arguments>
<status status="PASS" starttime="20200514 11:47:57.523" endtime="20200514 11:47:57.774"></status>
</kw>
<kw name="Click Element" library="SeleniumLibrary">
<doc>Click the element identified by ``locator``.</doc>
<arguments>
<arg>${btn_SignIn}</arg>
</arguments>
<msg timestamp="20200514 11:47:57.775" level="INFO">Clicking element 'css=.login'.</msg>
<status status="PASS" starttime="20200514 11:47:57.775" endtime="20200514 11:47:59.753"></status>
</kw>
<kw name="Title Should Be" library="SeleniumLibrary">
<doc>Verifies that the current page title equals ``title``.</doc>
<arguments>
<arg>${TITLE_LOGIN}</arg>
</arguments>
<msg timestamp="20200514 11:47:59.768" level="INFO">Page title is 'Login - My Store'.</msg>
<status status="PASS" starttime="20200514 11:47:59.753" endtime="20200514 11:47:59.768"></status>
</kw>
<status status="PASS" starttime="20200514 11:47:57.523" endtime="20200514 11:47:59.768"></status>
</kw>
<kw name="Sign In" library="Keywords">
<kw name="Wait Until Element Is Visible" library="SeleniumLibrary">
<doc>Waits until the element ``locator`` is visible.</doc>
<arguments>
<arg>${txt_EmailLogin}</arg>
</arguments>
<status status="PASS" starttime="20200514 11:47:59.768" endtime="20200514 11:48:00.083"></status>
</kw>
<kw name="Wait Until Element Is Visible" library="SeleniumLibrary">
<doc>Waits until the element ``locator`` is visible.</doc>
<arguments>
<arg>${txt_Password}</arg>
</arguments>
<status status="PASS" starttime="20200514 11:48:00.083" endtime="20200514 11:48:00.378"></status>
</kw>
<kw name="Wait Until Element Is Visible" library="SeleniumLibrary">
<doc>Waits until the element ``locator`` is visible.</doc>
<arguments>
<arg>${btn_Login}</arg>
</arguments>
<status status="PASS" starttime="20200514 11:48:00.378" endtime="20200514 11:48:00.763"></status>
</kw>
<kw name="Input Text" library="SeleniumLibrary">
<doc>Types the given ``text`` into the text field identified by ``locator``.</doc>
<arguments>
<arg>${txt_EmailLogin}</arg>
<arg>${EMAIL}</arg>
</arguments>
<msg timestamp="20200514 11:48:00.763" level="INFO">Typing text 'tqmtlzci@oisnjaxw.com' into text field 'id:email'.</msg>
<status status="PASS" starttime="20200514 11:48:00.763" endtime="20200514 11:48:01.652"></status>
</kw>
<kw name="Input Text" library="SeleniumLibrary">
<doc>Types the given ``text`` into the text field identified by ``locator``.</doc>
<arguments>
<arg>${txt_Password}</arg>
<arg>${PASSWORD}</arg>
</arguments>
<msg timestamp="20200514 11:48:01.652" level="INFO">Typing text 'aqlnlgkmdr' into text field 'id:passwd'.</msg>
<status status="PASS" starttime="20200514 11:48:01.652" endtime="20200514 11:48:02.513"></status>
</kw>
<kw name="Click Button" library="SeleniumLibrary">
<doc>Clicks the button identified by ``locator``.</doc>
<arguments>
<arg>${btn_Login}</arg>
</arguments>
<msg timestamp="20200514 11:48:02.513" level="INFO">Clicking button 'id:SubmitLogin'.</msg>
<status status="PASS" starttime="20200514 11:48:02.513" endtime="20200514 11:48:05.013"></status>
</kw>
<kw name="Title Should Be" library="SeleniumLibrary">
<doc>Verifies that the current page title equals ``title``.</doc>
<arguments>
<arg>${TITLE_MY_ACCT}</arg>
</arguments>
<msg timestamp="20200514 11:48:05.048" level="INFO">Page title is 'My account - My Store'.</msg>
<status status="PASS" starttime="20200514 11:48:05.013" endtime="20200514 11:48:05.048"></status>
</kw>
<status status="PASS" starttime="20200514 11:47:59.768" endtime="20200514 11:48:05.053"></status>
</kw>
<kw name="Log" library="BuiltIn">
<doc>Logs the given message with the given level.</doc>
<arguments>
<arg>Step 2 - Select Dresses/Summer Dresses category</arg>
</arguments>
<msg timestamp="20200514 11:48:05.053" level="INFO">Step 2 - Select Dresses/Summer Dresses category</msg>
<status status="PASS" starttime="20200514 11:48:05.053" endtime="20200514 11:48:05.053"></status>
</kw>
<kw name="Select Category Dresses - Summer Dresses" library="Keywords">
<kw name="Wait Until Element Is Visible" library="SeleniumLibrary">
<doc>Waits until the element ``locator`` is visible.</doc>
<arguments>
<arg>${btn_Category_Dresses}</arg>
<arg>${WAIT_TIME}</arg>
</arguments>
<status status="PASS" starttime="20200514 11:48:05.053" endtime="20200514 11:48:05.343"></status>
</kw>
<kw name="Click Element" library="SeleniumLibrary">
<doc>Click the element identified by ``locator``.</doc>
<arguments>
<arg>${btn_Category_Dresses}</arg>
</arguments>
<msg timestamp="20200514 11:48:05.343" level="INFO">Clicking element '(//a[@class="sf-with-ul" and @title="Dresses"])[2]'.</msg>
<status status="PASS" starttime="20200514 11:48:05.343" endtime="20200514 11:48:08.048"></status>
</kw>
<kw name="Title Should Be" library="SeleniumLibrary">
<doc>Verifies that the current page title equals ``title``.</doc>
<arguments>
<arg>${TITLE_DRESSES}</arg>
</arguments>
<msg timestamp="20200514 11:48:08.073" level="INFO">Page title is 'Dresses - My Store'.</msg>
<status status="PASS" starttime="20200514 11:48:08.048" endtime="20200514 11:48:08.073"></status>
</kw>
<kw name="Wait Until Element Is Visible" library="SeleniumLibrary">
<doc>Waits until the element ``locator`` is visible.</doc>
<arguments>
<arg>${btn_Category_Dre_SumDresses}</arg>
<arg>${WAIT_TIME}</arg>
</arguments>
<status status="PASS" starttime="20200514 11:48:08.073" endtime="20200514 11:48:08.383"></status>
</kw>
<kw name="Click Element" library="SeleniumLibrary">
<doc>Click the element identified by ``locator``.</doc>
<arguments>
<arg>${btn_Category_Dre_SumDresses}</arg>
</arguments>
<msg timestamp="20200514 11:48:08.383" level="INFO">Clicking element '//a[@class='subcategory-name'][contains(text(),'Summer Dresses')]'.</msg>
<status status="PASS" starttime="20200514 11:48:08.383" endtime="20200514 11:48:11.053"></status>
</kw>
<kw name="Title Should Be" library="SeleniumLibrary">
<doc>Verifies that the current page title equals ``title``.</doc>
<arguments>
<arg>${TITLE_DRESSES_SUMMER}</arg>
</arguments>
<msg timestamp="20200514 11:48:11.073" level="INFO">Page title is 'Summer Dresses - My Store'.</msg>
<status status="PASS" starttime="20200514 11:48:11.053" endtime="20200514 11:48:11.073"></status>
</kw>
<status status="PASS" starttime="20200514 11:48:05.053" endtime="20200514 11:48:11.073"></status>
</kw>
<kw name="Log" library="BuiltIn">
<doc>Logs the given message with the given level.</doc>
<arguments>
<arg>Step 3 - Select second subcategory on grid</arg>
</arguments>
<msg timestamp="20200514 11:48:11.073" level="INFO">Step 3 - Select second subcategory on grid</msg>
<status status="PASS" starttime="20200514 11:48:11.073" endtime="20200514 11:48:11.073"></status>
</kw>
<kw name="Summer Dresses: Select Item" library="Keywords">
<arguments>
<arg>[2]</arg>
</arguments>
<kw name="Catenate" library="BuiltIn">
<doc>Catenates the given items together and returns the resulted string.</doc>
<arguments>
<arg>SEPARATOR=</arg>
<arg>${mo_SummerDress_Item}</arg>
<arg>${grid_item}</arg>
</arguments>
<assign>
<var>${temp_locator}</var>
</assign>
<msg timestamp="20200514 11:48:11.073" level="INFO">${temp_locator} = (//div[@class="product-container"])[2]</msg>
<status status="PASS" starttime="20200514 11:48:11.073" endtime="20200514 11:48:11.073"></status>
</kw>
<kw name="Wait Until Element Is Visible" library="SeleniumLibrary">
<doc>Waits until the element ``locator`` is visible.</doc>
<arguments>
<arg>${temp_locator}</arg>
<arg>${WAIT_TIME}</arg>
</arguments>
<status status="PASS" starttime="20200514 11:48:11.073" endtime="20200514 11:48:11.303"></status>
</kw>
<kw name="Wait Until Element Is Visible" library="SeleniumLibrary">
<doc>Waits until the element ``locator`` is visible.</doc>
<arguments>
<arg>${btn_Compare}</arg>
</arguments>
<status status="PASS" starttime="20200514 11:48:11.303" endtime="20200514 11:48:11.648"></status>
</kw>
<kw name="Scroll Element Into View" library="SeleniumLibrary">
<doc>Scrolls the element identified by ``locator`` into view.</doc>
<arguments>
<arg>${temp_locator}</arg>
</arguments>
<status status="PASS" starttime="20200514 11:48:11.648" endtime="20200514 11:48:12.453"></status>
</kw>
<kw name="Mouse Over" library="SeleniumLibrary">
<doc>Simulates hovering the mouse over the element ``locator``.</doc>
<arguments>
<arg>${temp_locator}</arg>
</arguments>
<msg timestamp="20200514 11:48:12.453" level="INFO">Simulating Mouse Over on element '(//div[@class="product-container"])[2]'.</msg>
<status status="PASS" starttime="20200514 11:48:12.453" endtime="20200514 11:48:12.692"></status>
</kw>
<kw name="Catenate" library="BuiltIn">
<doc>Catenates the given items together and returns the resulted string.</doc>
<arguments>
<arg>SEPARATOR=</arg>
<arg>${btn_SummerDress_More}</arg>
<arg>${grid_item}</arg>
</arguments>
<assign>
<var>${temp_locator}</var>
</assign>
<msg timestamp="20200514 11:48:12.694" level="INFO">${temp_locator} = (//span[contains(text(),"More")])[2]</msg>
<status status="PASS" starttime="20200514 11:48:12.692" endtime="20200514 11:48:12.694"></status>
</kw>
<kw name="Wait Until Element Is Visible" library="SeleniumLibrary">
<doc>Waits until the element ``locator`` is visible.</doc>
<arguments>
<arg>${temp_locator}</arg>
<arg>${WAIT_TIME}</arg>
</arguments>
<status status="PASS" starttime="20200514 11:48:12.694" endtime="20200514 11:48:13.417"></status>
</kw>
<kw name="Click Element" library="SeleniumLibrary">
<doc>Click the element identified by ``locator``.</doc>
<arguments>
<arg>${temp_locator}</arg>
</arguments>
<msg timestamp="20200514 11:48:13.418" level="INFO">Clicking element '(//span[contains(text(),"More")])[2]'.</msg>
<status status="PASS" starttime="20200514 11:48:13.418" endtime="20200514 11:48:16.243"></status>
</kw>
<status status="PASS" starttime="20200514 11:48:11.073" endtime="20200514 11:48:16.243"></status>
</kw>
<kw name="Log" library="BuiltIn">
<doc>Logs the given message with the given level.</doc>
<arguments>
<arg>Step 4 - Add item to shopping cart</arg>
</arguments>
<msg timestamp="20200514 11:48:16.243" level="INFO">Step 4 - Add item to shopping cart</msg>
<status status="PASS" starttime="20200514 11:48:16.243" endtime="20200514 11:48:16.243"></status>
</kw>
<kw name="Add Item to Shopping Cart" library="Keywords">
<arguments>
<arg>1</arg>
<arg>S</arg>
<arg>${btn_Item_Color_White}</arg>
<arg>${btn_Proceed_Checkout}</arg>
</arguments>
<kw name="Wait Until Element Is Visible" library="SeleniumLibrary">
<doc>Waits until the element ``locator`` is visible.</doc>
<arguments>
<arg>${txt_Item_Qty}</arg>
<arg>${WAIT_TIME}</arg>
</arguments>
<status status="PASS" starttime="20200514 11:48:16.243" endtime="20200514 11:48:16.553"></status>
</kw>
<kw name="Wait Until Element Is Visible" library="SeleniumLibrary">
<doc>Waits until the element ``locator`` is visible.</doc>
<arguments>
<arg>${mo_Item_Size}</arg>
<arg>${WAIT_TIME}</arg>
</arguments>
<status status="PASS" starttime="20200514 11:48:16.553" endtime="20200514 11:48:16.843"></status>
</kw>
<kw name="Wait Until Element Is Visible" library="SeleniumLibrary">
<doc>Waits until the element ``locator`` is visible.</doc>
<arguments>
<arg>${color}</arg>
</arguments>
<status status="PASS" starttime="20200514 11:48:16.843" endtime="20200514 11:48:17.303"></status>
</kw>
<kw name="Scroll Element Into View" library="SeleniumLibrary">
<doc>Scrolls the element identified by ``locator`` into view.</doc>
<arguments>
<arg>${btn_Item_AddToCart}</arg>
</arguments>
<status status="PASS" starttime="20200514 11:48:17.303" endtime="20200514 11:48:18.154"></status>
</kw>
<kw name="Input Text" library="SeleniumLibrary">
<doc>Types the given ``text`` into the text field identified by ``locator``.</doc>
<arguments>
<arg>${txt_Item_Qty}</arg>
<arg>${qty}</arg>
</arguments>
<msg timestamp="20200514 11:48:18.154" level="INFO">Typing text '1' into text field 'id:quantity_wanted'.</msg>
<status status="PASS" starttime="20200514 11:48:18.154" endtime="20200514 11:48:18.993"></status>
</kw>
<kw name="Select From List By Label" library="SeleniumLibrary">
<doc>Selects options from selection list ``locator`` by ``labels``.</doc>
<arguments>
<arg>${lst_Item_Size}</arg>
<arg>${size}</arg>
</arguments>
<msg timestamp="20200514 11:48:18.993" level="INFO">Selecting options from selection list 'id:group_1' by label S.</msg>
<status status="PASS" starttime="20200514 11:48:18.993" endtime="20200514 11:48:19.665"></status>
</kw>
<kw name="Click Element" library="SeleniumLibrary">
<doc>Click the element identified by ``locator``.</doc>
<arguments>
<arg>${color}</arg>
</arguments>
<msg timestamp="20200514 11:48:19.666" level="INFO">Clicking element 'id:color_8'.</msg>
<status status="PASS" starttime="20200514 11:48:19.666" endtime="20200514 11:48:20.272"></status>
</kw>
<kw name="Wait Until Element Is Visible" library="SeleniumLibrary">
<doc>Waits until the element ``locator`` is visible.</doc>
<arguments>
<arg>${btn_Item_AddToCart}</arg>
<arg>${WAIT_TIME}</arg>
</arguments>
<status status="PASS" starttime="20200514 11:48:20.272" endtime="20200514 11:48:20.583"></status>
</kw>
<kw name="Click Element" library="SeleniumLibrary">
<doc>Click the element identified by ``locator``.</doc>
<arguments>
<arg>${btn_Item_AddToCart}</arg>
</arguments>
<msg timestamp="20200514 11:48:20.583" level="INFO">Clicking element '//span[contains(text(),'Add to cart')]'.</msg>
<status status="PASS" starttime="20200514 11:48:20.583" endtime="20200514 11:48:21.213"></status>
</kw>
<kw name="Wait Until Element Is Visible" library="SeleniumLibrary">
<doc>Waits until the element ``locator`` is visible.</doc>
<arguments>
<arg>${next_step}</arg>
<arg>${WAIT_TIME}</arg>
</arguments>
<status status="PASS" starttime="20200514 11:48:21.213" endtime="20200514 11:48:22.123"></status>
</kw>
<kw name="Click Element" library="SeleniumLibrary">
<doc>Click the element identified by ``locator``.</doc>
<arguments>
<arg>${next_step}</arg>
</arguments>
<msg timestamp="20200514 11:48:22.123" level="INFO">Clicking element '//span[contains(text(),'Proceed to checkout')]'.</msg>
<status status="PASS" starttime="20200514 11:48:22.123" endtime="20200514 11:48:23.733"></status>
</kw>
<status status="PASS" starttime="20200514 11:48:16.243" endtime="20200514 11:48:23.733"></status>
</kw>
<kw name="Log" library="BuiltIn">
<doc>Logs the given message with the given level.</doc>
<arguments>
<arg>Step 5 - Validate total amount is less than 50 USD</arg>
</arguments>
<msg timestamp="20200514 11:48:23.733" level="INFO">Step 5 - Validate total amount is less than 50 USD</msg>
<status status="PASS" starttime="20200514 11:48:23.733" endtime="20200514 11:48:23.733"></status>
</kw>
<kw name="Check Total Amount" library="Keywords">
<arguments>
<arg>LESS</arg>
<arg>50</arg>
</arguments>
<kw name="Wait Until Element Is Visible" library="SeleniumLibrary">
<doc>Waits until the element ``locator`` is visible.</doc>
<arguments>
<arg>${lbl_Tot_Amount}</arg>
<arg>${WAIT_TIME}</arg>
</arguments>
<status status="PASS" starttime="20200514 11:48:23.733" endtime="20200514 11:48:24.118"></status>
</kw>
<kw name="Get Text" library="SeleniumLibrary">
<doc>Returns the text value of the element identified by ``locator``.</doc>
<arguments>
<arg>${lbl_Tot_Amount}</arg>
</arguments>
<assign>
<var>${total amount}</var>
</assign>
<msg timestamp="20200514 11:48:24.413" level="INFO">${total amount} = $32.50</msg>
<status status="PASS" starttime="20200514 11:48:24.118" endtime="20200514 11:48:24.413"></status>
</kw>
<kw name="Remove String" library="String">
<doc>Removes all ``removables`` from the given ``string``.</doc>
<arguments>
<arg>${total amount}</arg>
<arg>$</arg>
</arguments>
<assign>
<var>${total amount}</var>
</assign>
<msg timestamp="20200514 11:48:24.413" level="INFO">${total amount} = 32.50</msg>
<status status="PASS" starttime="20200514 11:48:24.413" endtime="20200514 11:48:24.413"></status>
</kw>
<kw name="Convert To Number" library="BuiltIn">
<doc>Converts the given item to a floating point number.</doc>
<arguments>
<arg>${total amount}</arg>
</arguments>
<assign>
<var>${total amount}</var>
</assign>
<msg timestamp="20200514 11:48:24.413" level="INFO">${total amount} = 32.5</msg>
<status status="PASS" starttime="20200514 11:48:24.413" endtime="20200514 11:48:24.413"></status>
</kw>
<kw name="Run Keyword If" library="BuiltIn">
<doc>Runs the given keyword with the given arguments, if ``condition`` is true.</doc>
<arguments>
<arg>'${operation}' == 'LESS'</arg>
<arg>Should Be True</arg>
<arg>${total amount} &lt; ${exp_total_amount}</arg>
</arguments>
<kw name="Should Be True" library="BuiltIn">
<doc>Fails if the given condition is not true.</doc>
<arguments>
<arg>${total amount} &lt; ${exp_total_amount}</arg>
</arguments>
<status status="PASS" starttime="20200514 11:48:24.413" endtime="20200514 11:48:24.413"></status>
</kw>
<status status="PASS" starttime="20200514 11:48:24.413" endtime="20200514 11:48:24.413"></status>
</kw>
<kw name="Run Keyword If" library="BuiltIn">
<doc>Runs the given keyword with the given arguments, if ``condition`` is true.</doc>
<arguments>
<arg>'${operation}' == 'MORE'</arg>
<arg>Should Be True</arg>
<arg>${total amount} &gt; ${exp_total_amount}</arg>
</arguments>
<status status="PASS" starttime="20200514 11:48:24.413" endtime="20200514 11:48:24.413"></status>
</kw>
<status status="PASS" starttime="20200514 11:48:23.733" endtime="20200514 11:48:24.413"></status>
</kw>
<kw name="Log" library="BuiltIn">
<doc>Logs the given message with the given level.</doc>
<arguments>
<arg>Step 6 - Finalize order</arg>
</arguments>
<msg timestamp="20200514 11:48:24.413" level="INFO">Step 6 - Finalize order</msg>
<status status="PASS" starttime="20200514 11:48:24.413" endtime="20200514 11:48:24.413"></status>
</kw>
<kw name="Finalize the Order" library="Keywords">
<kw name="Proceed to Checkout" library="Keywords">
<kw name="Wait Until Element Is Visible" library="SeleniumLibrary">
<doc>Waits until the element ``locator`` is visible.</doc>
<arguments>
<arg>${btn_Shop_Cart_Proceed_Checkout}</arg>
</arguments>
<status status="PASS" starttime="20200514 11:48:24.413" endtime="20200514 11:48:24.673"></status>
</kw>
<kw name="Click Element" library="SeleniumLibrary">
<doc>Click the element identified by ``locator``.</doc>
<arguments>
<arg>${btn_Shop_Cart_Proceed_Checkout}</arg>
</arguments>
<msg timestamp="20200514 11:48:24.673" level="INFO">Clicking element '(//span[contains(text(),'Proceed to checkout')])[2]'.</msg>
<status status="PASS" starttime="20200514 11:48:24.673" endtime="20200514 11:48:26.736"></status>
</kw>
<kw name="Title Should Be" library="SeleniumLibrary">
<doc>Verifies that the current page title equals ``title``.</doc>
<arguments>
<arg>${TITLE_CART}</arg>
</arguments>
<msg timestamp="20200514 11:48:26.749" level="INFO">Page title is 'Order - My Store'.</msg>
<status status="PASS" starttime="20200514 11:48:26.737" endtime="20200514 11:48:26.749"></status>
</kw>
<kw name="Page Should Contain Element" library="SeleniumLibrary">
<doc>Verifies that element ``locator`` is found on the current page.</doc>
<arguments>
<arg>${lbl_Step3_Address}</arg>
</arguments>
<msg timestamp="20200514 11:48:26.823" level="INFO">Current page contains element '//li[@class="step_current third"]'.</msg>
<status status="PASS" starttime="20200514 11:48:26.749" endtime="20200514 11:48:26.824"></status>
</kw>
<status status="PASS" starttime="20200514 11:48:24.413" endtime="20200514 11:48:26.824"></status>
</kw>
<kw name="Check Address and Add Comments" library="Keywords">
<kw name="Wait Until Element Is Visible" library="SeleniumLibrary">
<doc>Waits until the element ``locator`` is visible.</doc>
<arguments>
<arg>${txt_Comments}</arg>
</arguments>
<status status="PASS" starttime="20200514 11:48:26.824" endtime="20200514 11:48:27.100"></status>
</kw>
<kw name="Input Text" library="SeleniumLibrary">
<doc>Types the given ``text`` into the text field identified by ``locator``.</doc>
<arguments>
<arg>${txt_Comments}</arg>
<arg>This is a comment for and order.</arg>
</arguments>
<msg timestamp="20200514 11:48:27.100" level="INFO">Typing text 'This is a comment for and order.' into text field '//textarea[@name='message']'.</msg>
<status status="PASS" starttime="20200514 11:48:27.100" endtime="20200514 11:48:27.923"></status>
</kw>
<kw name="Wait Until Element Is Visible" library="SeleniumLibrary">
<doc>Waits until the element ``locator`` is visible.</doc>
<arguments>
<arg>${btn_Shop_Cart_Proceed_Checkout}</arg>
</arguments>
<status status="PASS" starttime="20200514 11:48:27.923" endtime="20200514 11:48:28.423"></status>
</kw>
<kw name="Click Element" library="SeleniumLibrary">
<doc>Click the element identified by ``locator``.</doc>
<arguments>
<arg>${btn_Shop_Cart_Proceed_Checkout}</arg>
</arguments>
<msg timestamp="20200514 11:48:28.428" level="INFO">Clicking element '(//span[contains(text(),'Proceed to checkout')])[2]'.</msg>
<status status="PASS" starttime="20200514 11:48:28.423" endtime="20200514 11:48:30.413"></status>
</kw>
<kw name="Title Should Be" library="SeleniumLibrary">
<doc>Verifies that the current page title equals ``title``.</doc>
<arguments>
<arg>${TITLE_CART}</arg>
</arguments>
<msg timestamp="20200514 11:48:30.454" level="INFO">Page title is 'Order - My Store'.</msg>
<status status="PASS" starttime="20200514 11:48:30.413" endtime="20200514 11:48:30.454"></status>
</kw>
<kw name="Page Should Contain Element" library="SeleniumLibrary">
<doc>Verifies that element ``locator`` is found on the current page.</doc>
<arguments>
<arg>${lbl_Step4_Shipping}</arg>
</arguments>
<msg timestamp="20200514 11:48:30.633" level="INFO">Current page contains element '//li[@class="step_current four"]'.</msg>
<status status="PASS" starttime="20200514 11:48:30.454" endtime="20200514 11:48:30.633"></status>
</kw>
<status status="PASS" starttime="20200514 11:48:26.824" endtime="20200514 11:48:30.633"></status>
</kw>
<kw name="Shipping" library="Keywords">
<kw name="Wait Until Element Is Visible" library="SeleniumLibrary">
<doc>Waits until the element ``locator`` is visible.</doc>
<arguments>
<arg>${mo_Terms}</arg>
</arguments>
<status status="PASS" starttime="20200514 11:48:30.633" endtime="20200514 11:48:31.043"></status>
</kw>
<kw name="Select Checkbox" library="SeleniumLibrary">
<doc>Selects the checkbox identified by ``locator``.</doc>
<arguments>
<arg>${chk_Terms}</arg>
</arguments>
<msg timestamp="20200514 11:48:31.043" level="INFO">Selecting checkbox 'id:cgv'.</msg>
<status status="PASS" starttime="20200514 11:48:31.043" endtime="20200514 11:48:32.113"></status>
</kw>
<kw name="Wait Until Element Is Visible" library="SeleniumLibrary">
<doc>Waits until the element ``locator`` is visible.</doc>
<arguments>
<arg>${btn_Shop_Cart_Proceed_Checkout}</arg>
</arguments>
<status status="PASS" starttime="20200514 11:48:32.113" endtime="20200514 11:48:32.353"></status>
</kw>
<kw name="Click Element" library="SeleniumLibrary">
<doc>Click the element identified by ``locator``.</doc>
<arguments>
<arg>${btn_Shop_Cart_Proceed_Checkout}</arg>
</arguments>
<msg timestamp="20200514 11:48:32.353" level="INFO">Clicking element '(//span[contains(text(),'Proceed to checkout')])[2]'.</msg>
<status status="PASS" starttime="20200514 11:48:32.353" endtime="20200514 11:48:34.223"></status>
</kw>
<kw name="Page Should Contain Element" library="SeleniumLibrary">
<doc>Verifies that element ``locator`` is found on the current page.</doc>
<arguments>
<arg>${lbl_Step5_Payment}</arg>
</arguments>
<msg timestamp="20200514 11:48:34.308" level="INFO">Current page contains element '//li[@class="step_current last"]'.</msg>
<status status="PASS" starttime="20200514 11:48:34.223" endtime="20200514 11:48:34.308"></status>
</kw>
<status status="PASS" starttime="20200514 11:48:30.633" endtime="20200514 11:48:34.309"></status>
</kw>
<kw name="Select Payment Type" library="Keywords">
<kw name="Wait Until Element Is Visible" library="SeleniumLibrary">
<doc>Waits until the element ``locator`` is visible.</doc>
<arguments>
<arg>${btn_Pay_Bank_Wire}</arg>
</arguments>
<status status="PASS" starttime="20200514 11:48:34.309" endtime="20200514 11:48:34.653"></status>
</kw>
<kw name="Click Element" library="SeleniumLibrary">
<doc>Click the element identified by ``locator``.</doc>
<arguments>
<arg>${btn_Pay_Bank_Wire}</arg>
</arguments>
<msg timestamp="20200514 11:48:34.653" level="INFO">Clicking element '//a[@class='bankwire']'.</msg>
<status status="PASS" starttime="20200514 11:48:34.653" endtime="20200514 11:48:36.643"></status>
</kw>
<status status="PASS" starttime="20200514 11:48:34.309" endtime="20200514 11:48:36.643"></status>
</kw>
<kw name="Confirm the Order" library="Keywords">
<kw name="Wait Until Element Is Visible" library="SeleniumLibrary">
<doc>Waits until the element ``locator`` is visible.</doc>
<arguments>
<arg>${btn_Confirm_My_Order}</arg>
</arguments>
<status status="PASS" starttime="20200514 11:48:36.643" endtime="20200514 11:48:37.023"></status>
</kw>
<kw name="Click Element" library="SeleniumLibrary">
<doc>Click the element identified by ``locator``.</doc>
<arguments>
<arg>${btn_Confirm_My_Order}</arg>
</arguments>
<msg timestamp="20200514 11:48:37.023" level="INFO">Clicking element '//span[contains(text(),'I confirm my order')]'.</msg>
<status status="PASS" starttime="20200514 11:48:37.023" endtime="20200514 11:48:39.323"></status>
</kw>
<kw name="Page Should Contain Element" library="SeleniumLibrary">
<doc>Verifies that element ``locator`` is found on the current page.</doc>
<arguments>
<arg>${lbl_Order_Confirmation}</arg>
</arguments>
<msg timestamp="20200514 11:48:39.423" level="INFO">Current page contains element '//strong[contains(text(),'Your order on My Store is complete.')]'.</msg>
<status status="PASS" starttime="20200514 11:48:39.323" endtime="20200514 11:48:39.423"></status>
</kw>
<kw name="Title Should Be" library="SeleniumLibrary">
<doc>Verifies that the current page title equals ``title``.</doc>
<arguments>
<arg>${TITLE_ORDER_CONFIRMATION}</arg>
</arguments>
<msg timestamp="20200514 11:48:39.443" level="INFO">Page title is 'Order confirmation - My Store'.</msg>
<status status="PASS" starttime="20200514 11:48:39.423" endtime="20200514 11:48:39.443"></status>
</kw>
<status status="PASS" starttime="20200514 11:48:36.643" endtime="20200514 11:48:39.443"></status>
</kw>
<status status="PASS" starttime="20200514 11:48:24.413" endtime="20200514 11:48:39.443"></status>
</kw>
<kw name="Finish Test" library="Keywords" type="teardown">
<kw name="Sleep" library="BuiltIn">
<doc>Pauses the test executed for the given time.</doc>
<arguments>
<arg>5 seconds</arg>
</arguments>
<msg timestamp="20200514 11:48:44.443" level="INFO">Slept 5 seconds</msg>
<status status="PASS" starttime="20200514 11:48:39.443" endtime="20200514 11:48:44.443"></status>
</kw>
<kw name="Sign Out" library="Keywords">
<kw name="Wait Until Element Is Visible" library="SeleniumLibrary">
<doc>Waits until the element ``locator`` is visible.</doc>
<arguments>
<arg>${btn_MyAcct_Logout}</arg>
<arg>${WAIT_TIME}</arg>
</arguments>
<status status="PASS" starttime="20200514 11:48:44.443" endtime="20200514 11:48:44.833"></status>
</kw>
<kw name="Click Element" library="SeleniumLibrary">
<doc>Click the element identified by ``locator``.</doc>
<arguments>
<arg>${btn_MyAcct_Logout}</arg>
</arguments>
<msg timestamp="20200514 11:48:44.833" level="INFO">Clicking element '//a[@class='logout']'.</msg>
<status status="PASS" starttime="20200514 11:48:44.833" endtime="20200514 11:48:48.033"></status>
</kw>
<kw name="Title Should Be" library="SeleniumLibrary">
<doc>Verifies that the current page title equals ``title``.</doc>
<arguments>
<arg>${TITLE_LOGIN}</arg>
</arguments>
<msg timestamp="20200514 11:48:48.053" level="INFO">Page title is 'Login - My Store'.</msg>
<status status="PASS" starttime="20200514 11:48:48.033" endtime="20200514 11:48:48.053"></status>
</kw>
<kw name="Sleep" library="BuiltIn">
<doc>Pauses the test executed for the given time.</doc>
<arguments>
<arg>3</arg>
</arguments>
<msg timestamp="20200514 11:48:51.063" level="INFO">Slept 3 seconds</msg>
<status status="PASS" starttime="20200514 11:48:48.053" endtime="20200514 11:48:51.063"></status>
</kw>
<status status="PASS" starttime="20200514 11:48:44.443" endtime="20200514 11:48:51.063"></status>
</kw>
<kw name="Close Browser" library="SeleniumLibrary">
<doc>Closes the current browser.</doc>
<status status="PASS" starttime="20200514 11:48:51.063" endtime="20200514 11:48:54.264"></status>
</kw>
<status status="PASS" starttime="20200514 11:48:39.443" endtime="20200514 11:48:54.264"></status>
</kw>
<doc>Login with the existing user: tqmtlzci@oisnjaxw.com / aqlnlgkmdr

Add one item to shopping cart

Validate total amount is under 50 USD</doc>
<tags>
<tag>Functional</tag>
<tag>Login</tag>
</tags>
<status status="PASS" starttime="20200514 11:47:53.883" endtime="20200514 11:48:54.264" critical="yes"></status>
</test>
<test id="s1-t2" name="TC02 Login, add two different items to shopping cart and validate total amount is over 50 USD">
<kw name="Start Test" library="Keywords" type="setup">
<kw name="Generate Random String" library="String">
<doc>Generates a string with a desired ``length`` from the given ``chars``.</doc>
<arguments>
<arg>10</arg>
<arg>[LOWER]</arg>
</arguments>
<assign>
<var>${FIRST NAME}</var>
</assign>
<msg timestamp="20200514 11:48:54.273" level="INFO">${FIRST NAME} = eynanjvabp</msg>
<status status="PASS" starttime="20200514 11:48:54.273" endtime="20200514 11:48:54.273"></status>
</kw>
<kw name="Generate Random String" library="String">
<doc>Generates a string with a desired ``length`` from the given ``chars``.</doc>
<arguments>
<arg>12</arg>
<arg>[LOWER]</arg>
</arguments>
<assign>
<var>${LAST NAME}</var>
</assign>
<msg timestamp="20200514 11:48:54.278" level="INFO">${LAST NAME} = rofhnigryykt</msg>
<status status="PASS" starttime="20200514 11:48:54.273" endtime="20200514 11:48:54.278"></status>
</kw>
<kw name="Generate Random String" library="String">
<doc>Generates a string with a desired ``length`` from the given ``chars``.</doc>
<arguments>
<arg>5</arg>
<arg>[NUMBERS]</arg>
</arguments>
<assign>
<var>${ZIP CODE}</var>
</assign>
<msg timestamp="20200514 11:48:54.278" level="INFO">${ZIP CODE} = 34596</msg>
<status status="PASS" starttime="20200514 11:48:54.278" endtime="20200514 11:48:54.278"></status>
</kw>
<kw name="Generate Random String" library="String">
<doc>Generates a string with a desired ``length`` from the given ``chars``.</doc>
<arguments>
<arg>10</arg>
<arg>[NUMBERS]</arg>
</arguments>
<assign>
<var>${PHONE}</var>
</assign>
<msg timestamp="20200514 11:48:54.278" level="INFO">${PHONE} = 2002671467</msg>
<status status="PASS" starttime="20200514 11:48:54.278" endtime="20200514 11:48:54.278"></status>
</kw>
<kw name="Set Test Variable" library="BuiltIn">
<doc>Makes a variable available everywhere within the scope of the current test.</doc>
<arguments>
<arg>${FIRST NAME}</arg>
</arguments>
<msg timestamp="20200514 11:48:54.278" level="INFO">${FIRST NAME} = eynanjvabp</msg>
<status status="PASS" starttime="20200514 11:48:54.278" endtime="20200514 11:48:54.278"></status>
</kw>
<kw name="Set Test Variable" library="BuiltIn">
<doc>Makes a variable available everywhere within the scope of the current test.</doc>
<arguments>
<arg>${LAST NAME}</arg>
</arguments>
<msg timestamp="20200514 11:48:54.283" level="INFO">${LAST NAME} = rofhnigryykt</msg>
<status status="PASS" starttime="20200514 11:48:54.283" endtime="20200514 11:48:54.283"></status>
</kw>
<kw name="Set Test Variable" library="BuiltIn">
<doc>Makes a variable available everywhere within the scope of the current test.</doc>
<arguments>
<arg>${ZIP CODE}</arg>
</arguments>
<msg timestamp="20200514 11:48:54.283" level="INFO">${ZIP CODE} = 34596</msg>
<status status="PASS" starttime="20200514 11:48:54.283" endtime="20200514 11:48:54.283"></status>
</kw>
<kw name="Set Test Variable" library="BuiltIn">
<doc>Makes a variable available everywhere within the scope of the current test.</doc>
<arguments>
<arg>${PHONE}</arg>
</arguments>
<msg timestamp="20200514 11:48:54.283" level="INFO">${PHONE} = 2002671467</msg>
<status status="PASS" starttime="20200514 11:48:54.283" endtime="20200514 11:48:54.283"></status>
</kw>
<status status="PASS" starttime="20200514 11:48:54.273" endtime="20200514 11:48:54.283"></status>
</kw>
<kw name="Set Screenshot Directory" library="SeleniumLibrary">
<doc>Sets the directory for captured screenshots.</doc>
<arguments>
<arg>../Reports/screenshots/main/tc03</arg>
</arguments>
<status status="PASS" starttime="20200514 11:48:54.283" endtime="20200514 11:48:54.283"></status>
</kw>
<kw name="Log" library="BuiltIn">
<doc>Logs the given message with the given level.</doc>
<arguments>
<arg>Step 1 - Open home page and sing-in</arg>
</arguments>
<msg timestamp="20200514 11:48:54.283" level="INFO">Step 1 - Open home page and sing-in</msg>
<status status="PASS" starttime="20200514 11:48:54.283" endtime="20200514 11:48:54.283"></status>
</kw>
<kw name="Open Home Page" library="Keywords">
<kw name="Open Browser" library="SeleniumLibrary">
<doc>Opens a new browser instance to the optional ``url``.</doc>
<arguments>
<arg>${HOME PAGE URL}</arg>
<arg>${BROWSER}</arg>
</arguments>
<msg timestamp="20200514 11:48:54.293" level="INFO">Opening browser 'internetexplorer' to base url 'http://automationpractice.com/index.php'.</msg>
<status status="PASS" starttime="20200514 11:48:54.293" endtime="20200514 11:48:58.044"></status>
</kw>
<kw name="Maximize Browser Window" library="SeleniumLibrary">
<doc>Maximizes current browser window.</doc>
<status status="PASS" starttime="20200514 11:48:58.044" endtime="20200514 11:48:58.063"></status>
</kw>
<kw name="Title Should Be" library="SeleniumLibrary">
<doc>Verifies that the current page title equals ``title``.</doc>
<arguments>
<arg>${TITLE_HOMEPAGE}</arg>
</arguments>
<msg timestamp="20200514 11:48:58.083" level="INFO">Page title is 'My Store'.</msg>
<status status="PASS" starttime="20200514 11:48:58.063" endtime="20200514 11:48:58.083"></status>
</kw>
<status status="PASS" starttime="20200514 11:48:54.293" endtime="20200514 11:48:58.083"></status>
</kw>
<kw name="Go To Login Page" library="Keywords">
<kw name="Wait Until Element Is Visible" library="SeleniumLibrary">
<doc>Waits until the element ``locator`` is visible.</doc>
<arguments>
<arg>${btn_SignIn}</arg>
<arg>${WAIT_TIME}</arg>
</arguments>
<status status="PASS" starttime="20200514 11:48:58.083" endtime="20200514 11:48:58.538"></status>
</kw>
<kw name="Click Element" library="SeleniumLibrary">
<doc>Click the element identified by ``locator``.</doc>
<arguments>
<arg>${btn_SignIn}</arg>
</arguments>
<msg timestamp="20200514 11:48:58.538" level="INFO">Clicking element 'css=.login'.</msg>
<status status="PASS" starttime="20200514 11:48:58.538" endtime="20200514 11:49:00.513"></status>
</kw>
<kw name="Title Should Be" library="SeleniumLibrary">
<doc>Verifies that the current page title equals ``title``.</doc>
<arguments>
<arg>${TITLE_LOGIN}</arg>
</arguments>
<msg timestamp="20200514 11:49:00.533" level="INFO">Page title is 'Login - My Store'.</msg>
<status status="PASS" starttime="20200514 11:49:00.513" endtime="20200514 11:49:00.533"></status>
</kw>
<status status="PASS" starttime="20200514 11:48:58.083" endtime="20200514 11:49:00.533"></status>
</kw>
<kw name="Sign In" library="Keywords">
<kw name="Wait Until Element Is Visible" library="SeleniumLibrary">
<doc>Waits until the element ``locator`` is visible.</doc>
<arguments>
<arg>${txt_EmailLogin}</arg>
</arguments>
<status status="PASS" starttime="20200514 11:49:00.533" endtime="20200514 11:49:00.983"></status>
</kw>
<kw name="Wait Until Element Is Visible" library="SeleniumLibrary">
<doc>Waits until the element ``locator`` is visible.</doc>
<arguments>
<arg>${txt_Password}</arg>
</arguments>
<status status="PASS" starttime="20200514 11:49:00.983" endtime="20200514 11:49:01.643"></status>
</kw>
<kw name="Wait Until Element Is Visible" library="SeleniumLibrary">
<doc>Waits until the element ``locator`` is visible.</doc>
<arguments>
<arg>${btn_Login}</arg>
</arguments>
<status status="PASS" starttime="20200514 11:49:01.643" endtime="20200514 11:49:02.103"></status>
</kw>
<kw name="Input Text" library="SeleniumLibrary">
<doc>Types the given ``text`` into the text field identified by ``locator``.</doc>
<arguments>
<arg>${txt_EmailLogin}</arg>
<arg>${EMAIL}</arg>
</arguments>
<msg timestamp="20200514 11:49:02.103" level="INFO">Typing text 'tqmtlzci@oisnjaxw.com' into text field 'id:email'.</msg>
<status status="PASS" starttime="20200514 11:49:02.103" endtime="20200514 11:49:03.463"></status>
</kw>
<kw name="Input Text" library="SeleniumLibrary">
<doc>Types the given ``text`` into the text field identified by ``locator``.</doc>
<arguments>
<arg>${txt_Password}</arg>
<arg>${PASSWORD}</arg>
</arguments>
<msg timestamp="20200514 11:49:03.463" level="INFO">Typing text 'aqlnlgkmdr' into text field 'id:passwd'.</msg>
<status status="PASS" starttime="20200514 11:49:03.463" endtime="20200514 11:49:04.383"></status>
</kw>
<kw name="Click Button" library="SeleniumLibrary">
<doc>Clicks the button identified by ``locator``.</doc>
<arguments>
<arg>${btn_Login}</arg>
</arguments>
<msg timestamp="20200514 11:49:04.383" level="INFO">Clicking button 'id:SubmitLogin'.</msg>
<status status="PASS" starttime="20200514 11:49:04.383" endtime="20200514 11:49:07.095"></status>
</kw>
<kw name="Title Should Be" library="SeleniumLibrary">
<doc>Verifies that the current page title equals ``title``.</doc>
<arguments>
<arg>${TITLE_MY_ACCT}</arg>
</arguments>
<msg timestamp="20200514 11:49:07.126" level="INFO">Page title is 'My account - My Store'.</msg>
<status status="PASS" starttime="20200514 11:49:07.095" endtime="20200514 11:49:07.126"></status>
</kw>
<status status="PASS" starttime="20200514 11:49:00.533" endtime="20200514 11:49:07.126"></status>
</kw>
<kw name="Log" library="BuiltIn">
<doc>Logs the given message with the given level.</doc>
<arguments>
<arg>Step 2 - Select Dresses/Summer Dresses category</arg>
</arguments>
<msg timestamp="20200514 11:49:07.126" level="INFO">Step 2 - Select Dresses/Summer Dresses category</msg>
<status status="PASS" starttime="20200514 11:49:07.126" endtime="20200514 11:49:07.126"></status>
</kw>
<kw name="Select Category Dresses - Summer Dresses" library="Keywords">
<kw name="Wait Until Element Is Visible" library="SeleniumLibrary">
<doc>Waits until the element ``locator`` is visible.</doc>
<arguments>
<arg>${btn_Category_Dresses}</arg>
<arg>${WAIT_TIME}</arg>
</arguments>
<status status="PASS" starttime="20200514 11:49:07.126" endtime="20200514 11:49:07.396"></status>
</kw>
<kw name="Click Element" library="SeleniumLibrary">
<doc>Click the element identified by ``locator``.</doc>
<arguments>
<arg>${btn_Category_Dresses}</arg>
</arguments>
<msg timestamp="20200514 11:49:07.396" level="INFO">Clicking element '(//a[@class="sf-with-ul" and @title="Dresses"])[2]'.</msg>
<status status="PASS" starttime="20200514 11:49:07.396" endtime="20200514 11:49:10.057"></status>
</kw>
<kw name="Title Should Be" library="SeleniumLibrary">
<doc>Verifies that the current page title equals ``title``.</doc>
<arguments>
<arg>${TITLE_DRESSES}</arg>
</arguments>
<msg timestamp="20200514 11:49:10.073" level="INFO">Page title is 'Dresses - My Store'.</msg>
<status status="PASS" starttime="20200514 11:49:10.057" endtime="20200514 11:49:10.073"></status>
</kw>
<kw name="Wait Until Element Is Visible" library="SeleniumLibrary">
<doc>Waits until the element ``locator`` is visible.</doc>
<arguments>
<arg>${btn_Category_Dre_SumDresses}</arg>
<arg>${WAIT_TIME}</arg>
</arguments>
<status status="PASS" starttime="20200514 11:49:10.073" endtime="20200514 11:49:10.388"></status>
</kw>
<kw name="Click Element" library="SeleniumLibrary">
<doc>Click the element identified by ``locator``.</doc>
<arguments>
<arg>${btn_Category_Dre_SumDresses}</arg>
</arguments>
<msg timestamp="20200514 11:49:10.388" level="INFO">Clicking element '//a[@class='subcategory-name'][contains(text(),'Summer Dresses')]'.</msg>
<status status="PASS" starttime="20200514 11:49:10.388" endtime="20200514 11:49:12.563"></status>
</kw>
<kw name="Title Should Be" library="SeleniumLibrary">
<doc>Verifies that the current page title equals ``title``.</doc>
<arguments>
<arg>${TITLE_DRESSES_SUMMER}</arg>
</arguments>
<msg timestamp="20200514 11:49:12.579" level="INFO">Page title is 'Summer Dresses - My Store'.</msg>
<status status="PASS" starttime="20200514 11:49:12.563" endtime="20200514 11:49:12.579"></status>
</kw>
<status status="PASS" starttime="20200514 11:49:07.126" endtime="20200514 11:49:12.579"></status>
</kw>
<kw name="Log" library="BuiltIn">
<doc>Logs the given message with the given level.</doc>
<arguments>
<arg>Step 3 - Select second subcategory on grid</arg>
</arguments>
<msg timestamp="20200514 11:49:12.579" level="INFO">Step 3 - Select second subcategory on grid</msg>
<status status="PASS" starttime="20200514 11:49:12.579" endtime="20200514 11:49:12.579"></status>
</kw>
<kw name="Summer Dresses: Select Item" library="Keywords">
<arguments>
<arg>[2]</arg>
</arguments>
<kw name="Catenate" library="BuiltIn">
<doc>Catenates the given items together and returns the resulted string.</doc>
<arguments>
<arg>SEPARATOR=</arg>
<arg>${mo_SummerDress_Item}</arg>
<arg>${grid_item}</arg>
</arguments>
<assign>
<var>${temp_locator}</var>
</assign>
<msg timestamp="20200514 11:49:12.579" level="INFO">${temp_locator} = (//div[@class="product-container"])[2]</msg>
<status status="PASS" starttime="20200514 11:49:12.579" endtime="20200514 11:49:12.579"></status>
</kw>
<kw name="Wait Until Element Is Visible" library="SeleniumLibrary">
<doc>Waits until the element ``locator`` is visible.</doc>
<arguments>
<arg>${temp_locator}</arg>
<arg>${WAIT_TIME}</arg>
</arguments>
<status status="PASS" starttime="20200514 11:49:12.579" endtime="20200514 11:49:12.814"></status>
</kw>
<kw name="Wait Until Element Is Visible" library="SeleniumLibrary">
<doc>Waits until the element ``locator`` is visible.</doc>
<arguments>
<arg>${btn_Compare}</arg>
</arguments>
<status status="PASS" starttime="20200514 11:49:12.814" endtime="20200514 11:49:13.030"></status>
</kw>
<kw name="Scroll Element Into View" library="SeleniumLibrary">
<doc>Scrolls the element identified by ``locator`` into view.</doc>
<arguments>
<arg>${temp_locator}</arg>
</arguments>
<status status="PASS" starttime="20200514 11:49:13.030" endtime="20200514 11:49:13.894"></status>
</kw>
<kw name="Mouse Over" library="SeleniumLibrary">
<doc>Simulates hovering the mouse over the element ``locator``.</doc>
<arguments>
<arg>${temp_locator}</arg>
</arguments>
<msg timestamp="20200514 11:49:13.900" level="INFO">Simulating Mouse Over on element '(//div[@class="product-container"])[2]'.</msg>
<status status="PASS" starttime="20200514 11:49:13.900" endtime="20200514 11:49:14.178"></status>
</kw>
<kw name="Catenate" library="BuiltIn">
<doc>Catenates the given items together and returns the resulted string.</doc>
<arguments>
<arg>SEPARATOR=</arg>
<arg>${btn_SummerDress_More}</arg>
<arg>${grid_item}</arg>
</arguments>
<assign>
<var>${temp_locator}</var>
</assign>
<msg timestamp="20200514 11:49:14.178" level="INFO">${temp_locator} = (//span[contains(text(),"More")])[2]</msg>
<status status="PASS" starttime="20200514 11:49:14.178" endtime="20200514 11:49:14.178"></status>
</kw>
<kw name="Wait Until Element Is Visible" library="SeleniumLibrary">
<doc>Waits until the element ``locator`` is visible.</doc>
<arguments>
<arg>${temp_locator}</arg>
<arg>${WAIT_TIME}</arg>
</arguments>
<status status="PASS" starttime="20200514 11:49:14.178" endtime="20200514 11:49:14.701"></status>
</kw>
<kw name="Click Element" library="SeleniumLibrary">
<doc>Click the element identified by ``locator``.</doc>
<arguments>
<arg>${temp_locator}</arg>
</arguments>
<msg timestamp="20200514 11:49:14.701" level="INFO">Clicking element '(//span[contains(text(),"More")])[2]'.</msg>
<status status="PASS" starttime="20200514 11:49:14.701" endtime="20200514 11:49:17.169"></status>
</kw>
<status status="PASS" starttime="20200514 11:49:12.579" endtime="20200514 11:49:17.169"></status>
</kw>
<kw name="Log" library="BuiltIn">
<doc>Logs the given message with the given level.</doc>
<arguments>
<arg>Step 4 - Add two different sizes and colors items to shopping cart</arg>
</arguments>
<msg timestamp="20200514 11:49:17.169" level="INFO">Step 4 - Add two different sizes and colors items to shopping cart</msg>
<status status="PASS" starttime="20200514 11:49:17.169" endtime="20200514 11:49:17.169"></status>
</kw>
<kw name="Add Item to Shopping Cart" library="Keywords">
<arguments>
<arg>1</arg>
<arg>S</arg>
<arg>${btn_Item_Color_White}</arg>
<arg>${btn_Continue_Shopping}</arg>
</arguments>
<kw name="Wait Until Element Is Visible" library="SeleniumLibrary">
<doc>Waits until the element ``locator`` is visible.</doc>
<arguments>
<arg>${txt_Item_Qty}</arg>
<arg>${WAIT_TIME}</arg>
</arguments>
<status status="PASS" starttime="20200514 11:49:17.169" endtime="20200514 11:49:17.522"></status>
</kw>
<kw name="Wait Until Element Is Visible" library="SeleniumLibrary">
<doc>Waits until the element ``locator`` is visible.</doc>
<arguments>
<arg>${mo_Item_Size}</arg>
<arg>${WAIT_TIME}</arg>
</arguments>
<status status="PASS" starttime="20200514 11:49:17.522" endtime="20200514 11:49:17.940"></status>
</kw>
<kw name="Wait Until Element Is Visible" library="SeleniumLibrary">
<doc>Waits until the element ``locator`` is visible.</doc>
<arguments>
<arg>${color}</arg>
</arguments>
<status status="PASS" starttime="20200514 11:49:17.940" endtime="20200514 11:49:18.356"></status>
</kw>
<kw name="Scroll Element Into View" library="SeleniumLibrary">
<doc>Scrolls the element identified by ``locator`` into view.</doc>
<arguments>
<arg>${btn_Item_AddToCart}</arg>
</arguments>
<status status="PASS" starttime="20200514 11:49:18.356" endtime="20200514 11:49:19.261"></status>
</kw>
<kw name="Input Text" library="SeleniumLibrary">
<doc>Types the given ``text`` into the text field identified by ``locator``.</doc>
<arguments>
<arg>${txt_Item_Qty}</arg>
<arg>${qty}</arg>
</arguments>
<msg timestamp="20200514 11:49:19.261" level="INFO">Typing text '1' into text field 'id:quantity_wanted'.</msg>
<status status="PASS" starttime="20200514 11:49:19.261" endtime="20200514 11:49:20.355"></status>
</kw>
<kw name="Select From List By Label" library="SeleniumLibrary">
<doc>Selects options from selection list ``locator`` by ``labels``.</doc>
<arguments>
<arg>${lst_Item_Size}</arg>
<arg>${size}</arg>
</arguments>
<msg timestamp="20200514 11:49:20.357" level="INFO">Selecting options from selection list 'id:group_1' by label S.</msg>
<status status="PASS" starttime="20200514 11:49:20.356" endtime="20200514 11:49:21.552"></status>
</kw>
<kw name="Click Element" library="SeleniumLibrary">
<doc>Click the element identified by ``locator``.</doc>
<arguments>
<arg>${color}</arg>
</arguments>
<msg timestamp="20200514 11:49:21.552" level="INFO">Clicking element 'id:color_8'.</msg>
<status status="PASS" starttime="20200514 11:49:21.552" endtime="20200514 11:49:22.134"></status>
</kw>
<kw name="Wait Until Element Is Visible" library="SeleniumLibrary">
<doc>Waits until the element ``locator`` is visible.</doc>
<arguments>
<arg>${btn_Item_AddToCart}</arg>
<arg>${WAIT_TIME}</arg>
</arguments>
<status status="PASS" starttime="20200514 11:49:22.136" endtime="20200514 11:49:22.532"></status>
</kw>
<kw name="Click Element" library="SeleniumLibrary">
<doc>Click the element identified by ``locator``.</doc>
<arguments>
<arg>${btn_Item_AddToCart}</arg>
</arguments>
<msg timestamp="20200514 11:49:22.532" level="INFO">Clicking element '//span[contains(text(),'Add to cart')]'.</msg>
<status status="PASS" starttime="20200514 11:49:22.532" endtime="20200514 11:49:23.202"></status>
</kw>
<kw name="Wait Until Element Is Visible" library="SeleniumLibrary">
<doc>Waits until the element ``locator`` is visible.</doc>
<arguments>
<arg>${next_step}</arg>
<arg>${WAIT_TIME}</arg>
</arguments>
<status status="PASS" starttime="20200514 11:49:23.202" endtime="20200514 11:49:24.112"></status>
</kw>
<kw name="Click Element" library="SeleniumLibrary">
<doc>Click the element identified by ``locator``.</doc>
<arguments>
<arg>${next_step}</arg>
</arguments>
<msg timestamp="20200514 11:49:24.112" level="INFO">Clicking element '//span[@class='continue btn btn-default button exclusive-medium']//span[1]'.</msg>
<status status="PASS" starttime="20200514 11:49:24.112" endtime="20200514 11:49:24.720"></status>
</kw>
<status status="PASS" starttime="20200514 11:49:17.169" endtime="20200514 11:49:24.720"></status>
</kw>
<kw name="Add Item to Shopping Cart" library="Keywords">
<arguments>
<arg>1</arg>
<arg>L</arg>
<arg>${btn_Item_Color_Yellow}</arg>
<arg>${btn_Proceed_Checkout}</arg>
</arguments>
<kw name="Wait Until Element Is Visible" library="SeleniumLibrary">
<doc>Waits until the element ``locator`` is visible.</doc>
<arguments>
<arg>${txt_Item_Qty}</arg>
<arg>${WAIT_TIME}</arg>
</arguments>
<status status="PASS" starttime="20200514 11:49:24.720" endtime="20200514 11:49:25.143"></status>
</kw>
<kw name="Wait Until Element Is Visible" library="SeleniumLibrary">
<doc>Waits until the element ``locator`` is visible.</doc>
<arguments>
<arg>${mo_Item_Size}</arg>
<arg>${WAIT_TIME}</arg>
</arguments>
<status status="PASS" starttime="20200514 11:49:25.143" endtime="20200514 11:49:25.591"></status>
</kw>
<kw name="Wait Until Element Is Visible" library="SeleniumLibrary">
<doc>Waits until the element ``locator`` is visible.</doc>
<arguments>
<arg>${color}</arg>
</arguments>
<status status="PASS" starttime="20200514 11:49:25.591" endtime="20200514 11:49:25.960"></status>
</kw>
<kw name="Scroll Element Into View" library="SeleniumLibrary">
<doc>Scrolls the element identified by ``locator`` into view.</doc>
<arguments>
<arg>${btn_Item_AddToCart}</arg>
</arguments>
<status status="PASS" starttime="20200514 11:49:25.960" endtime="20200514 11:49:26.832"></status>
</kw>
<kw name="Input Text" library="SeleniumLibrary">
<doc>Types the given ``text`` into the text field identified by ``locator``.</doc>
<arguments>
<arg>${txt_Item_Qty}</arg>
<arg>${qty}</arg>
</arguments>
<msg timestamp="20200514 11:49:26.832" level="INFO">Typing text '1' into text field 'id:quantity_wanted'.</msg>
<status status="PASS" starttime="20200514 11:49:26.832" endtime="20200514 11:49:27.850"></status>
</kw>
<kw name="Select From List By Label" library="SeleniumLibrary">
<doc>Selects options from selection list ``locator`` by ``labels``.</doc>
<arguments>
<arg>${lst_Item_Size}</arg>
<arg>${size}</arg>
</arguments>
<msg timestamp="20200514 11:49:27.850" level="INFO">Selecting options from selection list 'id:group_1' by label L.</msg>
<status status="PASS" starttime="20200514 11:49:27.850" endtime="20200514 11:49:29.337"></status>
</kw>
<kw name="Click Element" library="SeleniumLibrary">
<doc>Click the element identified by ``locator``.</doc>
<arguments>
<arg>${color}</arg>
</arguments>
<msg timestamp="20200514 11:49:29.337" level="INFO">Clicking element 'id:color_16'.</msg>
<status status="PASS" starttime="20200514 11:49:29.337" endtime="20200514 11:49:30.062"></status>
</kw>
<kw name="Wait Until Element Is Visible" library="SeleniumLibrary">
<doc>Waits until the element ``locator`` is visible.</doc>
<arguments>
<arg>${btn_Item_AddToCart}</arg>
<arg>${WAIT_TIME}</arg>
</arguments>
<status status="PASS" starttime="20200514 11:49:30.062" endtime="20200514 11:49:30.423"></status>
</kw>
<kw name="Click Element" library="SeleniumLibrary">
<doc>Click the element identified by ``locator``.</doc>
<arguments>
<arg>${btn_Item_AddToCart}</arg>
</arguments>
<msg timestamp="20200514 11:49:30.423" level="INFO">Clicking element '//span[contains(text(),'Add to cart')]'.</msg>
<status status="PASS" starttime="20200514 11:49:30.423" endtime="20200514 11:49:31.134"></status>
</kw>
<kw name="Wait Until Element Is Visible" library="SeleniumLibrary">
<doc>Waits until the element ``locator`` is visible.</doc>
<arguments>
<arg>${next_step}</arg>
<arg>${WAIT_TIME}</arg>
</arguments>
<status status="PASS" starttime="20200514 11:49:31.134" endtime="20200514 11:49:31.921"></status>
</kw>
<kw name="Click Element" library="SeleniumLibrary">
<doc>Click the element identified by ``locator``.</doc>
<arguments>
<arg>${next_step}</arg>
</arguments>
<msg timestamp="20200514 11:49:31.921" level="INFO">Clicking element '//span[contains(text(),'Proceed to checkout')]'.</msg>
<status status="PASS" starttime="20200514 11:49:31.921" endtime="20200514 11:49:34.264"></status>
</kw>
<status status="PASS" starttime="20200514 11:49:24.720" endtime="20200514 11:49:34.264"></status>
</kw>
<kw name="Log" library="BuiltIn">
<doc>Logs the given message with the given level.</doc>
<arguments>
<arg>Step 5 - Validate total amount is greater than 50 USD</arg>
</arguments>
<msg timestamp="20200514 11:49:34.264" level="INFO">Step 5 - Validate total amount is greater than 50 USD</msg>
<status status="PASS" starttime="20200514 11:49:34.264" endtime="20200514 11:49:34.264"></status>
</kw>
<kw name="Check Total Amount" library="Keywords">
<arguments>
<arg>MORE</arg>
<arg>50</arg>
</arguments>
<kw name="Wait Until Element Is Visible" library="SeleniumLibrary">
<doc>Waits until the element ``locator`` is visible.</doc>
<arguments>
<arg>${lbl_Tot_Amount}</arg>
<arg>${WAIT_TIME}</arg>
</arguments>
<status status="PASS" starttime="20200514 11:49:34.264" endtime="20200514 11:49:34.780"></status>
</kw>
<kw name="Get Text" library="SeleniumLibrary">
<doc>Returns the text value of the element identified by ``locator``.</doc>
<arguments>
<arg>${lbl_Tot_Amount}</arg>
</arguments>
<assign>
<var>${total amount}</var>
</assign>
<msg timestamp="20200514 11:49:35.012" level="INFO">${total amount} = $63.00</msg>
<status status="PASS" starttime="20200514 11:49:34.780" endtime="20200514 11:49:35.012"></status>
</kw>
<kw name="Remove String" library="String">
<doc>Removes all ``removables`` from the given ``string``.</doc>
<arguments>
<arg>${total amount}</arg>
<arg>$</arg>
</arguments>
<assign>
<var>${total amount}</var>
</assign>
<msg timestamp="20200514 11:49:35.012" level="INFO">${total amount} = 63.00</msg>
<status status="PASS" starttime="20200514 11:49:35.012" endtime="20200514 11:49:35.012"></status>
</kw>
<kw name="Convert To Number" library="BuiltIn">
<doc>Converts the given item to a floating point number.</doc>
<arguments>
<arg>${total amount}</arg>
</arguments>
<assign>
<var>${total amount}</var>
</assign>
<msg timestamp="20200514 11:49:35.012" level="INFO">${total amount} = 63.0</msg>
<status status="PASS" starttime="20200514 11:49:35.012" endtime="20200514 11:49:35.012"></status>
</kw>
<kw name="Run Keyword If" library="BuiltIn">
<doc>Runs the given keyword with the given arguments, if ``condition`` is true.</doc>
<arguments>
<arg>'${operation}' == 'LESS'</arg>
<arg>Should Be True</arg>
<arg>${total amount} &lt; ${exp_total_amount}</arg>
</arguments>
<status status="PASS" starttime="20200514 11:49:35.012" endtime="20200514 11:49:35.012"></status>
</kw>
<kw name="Run Keyword If" library="BuiltIn">
<doc>Runs the given keyword with the given arguments, if ``condition`` is true.</doc>
<arguments>
<arg>'${operation}' == 'MORE'</arg>
<arg>Should Be True</arg>
<arg>${total amount} &gt; ${exp_total_amount}</arg>
</arguments>
<kw name="Should Be True" library="BuiltIn">
<doc>Fails if the given condition is not true.</doc>
<arguments>
<arg>${total amount} &gt; ${exp_total_amount}</arg>
</arguments>
<status status="PASS" starttime="20200514 11:49:35.012" endtime="20200514 11:49:35.012"></status>
</kw>
<status status="PASS" starttime="20200514 11:49:35.012" endtime="20200514 11:49:35.012"></status>
</kw>
<status status="PASS" starttime="20200514 11:49:34.264" endtime="20200514 11:49:35.012"></status>
</kw>
<kw name="Log" library="BuiltIn">
<doc>Logs the given message with the given level.</doc>
<arguments>
<arg>Step 6 - Finalize order</arg>
</arguments>
<msg timestamp="20200514 11:49:35.012" level="INFO">Step 6 - Finalize order</msg>
<status status="PASS" starttime="20200514 11:49:35.012" endtime="20200514 11:49:35.012"></status>
</kw>
<kw name="Finalize the Order" library="Keywords">
<kw name="Proceed to Checkout" library="Keywords">
<kw name="Wait Until Element Is Visible" library="SeleniumLibrary">
<doc>Waits until the element ``locator`` is visible.</doc>
<arguments>
<arg>${btn_Shop_Cart_Proceed_Checkout}</arg>
</arguments>
<status status="PASS" starttime="20200514 11:49:35.012" endtime="20200514 11:49:35.467"></status>
</kw>
<kw name="Click Element" library="SeleniumLibrary">
<doc>Click the element identified by ``locator``.</doc>
<arguments>
<arg>${btn_Shop_Cart_Proceed_Checkout}</arg>
</arguments>
<msg timestamp="20200514 11:49:35.467" level="INFO">Clicking element '(//span[contains(text(),'Proceed to checkout')])[2]'.</msg>
<status status="PASS" starttime="20200514 11:49:35.467" endtime="20200514 11:49:37.178"></status>
</kw>
<kw name="Title Should Be" library="SeleniumLibrary">
<doc>Verifies that the current page title equals ``title``.</doc>
<arguments>
<arg>${TITLE_CART}</arg>
</arguments>
<msg timestamp="20200514 11:49:37.209" level="INFO">Page title is 'Order - My Store'.</msg>
<status status="PASS" starttime="20200514 11:49:37.178" endtime="20200514 11:49:37.209"></status>
</kw>
<kw name="Page Should Contain Element" library="SeleniumLibrary">
<doc>Verifies that element ``locator`` is found on the current page.</doc>
<arguments>
<arg>${lbl_Step3_Address}</arg>
</arguments>
<msg timestamp="20200514 11:49:37.346" level="INFO">Current page contains element '//li[@class="step_current third"]'.</msg>
<status status="PASS" starttime="20200514 11:49:37.209" endtime="20200514 11:49:37.346"></status>
</kw>
<status status="PASS" starttime="20200514 11:49:35.012" endtime="20200514 11:49:37.346"></status>
</kw>
<kw name="Check Address and Add Comments" library="Keywords">
<kw name="Wait Until Element Is Visible" library="SeleniumLibrary">
<doc>Waits until the element ``locator`` is visible.</doc>
<arguments>
<arg>${txt_Comments}</arg>
</arguments>
<status status="PASS" starttime="20200514 11:49:37.346" endtime="20200514 11:49:37.578"></status>
</kw>
<kw name="Input Text" library="SeleniumLibrary">
<doc>Types the given ``text`` into the text field identified by ``locator``.</doc>
<arguments>
<arg>${txt_Comments}</arg>
<arg>This is a comment for and order.</arg>
</arguments>
<msg timestamp="20200514 11:49:37.578" level="INFO">Typing text 'This is a comment for and order.' into text field '//textarea[@name='message']'.</msg>
<status status="PASS" starttime="20200514 11:49:37.578" endtime="20200514 11:49:38.559"></status>
</kw>
<kw name="Wait Until Element Is Visible" library="SeleniumLibrary">
<doc>Waits until the element ``locator`` is visible.</doc>
<arguments>
<arg>${btn_Shop_Cart_Proceed_Checkout}</arg>
</arguments>
<status status="PASS" starttime="20200514 11:49:38.559" endtime="20200514 11:49:38.882"></status>
</kw>
<kw name="Click Element" library="SeleniumLibrary">
<doc>Click the element identified by ``locator``.</doc>
<arguments>
<arg>${btn_Shop_Cart_Proceed_Checkout}</arg>
</arguments>
<msg timestamp="20200514 11:49:38.882" level="INFO">Clicking element '(//span[contains(text(),'Proceed to checkout')])[2]'.</msg>
<status status="PASS" starttime="20200514 11:49:38.882" endtime="20200514 11:49:40.447"></status>
</kw>
<kw name="Title Should Be" library="SeleniumLibrary">
<doc>Verifies that the current page title equals ``title``.</doc>
<arguments>
<arg>${TITLE_CART}</arg>
</arguments>
<msg timestamp="20200514 11:49:40.485" level="INFO">Page title is 'Order - My Store'.</msg>
<status status="PASS" starttime="20200514 11:49:40.447" endtime="20200514 11:49:40.485"></status>
</kw>
<kw name="Page Should Contain Element" library="SeleniumLibrary">
<doc>Verifies that element ``locator`` is found on the current page.</doc>
<arguments>
<arg>${lbl_Step4_Shipping}</arg>
</arguments>
<msg timestamp="20200514 11:49:40.617" level="INFO">Current page contains element '//li[@class="step_current four"]'.</msg>
<status status="PASS" starttime="20200514 11:49:40.485" endtime="20200514 11:49:40.617"></status>
</kw>
<status status="PASS" starttime="20200514 11:49:37.346" endtime="20200514 11:49:40.617"></status>
</kw>
<kw name="Shipping" library="Keywords">
<kw name="Wait Until Element Is Visible" library="SeleniumLibrary">
<doc>Waits until the element ``locator`` is visible.</doc>
<arguments>
<arg>${mo_Terms}</arg>
</arguments>
<status status="PASS" starttime="20200514 11:49:40.617" endtime="20200514 11:49:40.917"></status>
</kw>
<kw name="Select Checkbox" library="SeleniumLibrary">
<doc>Selects the checkbox identified by ``locator``.</doc>
<arguments>
<arg>${chk_Terms}</arg>
</arguments>
<msg timestamp="20200514 11:49:40.917" level="INFO">Selecting checkbox 'id:cgv'.</msg>
<status status="PASS" starttime="20200514 11:49:40.917" endtime="20200514 11:49:41.955"></status>
</kw>
<kw name="Wait Until Element Is Visible" library="SeleniumLibrary">
<doc>Waits until the element ``locator`` is visible.</doc>
<arguments>
<arg>${btn_Shop_Cart_Proceed_Checkout}</arg>
</arguments>
<status status="PASS" starttime="20200514 11:49:41.955" endtime="20200514 11:49:42.405"></status>
</kw>
<kw name="Click Element" library="SeleniumLibrary">
<doc>Click the element identified by ``locator``.</doc>
<arguments>
<arg>${btn_Shop_Cart_Proceed_Checkout}</arg>
</arguments>
<msg timestamp="20200514 11:49:42.405" level="INFO">Clicking element '(//span[contains(text(),'Proceed to checkout')])[2]'.</msg>
<status status="PASS" starttime="20200514 11:49:42.405" endtime="20200514 11:49:44.747"></status>
</kw>
<kw name="Page Should Contain Element" library="SeleniumLibrary">
<doc>Verifies that element ``locator`` is found on the current page.</doc>
<arguments>
<arg>${lbl_Step5_Payment}</arg>
</arguments>
<msg timestamp="20200514 11:49:44.832" level="INFO">Current page contains element '//li[@class="step_current last"]'.</msg>
<status status="PASS" starttime="20200514 11:49:44.747" endtime="20200514 11:49:44.832"></status>
</kw>
<status status="PASS" starttime="20200514 11:49:40.617" endtime="20200514 11:49:44.832"></status>
</kw>
<kw name="Select Payment Type" library="Keywords">
<kw name="Wait Until Element Is Visible" library="SeleniumLibrary">
<doc>Waits until the element ``locator`` is visible.</doc>
<arguments>
<arg>${btn_Pay_Bank_Wire}</arg>
</arguments>
<status status="PASS" starttime="20200514 11:49:44.832" endtime="20200514 11:49:45.066"></status>
</kw>
<kw name="Click Element" library="SeleniumLibrary">
<doc>Click the element identified by ``locator``.</doc>
<arguments>
<arg>${btn_Pay_Bank_Wire}</arg>
</arguments>
<msg timestamp="20200514 11:49:45.066" level="INFO">Clicking element '//a[@class='bankwire']'.</msg>
<status status="PASS" starttime="20200514 11:49:45.066" endtime="20200514 11:49:46.706"></status>
</kw>
<status status="PASS" starttime="20200514 11:49:44.832" endtime="20200514 11:49:46.706"></status>
</kw>
<kw name="Confirm the Order" library="Keywords">
<kw name="Wait Until Element Is Visible" library="SeleniumLibrary">
<doc>Waits until the element ``locator`` is visible.</doc>
<arguments>
<arg>${btn_Confirm_My_Order}</arg>
</arguments>
<status status="PASS" starttime="20200514 11:49:46.706" endtime="20200514 11:49:47.039"></status>
</kw>
<kw name="Click Element" library="SeleniumLibrary">
<doc>Click the element identified by ``locator``.</doc>
<arguments>
<arg>${btn_Confirm_My_Order}</arg>
</arguments>
<msg timestamp="20200514 11:49:47.039" level="INFO">Clicking element '//span[contains(text(),'I confirm my order')]'.</msg>
<status status="PASS" starttime="20200514 11:49:47.039" endtime="20200514 11:49:50.518"></status>
</kw>
<kw name="Page Should Contain Element" library="SeleniumLibrary">
<doc>Verifies that element ``locator`` is found on the current page.</doc>
<arguments>
<arg>${lbl_Order_Confirmation}</arg>
</arguments>
<msg timestamp="20200514 11:49:50.649" level="INFO">Current page contains element '//strong[contains(text(),'Your order on My Store is complete.')]'.</msg>
<status status="PASS" starttime="20200514 11:49:50.518" endtime="20200514 11:49:50.649"></status>
</kw>
<kw name="Title Should Be" library="SeleniumLibrary">
<doc>Verifies that the current page title equals ``title``.</doc>
<arguments>
<arg>${TITLE_ORDER_CONFIRMATION}</arg>
</arguments>
<msg timestamp="20200514 11:49:50.684" level="INFO">Page title is 'Order confirmation - My Store'.</msg>
<status status="PASS" starttime="20200514 11:49:50.649" endtime="20200514 11:49:50.684"></status>
</kw>
<status status="PASS" starttime="20200514 11:49:46.706" endtime="20200514 11:49:50.684"></status>
</kw>
<status status="PASS" starttime="20200514 11:49:35.012" endtime="20200514 11:49:50.685"></status>
</kw>
<kw name="Finish Test" library="Keywords" type="teardown">
<kw name="Sleep" library="BuiltIn">
<doc>Pauses the test executed for the given time.</doc>
<arguments>
<arg>5 seconds</arg>
</arguments>
<msg timestamp="20200514 11:49:55.698" level="INFO">Slept 5 seconds</msg>
<status status="PASS" starttime="20200514 11:49:50.686" endtime="20200514 11:49:55.698"></status>
</kw>
<kw name="Sign Out" library="Keywords">
<kw name="Wait Until Element Is Visible" library="SeleniumLibrary">
<doc>Waits until the element ``locator`` is visible.</doc>
<arguments>
<arg>${btn_MyAcct_Logout}</arg>
<arg>${WAIT_TIME}</arg>
</arguments>
<status status="PASS" starttime="20200514 11:49:55.698" endtime="20200514 11:49:55.951"></status>
</kw>
<kw name="Click Element" library="SeleniumLibrary">
<doc>Click the element identified by ``locator``.</doc>
<arguments>
<arg>${btn_MyAcct_Logout}</arg>
</arguments>
<msg timestamp="20200514 11:49:55.951" level="INFO">Clicking element '//a[@class='logout']'.</msg>
<status status="PASS" starttime="20200514 11:49:55.951" endtime="20200514 11:49:59.103"></status>
</kw>
<kw name="Title Should Be" library="SeleniumLibrary">
<doc>Verifies that the current page title equals ``title``.</doc>
<arguments>
<arg>${TITLE_LOGIN}</arg>
</arguments>
<msg timestamp="20200514 11:49:59.119" level="INFO">Page title is 'Login - My Store'.</msg>
<status status="PASS" starttime="20200514 11:49:59.103" endtime="20200514 11:49:59.119"></status>
</kw>
<kw name="Sleep" library="BuiltIn">
<doc>Pauses the test executed for the given time.</doc>
<arguments>
<arg>3</arg>
</arguments>
<msg timestamp="20200514 11:50:02.128" level="INFO">Slept 3 seconds</msg>
<status status="PASS" starttime="20200514 11:49:59.119" endtime="20200514 11:50:02.128"></status>
</kw>
<status status="PASS" starttime="20200514 11:49:55.698" endtime="20200514 11:50:02.128"></status>
</kw>
<kw name="Close Browser" library="SeleniumLibrary">
<doc>Closes the current browser.</doc>
<status status="PASS" starttime="20200514 11:50:02.128" endtime="20200514 11:50:05.406"></status>
</kw>
<status status="PASS" starttime="20200514 11:49:50.686" endtime="20200514 11:50:05.406"></status>
</kw>
<doc>Login with the existing user: tqmtlzci@oisnjaxw.com / aqlnlgkmdr

Add two items to shopping cart

Validate total amount is over 50 USD</doc>
<tags>
<tag>Functional</tag>
<tag>Login</tag>
</tags>
<status status="PASS" starttime="20200514 11:48:54.273" endtime="20200514 11:50:05.406" critical="yes"></status>
</test>
<test id="s1-t3" name="TC03 Create new account, add four different items to shopping cart and validate total amount is under 100 USD">
<kw name="Start Test" library="Keywords" type="setup">
<kw name="Generate Random String" library="String">
<doc>Generates a string with a desired ``length`` from the given ``chars``.</doc>
<arguments>
<arg>10</arg>
<arg>[LOWER]</arg>
</arguments>
<assign>
<var>${FIRST NAME}</var>
</assign>
<msg timestamp="20200514 11:50:05.406" level="INFO">${FIRST NAME} = jvusvuozkw</msg>
<status status="PASS" starttime="20200514 11:50:05.406" endtime="20200514 11:50:05.406"></status>
</kw>
<kw name="Generate Random String" library="String">
<doc>Generates a string with a desired ``length`` from the given ``chars``.</doc>
<arguments>
<arg>12</arg>
<arg>[LOWER]</arg>
</arguments>
<assign>
<var>${LAST NAME}</var>
</assign>
<msg timestamp="20200514 11:50:05.406" level="INFO">${LAST NAME} = zyschracbvnt</msg>
<status status="PASS" starttime="20200514 11:50:05.406" endtime="20200514 11:50:05.406"></status>
</kw>
<kw name="Generate Random String" library="String">
<doc>Generates a string with a desired ``length`` from the given ``chars``.</doc>
<arguments>
<arg>5</arg>
<arg>[NUMBERS]</arg>
</arguments>
<assign>
<var>${ZIP CODE}</var>
</assign>
<msg timestamp="20200514 11:50:05.406" level="INFO">${ZIP CODE} = 88997</msg>
<status status="PASS" starttime="20200514 11:50:05.406" endtime="20200514 11:50:05.406"></status>
</kw>
<kw name="Generate Random String" library="String">
<doc>Generates a string with a desired ``length`` from the given ``chars``.</doc>
<arguments>
<arg>10</arg>
<arg>[NUMBERS]</arg>
</arguments>
<assign>
<var>${PHONE}</var>
</assign>
<msg timestamp="20200514 11:50:05.421" level="INFO">${PHONE} = 7932016269</msg>
<status status="PASS" starttime="20200514 11:50:05.406" endtime="20200514 11:50:05.421"></status>
</kw>
<kw name="Set Test Variable" library="BuiltIn">
<doc>Makes a variable available everywhere within the scope of the current test.</doc>
<arguments>
<arg>${FIRST NAME}</arg>
</arguments>
<msg timestamp="20200514 11:50:05.421" level="INFO">${FIRST NAME} = jvusvuozkw</msg>
<status status="PASS" starttime="20200514 11:50:05.421" endtime="20200514 11:50:05.421"></status>
</kw>
<kw name="Set Test Variable" library="BuiltIn">
<doc>Makes a variable available everywhere within the scope of the current test.</doc>
<arguments>
<arg>${LAST NAME}</arg>
</arguments>
<msg timestamp="20200514 11:50:05.421" level="INFO">${LAST NAME} = zyschracbvnt</msg>
<status status="PASS" starttime="20200514 11:50:05.421" endtime="20200514 11:50:05.421"></status>
</kw>
<kw name="Set Test Variable" library="BuiltIn">
<doc>Makes a variable available everywhere within the scope of the current test.</doc>
<arguments>
<arg>${ZIP CODE}</arg>
</arguments>
<msg timestamp="20200514 11:50:05.421" level="INFO">${ZIP CODE} = 88997</msg>
<status status="PASS" starttime="20200514 11:50:05.421" endtime="20200514 11:50:05.421"></status>
</kw>
<kw name="Set Test Variable" library="BuiltIn">
<doc>Makes a variable available everywhere within the scope of the current test.</doc>
<arguments>
<arg>${PHONE}</arg>
</arguments>
<msg timestamp="20200514 11:50:05.421" level="INFO">${PHONE} = 7932016269</msg>
<status status="PASS" starttime="20200514 11:50:05.421" endtime="20200514 11:50:05.421"></status>
</kw>
<status status="PASS" starttime="20200514 11:50:05.406" endtime="20200514 11:50:05.421"></status>
</kw>
<kw name="Set Screenshot Directory" library="SeleniumLibrary">
<doc>Sets the directory for captured screenshots.</doc>
<arguments>
<arg>../Reports/screenshots/main/tc03</arg>
</arguments>
<status status="PASS" starttime="20200514 11:50:05.421" endtime="20200514 11:50:05.421"></status>
</kw>
<kw name="Log" library="BuiltIn">
<doc>Logs the given message with the given level.</doc>
<arguments>
<arg>Step 1 - Open home page and go to login</arg>
</arguments>
<msg timestamp="20200514 11:50:05.421" level="INFO">Step 1 - Open home page and go to login</msg>
<status status="PASS" starttime="20200514 11:50:05.421" endtime="20200514 11:50:05.421"></status>
</kw>
<kw name="Open Home Page" library="Keywords">
<kw name="Open Browser" library="SeleniumLibrary">
<doc>Opens a new browser instance to the optional ``url``.</doc>
<arguments>
<arg>${HOME PAGE URL}</arg>
<arg>${BROWSER}</arg>
</arguments>
<msg timestamp="20200514 11:50:05.437" level="INFO">Opening browser 'internetexplorer' to base url 'http://automationpractice.com/index.php'.</msg>
<status status="PASS" starttime="20200514 11:50:05.421" endtime="20200514 11:50:09.029"></status>
</kw>
<kw name="Maximize Browser Window" library="SeleniumLibrary">
<doc>Maximizes current browser window.</doc>
<status status="PASS" starttime="20200514 11:50:09.029" endtime="20200514 11:50:09.067"></status>
</kw>
<kw name="Title Should Be" library="SeleniumLibrary">
<doc>Verifies that the current page title equals ``title``.</doc>
<arguments>
<arg>${TITLE_HOMEPAGE}</arg>
</arguments>
<msg timestamp="20200514 11:50:09.083" level="INFO">Page title is 'My Store'.</msg>
<status status="PASS" starttime="20200514 11:50:09.067" endtime="20200514 11:50:09.083"></status>
</kw>
<status status="PASS" starttime="20200514 11:50:05.421" endtime="20200514 11:50:09.083"></status>
</kw>
<kw name="Go To Login Page" library="Keywords">
<kw name="Wait Until Element Is Visible" library="SeleniumLibrary">
<doc>Waits until the element ``locator`` is visible.</doc>
<arguments>
<arg>${btn_SignIn}</arg>
<arg>${WAIT_TIME}</arg>
</arguments>
<status status="PASS" starttime="20200514 11:50:09.083" endtime="20200514 11:50:09.647"></status>
</kw>
<kw name="Click Element" library="SeleniumLibrary">
<doc>Click the element identified by ``locator``.</doc>
<arguments>
<arg>${btn_SignIn}</arg>
</arguments>
<msg timestamp="20200514 11:50:09.653" level="INFO">Clicking element 'css=.login'.</msg>
<status status="PASS" starttime="20200514 11:50:09.653" endtime="20200514 11:50:11.909"></status>
</kw>
<kw name="Title Should Be" library="SeleniumLibrary">
<doc>Verifies that the current page title equals ``title``.</doc>
<arguments>
<arg>${TITLE_LOGIN}</arg>
</arguments>
<msg timestamp="20200514 11:50:11.925" level="INFO">Page title is 'Login - My Store'.</msg>
<status status="PASS" starttime="20200514 11:50:11.909" endtime="20200514 11:50:11.925"></status>
</kw>
<status status="PASS" starttime="20200514 11:50:09.083" endtime="20200514 11:50:11.925"></status>
</kw>
<kw name="Log" library="BuiltIn">
<doc>Logs the given message with the given level.</doc>
<arguments>
<arg>Step 2 - Register new account</arg>
</arguments>
<msg timestamp="20200514 11:50:11.925" level="INFO">Step 2 - Register new account</msg>
<status status="PASS" starttime="20200514 11:50:11.925" endtime="20200514 11:50:11.925"></status>
</kw>
<kw name="Select Create Account" library="Keywords">
[...]
<arguments>
<arg>${next_step}</arg>
<arg>${WAIT_TIME}</arg>
</arguments>
<status status="PASS" starttime="20200514 11:51:30.788" endtime="20200514 11:51:31.737"></status>
</kw>
<kw name="Click Element" library="SeleniumLibrary">
<doc>Click the element identified by ``locator``.</doc>
<arguments>
<arg>${next_step}</arg>
</arguments>
<msg timestamp="20200514 11:51:31.737" level="INFO">Clicking element '//span[@class='continue btn btn-default button exclusive-medium']//span[1]'.</msg>
<status status="PASS" starttime="20200514 11:51:31.737" endtime="20200514 11:51:32.306"></status>
</kw>
<status status="PASS" starttime="20200514 11:51:24.632" endtime="20200514 11:51:32.306"></status>
</kw>
<kw name="Add Item to Shopping Cart" library="Keywords">
<arguments>
<arg>1</arg>
<arg>L</arg>
<arg>${btn_Item_Color_Yellow}</arg>
<arg>${btn_Proceed_Checkout}</arg>
</arguments>
<kw name="Wait Until Element Is Visible" library="SeleniumLibrary">
<doc>Waits until the element ``locator`` is visible.</doc>
<arguments>
<arg>${txt_Item_Qty}</arg>
<arg>${WAIT_TIME}</arg>
</arguments>
<status status="PASS" starttime="20200514 11:51:32.306" endtime="20200514 11:51:32.622"></status>
</kw>
<kw name="Wait Until Element Is Visible" library="SeleniumLibrary">
<doc>Waits until the element ``locator`` is visible.</doc>
<arguments>
<arg>${mo_Item_Size}</arg>
<arg>${WAIT_TIME}</arg>
</arguments>
<status status="PASS" starttime="20200514 11:51:32.622" endtime="20200514 11:51:32.907"></status>
</kw>
<kw name="Wait Until Element Is Visible" library="SeleniumLibrary">
<doc>Waits until the element ``locator`` is visible.</doc>
<arguments>
<arg>${color}</arg>
</arguments>
<status status="PASS" starttime="20200514 11:51:32.907" endtime="20200514 11:51:33.293"></status>
</kw>
<kw name="Scroll Element Into View" library="SeleniumLibrary">
<doc>Scrolls the element identified by ``locator`` into view.</doc>
<arguments>
<arg>${btn_Item_AddToCart}</arg>
</arguments>
<status status="PASS" starttime="20200514 11:51:33.293" endtime="20200514 11:51:34.010"></status>
</kw>
<kw name="Input Text" library="SeleniumLibrary">
<doc>Types the given ``text`` into the text field identified by ``locator``.</doc>
<arguments>
<arg>${txt_Item_Qty}</arg>
<arg>${qty}</arg>
</arguments>
<msg timestamp="20200514 11:51:34.010" level="INFO">Typing text '1' into text field 'id:quantity_wanted'.</msg>
<status status="PASS" starttime="20200514 11:51:34.010" endtime="20200514 11:51:34.997"></status>
</kw>
<kw name="Select From List By Label" library="SeleniumLibrary">
<doc>Selects options from selection list ``locator`` by ``labels``.</doc>
<arguments>
<arg>${lst_Item_Size}</arg>
<arg>${size}</arg>
</arguments>
<msg timestamp="20200514 11:51:34.997" level="INFO">Selecting options from selection list 'id:group_1' by label L.</msg>
<status status="PASS" starttime="20200514 11:51:34.997" endtime="20200514 11:51:36.258"></status>
</kw>
<kw name="Click Element" library="SeleniumLibrary">
<doc>Click the element identified by ``locator``.</doc>
<arguments>
<arg>${color}</arg>
</arguments>
<msg timestamp="20200514 11:51:36.258" level="INFO">Clicking element 'id:color_16'.</msg>
<status status="PASS" starttime="20200514 11:51:36.258" endtime="20200514 11:51:37.009"></status>
</kw>
<kw name="Wait Until Element Is Visible" library="SeleniumLibrary">
<doc>Waits until the element ``locator`` is visible.</doc>
<arguments>
<arg>${btn_Item_AddToCart}</arg>
<arg>${WAIT_TIME}</arg>
</arguments>
<status status="PASS" starttime="20200514 11:51:37.010" endtime="20200514 11:51:37.358"></status>
</kw>
<kw name="Click Element" library="SeleniumLibrary">
<doc>Click the element identified by ``locator``.</doc>
<arguments>
<arg>${btn_Item_AddToCart}</arg>
</arguments>
<msg timestamp="20200514 11:51:37.358" level="INFO">Clicking element '//span[contains(text(),'Add to cart')]'.</msg>
<status status="PASS" starttime="20200514 11:51:37.358" endtime="20200514 11:51:38.052"></status>
</kw>
<kw name="Wait Until Element Is Visible" library="SeleniumLibrary">
<doc>Waits until the element ``locator`` is visible.</doc>
<arguments>
<arg>${next_step}</arg>
<arg>${WAIT_TIME}</arg>
</arguments>
<status status="PASS" starttime="20200514 11:51:38.052" endtime="20200514 11:51:38.964"></status>
</kw>
<kw name="Click Element" library="SeleniumLibrary">
<doc>Click the element identified by ``locator``.</doc>
<arguments>
<arg>${next_step}</arg>
</arguments>
<msg timestamp="20200514 11:51:38.964" level="INFO">Clicking element '//span[contains(text(),'Proceed to checkout')]'.</msg>
<status status="PASS" starttime="20200514 11:51:38.964" endtime="20200514 11:51:41.197"></status>
</kw>
<status status="PASS" starttime="20200514 11:51:32.306" endtime="20200514 11:51:41.197"></status>
</kw>
<kw name="Log" library="BuiltIn">
<doc>Logs the given message with the given level.</doc>
<arguments>
<arg>Step 9 - Validate total amount is under 100 USD</arg>
</arguments>
<msg timestamp="20200514 11:51:41.197" level="INFO">Step 9 - Validate total amount is under 100 USD</msg>
<status status="PASS" starttime="20200514 11:51:41.197" endtime="20200514 11:51:41.197"></status>
</kw>
<kw name="Check Total Amount" library="Keywords">
<arguments>
<arg>LESS</arg>
<arg>100</arg>
</arguments>
<kw name="Wait Until Element Is Visible" library="SeleniumLibrary">
<doc>Waits until the element ``locator`` is visible.</doc>
<arguments>
<arg>${lbl_Tot_Amount}</arg>
<arg>${WAIT_TIME}</arg>
</arguments>
<status status="PASS" starttime="20200514 11:51:41.197" endtime="20200514 11:51:41.599"></status>
</kw>
<kw name="Get Text" library="SeleniumLibrary">
<doc>Returns the text value of the element identified by ``locator``.</doc>
<arguments>
<arg>${lbl_Tot_Amount}</arg>
</arguments>
<assign>
<var>${total amount}</var>
</assign>
<msg timestamp="20200514 11:51:41.861" level="INFO">${total amount} = $95.80</msg>
<status status="PASS" starttime="20200514 11:51:41.599" endtime="20200514 11:51:41.861"></status>
</kw>
<kw name="Remove String" library="String">
<doc>Removes all ``removables`` from the given ``string``.</doc>
<arguments>
<arg>${total amount}</arg>
<arg>$</arg>
</arguments>
<assign>
<var>${total amount}</var>
</assign>
<msg timestamp="20200514 11:51:41.861" level="INFO">${total amount} = 95.80</msg>
<status status="PASS" starttime="20200514 11:51:41.861" endtime="20200514 11:51:41.861"></status>
</kw>
<kw name="Convert To Number" library="BuiltIn">
<doc>Converts the given item to a floating point number.</doc>
<arguments>
<arg>${total amount}</arg>
</arguments>
<assign>
<var>${total amount}</var>
</assign>
<msg timestamp="20200514 11:51:41.861" level="INFO">${total amount} = 95.8</msg>
<status status="PASS" starttime="20200514 11:51:41.861" endtime="20200514 11:51:41.861"></status>
</kw>
<kw name="Run Keyword If" library="BuiltIn">
<doc>Runs the given keyword with the given arguments, if ``condition`` is true.</doc>
<arguments>
<arg>'${operation}' == 'LESS'</arg>
<arg>Should Be True</arg>
<arg>${total amount} &lt; ${exp_total_amount}</arg>
</arguments>
<kw name="Should Be True" library="BuiltIn">
<doc>Fails if the given condition is not true.</doc>
<arguments>
<arg>${total amount} &lt; ${exp_total_amount}</arg>
</arguments>
<status status="PASS" starttime="20200514 11:51:41.861" endtime="20200514 11:51:41.861"></status>
</kw>
<status status="PASS" starttime="20200514 11:51:41.861" endtime="20200514 11:51:41.861"></status>
</kw>
<kw name="Run Keyword If" library="BuiltIn">
<doc>Runs the given keyword with the given arguments, if ``condition`` is true.</doc>
<arguments>
<arg>'${operation}' == 'MORE'</arg>
<arg>Should Be True</arg>
<arg>${total amount} &gt; ${exp_total_amount}</arg>
</arguments>
<status status="PASS" starttime="20200514 11:51:41.861" endtime="20200514 11:51:41.861"></status>
</kw>
<status status="PASS" starttime="20200514 11:51:41.197" endtime="20200514 11:51:41.861"></status>
</kw>
<kw name="Log" library="BuiltIn">
<doc>Logs the given message with the given level.</doc>
<arguments>
<arg>Step 10 - Finalize order</arg>
</arguments>
<msg timestamp="20200514 11:51:41.861" level="INFO">Step 10 - Finalize order</msg>
<status status="PASS" starttime="20200514 11:51:41.861" endtime="20200514 11:51:41.861"></status>
</kw>
<kw name="Finalize the Order" library="Keywords">
<kw name="Proceed to Checkout" library="Keywords">
<kw name="Wait Until Element Is Visible" library="SeleniumLibrary">
<doc>Waits until the element ``locator`` is visible.</doc>
<arguments>
<arg>${btn_Shop_Cart_Proceed_Checkout}</arg>
</arguments>
<status status="PASS" starttime="20200514 11:51:41.861" endtime="20200514 11:51:42.099"></status>
</kw>
<kw name="Click Element" library="SeleniumLibrary">
<doc>Click the element identified by ``locator``.</doc>
<arguments>
<arg>${btn_Shop_Cart_Proceed_Checkout}</arg>
</arguments>
<msg timestamp="20200514 11:51:42.099" level="INFO">Clicking element '(//span[contains(text(),'Proceed to checkout')])[2]'.</msg>
<status status="PASS" starttime="20200514 11:51:42.099" endtime="20200514 11:51:43.820"></status>
</kw>
<kw name="Title Should Be" library="SeleniumLibrary">
<doc>Verifies that the current page title equals ``title``.</doc>
<arguments>
<arg>${TITLE_CART}</arg>
</arguments>
<msg timestamp="20200514 11:51:43.835" level="INFO">Page title is 'Order - My Store'.</msg>
<status status="PASS" starttime="20200514 11:51:43.820" endtime="20200514 11:51:43.835"></status>
</kw>
<kw name="Page Should Contain Element" library="SeleniumLibrary">
<doc>Verifies that element ``locator`` is found on the current page.</doc>
<arguments>
<arg>${lbl_Step3_Address}</arg>
</arguments>
<msg timestamp="20200514 11:51:43.936" level="INFO">Current page contains element '//li[@class="step_current third"]'.</msg>
<status status="PASS" starttime="20200514 11:51:43.835" endtime="20200514 11:51:43.936"></status>
</kw>
<status status="PASS" starttime="20200514 11:51:41.861" endtime="20200514 11:51:43.936"></status>
</kw>
<kw name="Check Address and Add Comments" library="Keywords">
<kw name="Wait Until Element Is Visible" library="SeleniumLibrary">
<doc>Waits until the element ``locator`` is visible.</doc>
<arguments>
<arg>${txt_Comments}</arg>
</arguments>
<status status="PASS" starttime="20200514 11:51:43.936" endtime="20200514 11:51:44.299"></status>
</kw>
<kw name="Input Text" library="SeleniumLibrary">
<doc>Types the given ``text`` into the text field identified by ``locator``.</doc>
<arguments>
<arg>${txt_Comments}</arg>
<arg>This is a comment for and order.</arg>
</arguments>
<msg timestamp="20200514 11:51:44.299" level="INFO">Typing text 'This is a comment for and order.' into text field '//textarea[@name='message']'.</msg>
<status status="PASS" starttime="20200514 11:51:44.299" endtime="20200514 11:51:45.285"></status>
</kw>
<kw name="Wait Until Element Is Visible" library="SeleniumLibrary">
<doc>Waits until the element ``locator`` is visible.</doc>
<arguments>
<arg>${btn_Shop_Cart_Proceed_Checkout}</arg>
</arguments>
<status status="PASS" starttime="20200514 11:51:45.285" endtime="20200514 11:51:45.570"></status>
</kw>
<kw name="Click Element" library="SeleniumLibrary">
<doc>Click the element identified by ``locator``.</doc>
<arguments>
<arg>${btn_Shop_Cart_Proceed_Checkout}</arg>
</arguments>
<msg timestamp="20200514 11:51:45.570" level="INFO">Clicking element '(//span[contains(text(),'Proceed to checkout')])[2]'.</msg>
<status status="PASS" starttime="20200514 11:51:45.570" endtime="20200514 11:51:47.390"></status>
</kw>
<kw name="Title Should Be" library="SeleniumLibrary">
<doc>Verifies that the current page title equals ``title``.</doc>
<arguments>
<arg>${TITLE_CART}</arg>
</arguments>
<msg timestamp="20200514 11:51:47.427" level="INFO">Page title is 'Order - My Store'.</msg>
<status status="PASS" starttime="20200514 11:51:47.390" endtime="20200514 11:51:47.427"></status>
</kw>
<kw name="Page Should Contain Element" library="SeleniumLibrary">
<doc>Verifies that element ``locator`` is found on the current page.</doc>
<arguments>
<arg>${lbl_Step4_Shipping}</arg>
</arguments>
<msg timestamp="20200514 11:51:47.544" level="INFO">Current page contains element '//li[@class="step_current four"]'.</msg>
<status status="PASS" starttime="20200514 11:51:47.427" endtime="20200514 11:51:47.544"></status>
</kw>
<status status="PASS" starttime="20200514 11:51:43.936" endtime="20200514 11:51:47.544"></status>
</kw>
<kw name="Shipping" library="Keywords">
<kw name="Wait Until Element Is Visible" library="SeleniumLibrary">
<doc>Waits until the element ``locator`` is visible.</doc>
<arguments>
<arg>${mo_Terms}</arg>
</arguments>
<status status="PASS" starttime="20200514 11:51:47.544" endtime="20200514 11:51:47.844"></status>
</kw>
<kw name="Select Checkbox" library="SeleniumLibrary">
<doc>Selects the checkbox identified by ``locator``.</doc>
<arguments>
<arg>${chk_Terms}</arg>
</arguments>
<msg timestamp="20200514 11:51:47.844" level="INFO">Selecting checkbox 'id:cgv'.</msg>
<status status="PASS" starttime="20200514 11:51:47.844" endtime="20200514 11:51:49.008"></status>
</kw>
<kw name="Wait Until Element Is Visible" library="SeleniumLibrary">
<doc>Waits until the element ``locator`` is visible.</doc>
<arguments>
<arg>${btn_Shop_Cart_Proceed_Checkout}</arg>
</arguments>
<status status="PASS" starttime="20200514 11:51:49.008" endtime="20200514 11:51:49.396"></status>
</kw>
<kw name="Click Element" library="SeleniumLibrary">
<doc>Click the element identified by ``locator``.</doc>
<arguments>
<arg>${btn_Shop_Cart_Proceed_Checkout}</arg>
</arguments>
<msg timestamp="20200514 11:51:49.396" level="INFO">Clicking element '(//span[contains(text(),'Proceed to checkout')])[2]'.</msg>
<status status="PASS" starttime="20200514 11:51:49.396" endtime="20200514 11:51:51.768"></status>
</kw>
<kw name="Page Should Contain Element" library="SeleniumLibrary">
<doc>Verifies that element ``locator`` is found on the current page.</doc>
<arguments>
<arg>${lbl_Step5_Payment}</arg>
</arguments>
<msg timestamp="20200514 11:51:51.869" level="INFO">Current page contains element '//li[@class="step_current last"]'.</msg>
<status status="PASS" starttime="20200514 11:51:51.768" endtime="20200514 11:51:51.869"></status>
</kw>
<status status="PASS" starttime="20200514 11:51:47.544" endtime="20200514 11:51:51.869"></status>
</kw>
<kw name="Select Payment Type" library="Keywords">
<kw name="Wait Until Element Is Visible" library="SeleniumLibrary">
<doc>Waits until the element ``locator`` is visible.</doc>
<arguments>
<arg>${btn_Pay_Bank_Wire}</arg>
</arguments>
<status status="PASS" starttime="20200514 11:51:51.869" endtime="20200514 11:51:52.116"></status>
</kw>
<kw name="Click Element" library="SeleniumLibrary">
<doc>Click the element identified by ``locator``.</doc>
<arguments>
<arg>${btn_Pay_Bank_Wire}</arg>
</arguments>
<msg timestamp="20200514 11:51:52.116" level="INFO">Clicking element '//a[@class='bankwire']'.</msg>
<status status="PASS" starttime="20200514 11:51:52.116" endtime="20200514 11:51:54.123"></status>
</kw>
<status status="PASS" starttime="20200514 11:51:51.869" endtime="20200514 11:51:54.123"></status>
</kw>
<kw name="Confirm the Order" library="Keywords">
<kw name="Wait Until Element Is Visible" library="SeleniumLibrary">
<doc>Waits until the element ``locator`` is visible.</doc>
<arguments>
<arg>${btn_Confirm_My_Order}</arg>
</arguments>
<status status="PASS" starttime="20200514 11:51:54.129" endtime="20200514 11:51:54.430"></status>
</kw>
<kw name="Click Element" library="SeleniumLibrary">
<doc>Click the element identified by ``locator``.</doc>
<arguments>
<arg>${btn_Confirm_My_Order}</arg>
</arguments>
<msg timestamp="20200514 11:51:54.430" level="INFO">Clicking element '//span[contains(text(),'I confirm my order')]'.</msg>
<status status="PASS" starttime="20200514 11:51:54.430" endtime="20200514 11:51:57.018"></status>
</kw>
<kw name="Page Should Contain Element" library="SeleniumLibrary">
<doc>Verifies that element ``locator`` is found on the current page.</doc>
<arguments>
<arg>${lbl_Order_Confirmation}</arg>
</arguments>
<msg timestamp="20200514 11:51:57.187" level="INFO">Current page contains element '//strong[contains(text(),'Your order on My Store is complete.')]'.</msg>
<status status="PASS" starttime="20200514 11:51:57.018" endtime="20200514 11:51:57.187"></status>
</kw>
<kw name="Title Should Be" library="SeleniumLibrary">
<doc>Verifies that the current page title equals ``title``.</doc>
<arguments>
<arg>${TITLE_ORDER_CONFIRMATION}</arg>
</arguments>
<msg timestamp="20200514 11:51:57.218" level="INFO">Page title is 'Order confirmation - My Store'.</msg>
<status status="PASS" starttime="20200514 11:51:57.187" endtime="20200514 11:51:57.218"></status>
</kw>
<status status="PASS" starttime="20200514 11:51:54.129" endtime="20200514 11:51:57.218"></status>
</kw>
<status status="PASS" starttime="20200514 11:51:41.861" endtime="20200514 11:51:57.218"></status>
</kw>
<kw name="Finish Test" library="Keywords" type="teardown">
<kw name="Sleep" library="BuiltIn">
<doc>Pauses the test executed for the given time.</doc>
<arguments>
<arg>5 seconds</arg>
</arguments>
<msg timestamp="20200514 11:52:02.223" level="INFO">Slept 5 seconds</msg>
<status status="PASS" starttime="20200514 11:51:57.218" endtime="20200514 11:52:02.223"></status>
</kw>
<kw name="Sign Out" library="Keywords">
<kw name="Wait Until Element Is Visible" library="SeleniumLibrary">
<doc>Waits until the element ``locator`` is visible.</doc>
<arguments>
<arg>${btn_MyAcct_Logout}</arg>
<arg>${WAIT_TIME}</arg>
</arguments>
<status status="PASS" starttime="20200514 11:52:02.223" endtime="20200514 11:52:02.492"></status>
</kw>
<kw name="Click Element" library="SeleniumLibrary">
<doc>Click the element identified by ``locator``.</doc>
<arguments>
<arg>${btn_MyAcct_Logout}</arg>
</arguments>
<msg timestamp="20200514 11:52:02.492" level="INFO">Clicking element '//a[@class='logout']'.</msg>
<status status="PASS" starttime="20200514 11:52:02.492" endtime="20200514 11:52:05.658"></status>
</kw>
<kw name="Title Should Be" library="SeleniumLibrary">
<doc>Verifies that the current page title equals ``title``.</doc>
<arguments>
<arg>${TITLE_LOGIN}</arg>
</arguments>
<msg timestamp="20200514 11:52:05.685" level="INFO">Page title is 'Login - My Store'.</msg>
<status status="PASS" starttime="20200514 11:52:05.658" endtime="20200514 11:52:05.685"></status>
</kw>
<kw name="Sleep" library="BuiltIn">
<doc>Pauses the test executed for the given time.</doc>
<arguments>
<arg>3</arg>
</arguments>
<msg timestamp="20200514 11:52:08.696" level="INFO">Slept 3 seconds</msg>
<status status="PASS" starttime="20200514 11:52:05.685" endtime="20200514 11:52:08.696"></status>
</kw>
<status status="PASS" starttime="20200514 11:52:02.223" endtime="20200514 11:52:08.696"></status>
</kw>
<kw name="Close Browser" library="SeleniumLibrary">
<doc>Closes the current browser.</doc>
<status status="PASS" starttime="20200514 11:52:08.696" endtime="20200514 11:52:11.838"></status>
</kw>
<status status="PASS" starttime="20200514 11:51:57.218" endtime="20200514 11:52:11.838"></status>
</kw>
<doc>Create new user

Add four different items from different categories to shopping cart

Validate total amount is under 100 USD</doc>
<tags>
<tag>Functional</tag>
<tag>Login</tag>
</tags>
<status status="PASS" starttime="20200514 11:50:05.406" endtime="20200514 11:52:11.838" critical="yes"></status>
</test>
<doc>This suite contains 3 tests:

1. Buy 1 item;

2. Buy 2 items from same category;

3. Buy 4 items from 2 different categories.</doc>
<status status="PASS" starttime="20200514 11:47:53.643" endtime="20200514 11:52:11.838"></status>
</suite>
<statistics>
<total>
<stat pass="3" fail="0">Critical Tests</stat>
<stat pass="3" fail="0">All Tests</stat>
</total>
<tag>
<stat pass="3" fail="0">Functional</stat>
<stat pass="3" fail="0">Login</stat>
</tag>
<suite>
<stat pass="3" fail="0" id="s1" name="Main">Main</stat>
</suite>
</statistics>
<errors>
</errors>
</robot>
