<?xml version="1.0" encoding="UTF-8"?>
<robot generator="Robot 3.1.2 (Python 3.8.2 on win32)" generated="20200514 11:32:04.531" rpa="false">
<suite id="s1" name="Demo Test" source="C:\Users\hgouveadepaula\PycharmProjects\RobotTask\Tests\demo_test.robot">
<test id="s1-t1" name="Open and close browser">
<kw name="Open Browser" library="SeleniumLibrary">
<doc>Opens a new browser instance to the optional ``url``.</doc>
<arguments>
<arg>${HOME PAGE URL}</arg>
<arg>${BROWSER}</arg>
</arguments>
<msg timestamp="20200514 11:32:04.755" level="INFO">Opening browser 'internetexplorer' to base url 'http://automationpractice.com/index.php?id_category=11&amp;controller=category'.</msg>
<status status="PASS" starttime="20200514 11:32:04.755" endtime="20200514 11:32:08.137"></status>
</kw>
<kw name="Maximize Browser Window" library="SeleniumLibrary">
<doc>Maximizes current browser window.</doc>
<status status="PASS" starttime="20200514 11:32:08.138" endtime="20200514 11:32:08.150"></status>
</kw>
<kw name="Wait Until Element Is Visible" library="SeleniumLibrary">
<doc>Waits until the element ``locator`` is visible.</doc>
<arguments>
<arg>${BTN_CLICK}</arg>
<arg>10</arg>
</arguments>
<status status="PASS" starttime="20200514 11:32:08.151" endtime="20200514 11:32:08.357"></status>
</kw>
<kw name="Click Element" library="SeleniumLibrary">
<doc>Click the element identified by ``locator``.</doc>
<arguments>
<arg>${BTN_CLICK}</arg>
</arguments>
<msg timestamp="20200514 11:32:08.357" level="INFO">Clicking element '//div[contains(@class, 'bottom-pagination')] //form[@class='compare-form']'.</msg>
<status status="PASS" starttime="20200514 11:32:08.357" endtime="20200514 11:32:08.947"></status>
</kw>
<kw name="Close Window" library="SeleniumLibrary">
<doc>Closes currently opened and selected browser window/tab.</doc>
<status status="PASS" starttime="20200514 11:32:08.947" endtime="20200514 11:32:09.076"></status>
</kw>
<kw name="Close Browser" library="SeleniumLibrary" type="teardown">
<doc>Closes the current browser.</doc>
<status status="PASS" starttime="20200514 11:32:09.081" endtime="20200514 11:32:12.122"></status>
</kw>
<status status="PASS" starttime="20200514 11:32:04.755" endtime="20200514 11:32:12.122" critical="yes"></status>
</test>
<doc>This suite contains all tests necessary to buy a single item.

1. Access web site: http://automationpractice.com/index.php.

2. Create a new account.

3. Log in using new account created.

4. From category “Dresses” select “Summer Dresses”.

5. Add to shopping cart: 2 pieces from second displayed item

- first item: size S, white color
- second item : size L, yellow color</doc>
<metadata>
<item name="Example list">- first item
- second item
- third</item>
</metadata>
<status status="PASS" starttime="20200514 11:32:04.531" endtime="20200514 11:32:12.122"></status>
</suite>
<statistics>
<total>
<stat pass="1" fail="0">Critical Tests</stat>
<stat pass="1" fail="0">All Tests</stat>
</total>
<tag>
</tag>
<suite>
<stat pass="1" fail="0" id="s1" name="Demo Test">Demo Test</stat>
</suite>
</statistics>
<errors>
</errors>
</robot>
