<?xml version="1.0" encoding="UTF-8"?>
<robot generator="Robot 3.2.1 (Python 3.6.8 on linux)" generated="20200511 13:30:38.321" rpa="false">
<suite id="s1" name="Main" source="/home/RobotTask/main/main.robot">
<test id="s1-t1" name="TC01 Login, add one item to shopping cart and validate total amount is under 50 USD">
<kw name="Start Test" library="Keywords" type="setup">
<kw name="Generate Random String" library="String">
<doc>Generates a string with a desired ``length`` from the given ``chars``.</doc>
<arguments>
<arg>10</arg>
<arg>[LOWER]</arg>
</arguments>
<assign>
<var>${FIRST NAME}</var>
</assign>
<msg timestamp="20200511 13:30:38.653" level="INFO">${FIRST NAME} = wtvoarwxgd</msg>
<status status="PASS" starttime="20200511 13:30:38.653" endtime="20200511 13:30:38.653"></status>
</kw>
<kw name="Generate Random String" library="String">
<doc>Generates a string with a desired ``length`` from the given ``chars``.</doc>
<arguments>
<arg>12</arg>
<arg>[LOWER]</arg>
</arguments>
<assign>
<var>${LAST NAME}</var>
</assign>
<msg timestamp="20200511 13:30:38.654" level="INFO">${LAST NAME} = vnmamnesoqsk</msg>
<status status="PASS" starttime="20200511 13:30:38.654" endtime="20200511 13:30:38.654"></status>
</kw>
<kw name="Generate Random String" library="String">
<doc>Generates a string with a desired ``length`` from the given ``chars``.</doc>
<arguments>
<arg>5</arg>
<arg>[NUMBERS]</arg>
</arguments>
<assign>
<var>${ZIP CODE}</var>
</assign>
<msg timestamp="20200511 13:30:38.655" level="INFO">${ZIP CODE} = 10236</msg>
<status status="PASS" starttime="20200511 13:30:38.654" endtime="20200511 13:30:38.655"></status>
</kw>
<kw name="Generate Random String" library="String">
<doc>Generates a string with a desired ``length`` from the given ``chars``.</doc>
<arguments>
<arg>10</arg>
<arg>[NUMBERS]</arg>
</arguments>
<assign>
<var>${PHONE}</var>
</assign>
<msg timestamp="20200511 13:30:38.656" level="INFO">${PHONE} = 6979171818</msg>
<status status="PASS" starttime="20200511 13:30:38.655" endtime="20200511 13:30:38.656"></status>
</kw>
<kw name="Set Test Variable" library="BuiltIn">
<doc>Makes a variable available everywhere within the scope of the current test.</doc>
<arguments>
<arg>${FIRST NAME}</arg>
</arguments>
<msg timestamp="20200511 13:30:38.657" level="INFO">${FIRST NAME} = wtvoarwxgd</msg>
<status status="PASS" starttime="20200511 13:30:38.656" endtime="20200511 13:30:38.657"></status>
</kw>
<kw name="Set Test Variable" library="BuiltIn">
<doc>Makes a variable available everywhere within the scope of the current test.</doc>
<arguments>
<arg>${LAST NAME}</arg>
</arguments>
<msg timestamp="20200511 13:30:38.658" level="INFO">${LAST NAME} = vnmamnesoqsk</msg>
<status status="PASS" starttime="20200511 13:30:38.657" endtime="20200511 13:30:38.658"></status>
</kw>
<kw name="Set Test Variable" library="BuiltIn">
<doc>Makes a variable available everywhere within the scope of the current test.</doc>
<arguments>
<arg>${ZIP CODE}</arg>
</arguments>
<msg timestamp="20200511 13:30:38.659" level="INFO">${ZIP CODE} = 10236</msg>
<status status="PASS" starttime="20200511 13:30:38.658" endtime="20200511 13:30:38.659"></status>
</kw>
<kw name="Set Test Variable" library="BuiltIn">
<doc>Makes a variable available everywhere within the scope of the current test.</doc>
<arguments>
<arg>${PHONE}</arg>
</arguments>
<msg timestamp="20200511 13:30:38.659" level="INFO">${PHONE} = 6979171818</msg>
<status status="PASS" starttime="20200511 13:30:38.659" endtime="20200511 13:30:38.659"></status>
</kw>
<status status="PASS" starttime="20200511 13:30:38.652" endtime="20200511 13:30:38.659"></status>
</kw>
<kw name="Set Screenshot Directory" library="SeleniumLibrary">
<doc>Sets the directory for captured screenshots.</doc>
<arguments>
<arg>../Reports/screenshots/main/tc01</arg>
</arguments>
<status status="PASS" starttime="20200511 13:30:38.660" endtime="20200511 13:30:38.660"></status>
</kw>
<kw name="Log" library="BuiltIn">
<doc>Logs the given message with the given level.</doc>
<arguments>
<arg>Step 1 - Open home page and sing-in</arg>
</arguments>
<msg timestamp="20200511 13:30:38.660" level="INFO">Step 1 - Open home page and sing-in</msg>
<status status="PASS" starttime="20200511 13:30:38.660" endtime="20200511 13:30:38.661"></status>
</kw>
<kw name="Open Home Page" library="Keywords">
<kw name="Open Browser" library="SeleniumLibrary">
<doc>Opens a new browser instance to the optional ``url``.</doc>
<arguments>
<arg>${HOME PAGE URL}</arg>
<arg>${BROWSER}</arg>
</arguments>
<msg timestamp="20200511 13:30:38.662" level="INFO">Opening browser 'firefox' to base url 'http://automationpractice.com/index.php'.</msg>
<msg timestamp="20200511 13:30:38.662" level="INFO">Firefox driver log is always forced to to: /home/RobotTask/Reports/screenshots/main/geckodriver-4.log</msg>
<status status="PASS" starttime="20200511 13:30:38.661" endtime="20200511 13:30:46.425"></status>
</kw>
<kw name="Maximize Browser Window" library="SeleniumLibrary">
<doc>Maximizes current browser window.</doc>
<status status="PASS" starttime="20200511 13:30:46.425" endtime="20200511 13:30:51.451"></status>
</kw>
<kw name="Title Should Be" library="SeleniumLibrary">
<doc>Verifies that the current page title equals ``title``.</doc>
<arguments>
<arg>${TITLE_HOMEPAGE}</arg>
</arguments>
<msg timestamp="20200511 13:30:51.465" level="INFO">Page title is 'My Store'.</msg>
<status status="PASS" starttime="20200511 13:30:51.451" endtime="20200511 13:30:51.465"></status>
</kw>
<status status="PASS" starttime="20200511 13:30:38.661" endtime="20200511 13:30:51.466"></status>
</kw>
<kw name="Go To Login Page" library="Keywords">
<kw name="Wait Until Element Is Visible" library="SeleniumLibrary">
<doc>Waits until the element ``locator`` is visible.</doc>
<arguments>
<arg>${btn_SignIn}</arg>
<arg>${WAIT_TIME}</arg>
</arguments>
<status status="PASS" starttime="20200511 13:30:51.467" endtime="20200511 13:30:51.517"></status>
</kw>
<kw name="Click Element" library="SeleniumLibrary">
<doc>Click the element identified by ``locator``.</doc>
<arguments>
<arg>${btn_SignIn}</arg>
</arguments>
<msg timestamp="20200511 13:30:51.518" level="INFO">Clicking element 'css=.login'.</msg>
<status status="PASS" starttime="20200511 13:30:51.517" endtime="20200511 13:30:53.384"></status>
</kw>
<kw name="Title Should Be" library="SeleniumLibrary">
<doc>Verifies that the current page title equals ``title``.</doc>
<arguments>
<arg>${TITLE_LOGIN}</arg>
</arguments>
<msg timestamp="20200511 13:30:53.406" level="INFO">Page title is 'Login - My Store'.</msg>
<status status="PASS" starttime="20200511 13:30:53.384" endtime="20200511 13:30:53.407"></status>
</kw>
<status status="PASS" starttime="20200511 13:30:51.466" endtime="20200511 13:30:53.407"></status>
</kw>
<kw name="Sign In" library="Keywords">
<kw name="Wait Until Element Is Visible" library="SeleniumLibrary">
<doc>Waits until the element ``locator`` is visible.</doc>
<arguments>
<arg>${txt_EmailLogin}</arg>
</arguments>
<status status="PASS" starttime="20200511 13:30:53.409" endtime="20200511 13:30:53.535"></status>
</kw>
<kw name="Wait Until Element Is Visible" library="SeleniumLibrary">
<doc>Waits until the element ``locator`` is visible.</doc>
<arguments>
<arg>${txt_Password}</arg>
</arguments>
<status status="PASS" starttime="20200511 13:30:53.536" endtime="20200511 13:30:53.613"></status>
</kw>
<kw name="Wait Until Element Is Visible" library="SeleniumLibrary">
<doc>Waits until the element ``locator`` is visible.</doc>
<arguments>
<arg>${btn_Login}</arg>
</arguments>
<status status="PASS" starttime="20200511 13:30:53.613" endtime="20200511 13:30:53.652"></status>
</kw>
<kw name="Input Text" library="SeleniumLibrary">
<doc>Types the given ``text`` into the text field identified by ``locator``.</doc>
<arguments>
<arg>${txt_EmailLogin}</arg>
<arg>${EMAIL}</arg>
</arguments>
<msg timestamp="20200511 13:30:53.653" level="INFO">Typing text 'tqmtlzci@oisnjaxw.com' into text field 'id:email'.</msg>
<status status="PASS" starttime="20200511 13:30:53.652" endtime="20200511 13:30:53.748"></status>
</kw>
<kw name="Input Text" library="SeleniumLibrary">
<doc>Types the given ``text`` into the text field identified by ``locator``.</doc>
<arguments>
<arg>${txt_Password}</arg>
<arg>${PASSWORD}</arg>
</arguments>
<msg timestamp="20200511 13:30:53.748" level="INFO">Typing text 'aqlnlgkmdr' into text field 'id:passwd'.</msg>
<status status="PASS" starttime="20200511 13:30:53.748" endtime="20200511 13:30:53.816"></status>
</kw>
<kw name="Click Button" library="SeleniumLibrary">
<doc>Clicks the button identified by ``locator``.</doc>
<arguments>
<arg>${btn_Login}</arg>
</arguments>
<msg timestamp="20200511 13:30:53.816" level="INFO">Clicking button 'id:SubmitLogin'.</msg>
<status status="PASS" starttime="20200511 13:30:53.816" endtime="20200511 13:30:55.358"></status>
</kw>
<kw name="Title Should Be" library="SeleniumLibrary">
<doc>Verifies that the current page title equals ``title``.</doc>
<arguments>
<arg>${TITLE_MY_ACCT}</arg>
</arguments>
<msg timestamp="20200511 13:30:55.376" level="INFO">Page title is 'My account - My Store'.</msg>
<status status="PASS" starttime="20200511 13:30:55.359" endtime="20200511 13:30:55.376"></status>
</kw>
<status status="PASS" starttime="20200511 13:30:53.408" endtime="20200511 13:30:55.376"></status>
</kw>
<kw name="Log" library="BuiltIn">
<doc>Logs the given message with the given level.</doc>
<arguments>
<arg>Step 2 - Select Dresses/Summer Dresses category</arg>
</arguments>
<msg timestamp="20200511 13:30:55.377" level="INFO">Step 2 - Select Dresses/Summer Dresses category</msg>
<status status="PASS" starttime="20200511 13:30:55.376" endtime="20200511 13:30:55.377"></status>
</kw>
<kw name="Select Category Dresses - Summer Dresses" library="Keywords">
<kw name="Wait Until Element Is Visible" library="SeleniumLibrary">
<doc>Waits until the element ``locator`` is visible.</doc>
<arguments>
<arg>${btn_Category_Dresses}</arg>
<arg>${WAIT_TIME}</arg>
</arguments>
<status status="PASS" starttime="20200511 13:30:55.377" endtime="20200511 13:30:55.420"></status>
</kw>
<kw name="Click Element" library="SeleniumLibrary">
<doc>Click the element identified by ``locator``.</doc>
<arguments>
<arg>${btn_Category_Dresses}</arg>
</arguments>
<msg timestamp="20200511 13:30:55.421" level="INFO">Clicking element '(//a[@class="sf-with-ul" and @title="Dresses"])[2]'.</msg>
<status status="PASS" starttime="20200511 13:30:55.420" endtime="20200511 13:30:57.965"></status>
</kw>
<kw name="Title Should Be" library="SeleniumLibrary">
<doc>Verifies that the current page title equals ``title``.</doc>
<arguments>
<arg>${TITLE_DRESSES}</arg>
</arguments>
<msg timestamp="20200511 13:30:57.983" level="INFO">Page title is 'Dresses - My Store'.</msg>
<status status="PASS" starttime="20200511 13:30:57.965" endtime="20200511 13:30:57.983"></status>
</kw>
<kw name="Wait Until Element Is Visible" library="SeleniumLibrary">
<doc>Waits until the element ``locator`` is visible.</doc>
<arguments>
<arg>${btn_Category_Dre_SumDresses}</arg>
<arg>${WAIT_TIME}</arg>
</arguments>
<status status="PASS" starttime="20200511 13:30:57.983" endtime="20200511 13:30:58.018"></status>
</kw>
<kw name="Click Element" library="SeleniumLibrary">
<doc>Click the element identified by ``locator``.</doc>
<arguments>
<arg>${btn_Category_Dre_SumDresses}</arg>
</arguments>
<msg timestamp="20200511 13:30:58.019" level="INFO">Clicking element '//a[@class='subcategory-name'][contains(text(),'Summer Dresses')]'.</msg>
<status status="PASS" starttime="20200511 13:30:58.019" endtime="20200511 13:30:59.848"></status>
</kw>
<kw name="Title Should Be" library="SeleniumLibrary">
<doc>Verifies that the current page title equals ``title``.</doc>
<arguments>
<arg>${TITLE_DRESSES_SUMMER}</arg>
</arguments>
<msg timestamp="20200511 13:30:59.855" level="INFO">Page title is 'Summer Dresses - My Store'.</msg>
<status status="PASS" starttime="20200511 13:30:59.849" endtime="20200511 13:30:59.855"></status>
</kw>
<status status="PASS" starttime="20200511 13:30:55.377" endtime="20200511 13:30:59.855"></status>
</kw>
<kw name="Log" library="BuiltIn">
<doc>Logs the given message with the given level.</doc>
<arguments>
<arg>Step 3 - Select second subcategory on grid</arg>
</arguments>
<msg timestamp="20200511 13:30:59.856" level="INFO">Step 3 - Select second subcategory on grid</msg>
<status status="PASS" starttime="20200511 13:30:59.855" endtime="20200511 13:30:59.856"></status>
</kw>
<kw name="Summer Dresses: Select Item" library="Keywords">
<arguments>
<arg>[2]</arg>
</arguments>
<kw name="Catenate" library="BuiltIn">
<doc>Catenates the given items together and returns the resulted string.</doc>
<arguments>
<arg>SEPARATOR=</arg>
<arg>${mo_SummerDress_Item}</arg>
<arg>${grid_item}</arg>
</arguments>
<assign>
<var>${temp_locator}</var>
</assign>
<msg timestamp="20200511 13:30:59.857" level="INFO">${temp_locator} = (//div[@class="product-container"])[2]</msg>
<status status="PASS" starttime="20200511 13:30:59.856" endtime="20200511 13:30:59.857"></status>
</kw>
<kw name="Wait Until Element Is Visible" library="SeleniumLibrary">
<doc>Waits until the element ``locator`` is visible.</doc>
<arguments>
<arg>${temp_locator}</arg>
<arg>${WAIT_TIME}</arg>
</arguments>
<status status="PASS" starttime="20200511 13:30:59.857" endtime="20200511 13:30:59.878"></status>
</kw>
<kw name="Wait Until Element Is Visible" library="SeleniumLibrary">
<doc>Waits until the element ``locator`` is visible.</doc>
<arguments>
<arg>${btn_Compare}</arg>
</arguments>
<status status="PASS" starttime="20200511 13:30:59.879" endtime="20200511 13:30:59.897"></status>
</kw>
<kw name="Scroll Element Into View" library="SeleniumLibrary">
<doc>Scrolls the element identified by ``locator`` into view.</doc>
<arguments>
<arg>${temp_locator}</arg>
</arguments>
<status status="PASS" starttime="20200511 13:30:59.898" endtime="20200511 13:31:00.204"></status>
</kw>
<kw name="Mouse Over" library="SeleniumLibrary">
<doc>Simulates hovering the mouse over the element ``locator``.</doc>
<arguments>
<arg>${temp_locator}</arg>
</arguments>
<msg timestamp="20200511 13:31:00.205" level="INFO">Simulating Mouse Over on element '(//div[@class="product-container"])[2]'.</msg>
<status status="PASS" starttime="20200511 13:31:00.204" endtime="20200511 13:31:00.481"></status>
</kw>
<kw name="Catenate" library="BuiltIn">
<doc>Catenates the given items together and returns the resulted string.</doc>
<arguments>
<arg>SEPARATOR=</arg>
<arg>${btn_SummerDress_More}</arg>
<arg>${grid_item}</arg>
</arguments>
<assign>
<var>${temp_locator}</var>
</assign>
<msg timestamp="20200511 13:31:00.483" level="INFO">${temp_locator} = (//span[contains(text(),"More")])[2]</msg>
<status status="PASS" starttime="20200511 13:31:00.481" endtime="20200511 13:31:00.483"></status>
</kw>
<kw name="Wait Until Element Is Visible" library="SeleniumLibrary">
<doc>Waits until the element ``locator`` is visible.</doc>
<arguments>
<arg>${temp_locator}</arg>
<arg>${WAIT_TIME}</arg>
</arguments>
<status status="PASS" starttime="20200511 13:31:00.484" endtime="20200511 13:31:00.542"></status>
</kw>
<kw name="Click Element" library="SeleniumLibrary">
<doc>Click the element identified by ``locator``.</doc>
<arguments>
<arg>${temp_locator}</arg>
</arguments>
<msg timestamp="20200511 13:31:00.542" level="INFO">Clicking element '(//span[contains(text(),"More")])[2]'.</msg>
<status status="PASS" starttime="20200511 13:31:00.542" endtime="20200511 13:31:02.174"></status>
</kw>
<status status="PASS" starttime="20200511 13:30:59.856" endtime="20200511 13:31:02.174"></status>
</kw>
<kw name="Log" library="BuiltIn">
<doc>Logs the given message with the given level.</doc>
<arguments>
<arg>Step 4 - Add item to shopping cart</arg>
</arguments>
<msg timestamp="20200511 13:31:02.174" level="INFO">Step 4 - Add item to shopping cart</msg>
<status status="PASS" starttime="20200511 13:31:02.174" endtime="20200511 13:31:02.175"></status>
</kw>
<kw name="Add Item to Shopping Cart" library="Keywords">
<arguments>
<arg>1</arg>
<arg>S</arg>
<arg>${btn_Item_Color_White}</arg>
<arg>${btn_Proceed_Checkout}</arg>
</arguments>
<kw name="Wait Until Element Is Visible" library="SeleniumLibrary">
<doc>Waits until the element ``locator`` is visible.</doc>
<arguments>
<arg>${txt_Item_Qty}</arg>
<arg>${WAIT_TIME}</arg>
</arguments>
<status status="PASS" starttime="20200511 13:31:02.176" endtime="20200511 13:31:02.225"></status>
</kw>
<kw name="Wait Until Element Is Visible" library="SeleniumLibrary">
<doc>Waits until the element ``locator`` is visible.</doc>
<arguments>
<arg>${mo_Item_Size}</arg>
<arg>${WAIT_TIME}</arg>
</arguments>
<status status="PASS" starttime="20200511 13:31:02.225" endtime="20200511 13:31:02.249"></status>
</kw>
<kw name="Wait Until Element Is Visible" library="SeleniumLibrary">
<doc>Waits until the element ``locator`` is visible.</doc>
<arguments>
<arg>${color}</arg>
</arguments>
<status status="PASS" starttime="20200511 13:31:02.249" endtime="20200511 13:31:02.272"></status>
</kw>
<kw name="Scroll Element Into View" library="SeleniumLibrary">
<doc>Scrolls the element identified by ``locator`` into view.</doc>
<arguments>
<arg>${btn_Item_AddToCart}</arg>
</arguments>
<status status="PASS" starttime="20200511 13:31:02.273" endtime="20200511 13:31:02.552"></status>
</kw>
<kw name="Input Text" library="SeleniumLibrary">
<doc>Types the given ``text`` into the text field identified by ``locator``.</doc>
<arguments>
<arg>${txt_Item_Qty}</arg>
<arg>${qty}</arg>
</arguments>
<msg timestamp="20200511 13:31:02.554" level="INFO">Typing text '1' into text field 'id:quantity_wanted'.</msg>
<status status="PASS" starttime="20200511 13:31:02.553" endtime="20200511 13:31:02.646"></status>
</kw>
<kw name="Select From List By Label" library="SeleniumLibrary">
<doc>Selects options from selection list ``locator`` by ``labels``.</doc>
<arguments>
<arg>${lst_Item_Size}</arg>
<arg>${size}</arg>
</arguments>
<msg timestamp="20200511 13:31:02.647" level="INFO">Selecting options from selection list 'id:group_1' by label S.</msg>
<status status="PASS" starttime="20200511 13:31:02.647" endtime="20200511 13:31:02.699"></status>
</kw>
<kw name="Click Element" library="SeleniumLibrary">
<doc>Click the element identified by ``locator``.</doc>
<arguments>
<arg>${color}</arg>
</arguments>
<msg timestamp="20200511 13:31:02.699" level="INFO">Clicking element 'id:color_8'.</msg>
<status status="PASS" starttime="20200511 13:31:02.699" endtime="20200511 13:31:02.800"></status>
</kw>
<kw name="Wait Until Element Is Visible" library="SeleniumLibrary">
<doc>Waits until the element ``locator`` is visible.</doc>
<arguments>
<arg>${btn_Item_AddToCart}</arg>
<arg>${WAIT_TIME}</arg>
</arguments>
<status status="PASS" starttime="20200511 13:31:02.800" endtime="20200511 13:31:02.848"></status>
</kw>
<kw name="Click Element" library="SeleniumLibrary">
<doc>Click the element identified by ``locator``.</doc>
<arguments>
<arg>${btn_Item_AddToCart}</arg>
</arguments>
<msg timestamp="20200511 13:31:02.848" level="INFO">Clicking element '//span[contains(text(),'Add to cart')]'.</msg>
<status status="PASS" starttime="20200511 13:31:02.848" endtime="20200511 13:31:03.090"></status>
</kw>
<kw name="Wait Until Element Is Visible" library="SeleniumLibrary">
<doc>Waits until the element ``locator`` is visible.</doc>
<arguments>
<arg>${next_step}</arg>
<arg>${WAIT_TIME}</arg>
</arguments>
<status status="PASS" starttime="20200511 13:31:03.090" endtime="20200511 13:31:03.558"></status>
</kw>
<kw name="Click Element" library="SeleniumLibrary">
<doc>Click the element identified by ``locator``.</doc>
<arguments>
<arg>${next_step}</arg>
</arguments>
<msg timestamp="20200511 13:31:03.559" level="INFO">Clicking element '//span[contains(text(),'Proceed to checkout')]'.</msg>
<status status="PASS" starttime="20200511 13:31:03.558" endtime="20200511 13:31:05.248"></status>
</kw>
<status status="PASS" starttime="20200511 13:31:02.175" endtime="20200511 13:31:05.248"></status>
</kw>
<kw name="Log" library="BuiltIn">
<doc>Logs the given message with the given level.</doc>
<arguments>
<arg>Step 5 - Validate total amount is less than 50 USD</arg>
</arguments>
<msg timestamp="20200511 13:31:05.248" level="INFO">Step 5 - Validate total amount is less than 50 USD</msg>
<status status="PASS" starttime="20200511 13:31:05.248" endtime="20200511 13:31:05.248"></status>
</kw>
<kw name="Check Total Amount" library="Keywords">
<arguments>
<arg>LESS</arg>
<arg>50</arg>
</arguments>
<kw name="Wait Until Element Is Visible" library="SeleniumLibrary">
<doc>Waits until the element ``locator`` is visible.</doc>
<arguments>
<arg>${lbl_Tot_Amount}</arg>
<arg>${WAIT_TIME}</arg>
</arguments>
<status status="PASS" starttime="20200511 13:31:05.249" endtime="20200511 13:31:05.316"></status>
</kw>
<kw name="Get Text" library="SeleniumLibrary">
<doc>Returns the text value of the element identified by ``locator``.</doc>
<arguments>
<arg>${lbl_Tot_Amount}</arg>
</arguments>
<assign>
<var>${total amount}</var>
</assign>
<msg timestamp="20200511 13:31:05.351" level="INFO">${total amount} = $32.50</msg>
<status status="PASS" starttime="20200511 13:31:05.317" endtime="20200511 13:31:05.351"></status>
</kw>
<kw name="Remove String" library="String">
<doc>Removes all ``removables`` from the given ``string``.</doc>
<arguments>
<arg>${total amount}</arg>
<arg>$</arg>
</arguments>
<assign>
<var>${total amount}</var>
</assign>
<msg timestamp="20200511 13:31:05.352" level="INFO">${total amount} = 32.50</msg>
<status status="PASS" starttime="20200511 13:31:05.351" endtime="20200511 13:31:05.352"></status>
</kw>
<kw name="Convert To Number" library="BuiltIn">
<doc>Converts the given item to a floating point number.</doc>
<arguments>
<arg>${total amount}</arg>
</arguments>
<assign>
<var>${total amount}</var>
</assign>
<msg timestamp="20200511 13:31:05.353" level="INFO">${total amount} = 32.5</msg>
<status status="PASS" starttime="20200511 13:31:05.352" endtime="20200511 13:31:05.353"></status>
</kw>
<kw name="Run Keyword If" library="BuiltIn">
<doc>Runs the given keyword with the given arguments, if ``condition`` is true.</doc>
<arguments>
<arg>'${operation}' == 'LESS'</arg>
<arg>Should Be True</arg>
<arg>${total amount} &lt; ${exp_total_amount}</arg>
</arguments>
<kw name="Should Be True" library="BuiltIn">
<doc>Fails if the given condition is not true.</doc>
<arguments>
<arg>${total amount} &lt; ${exp_total_amount}</arg>
</arguments>
<status status="PASS" starttime="20200511 13:31:05.354" endtime="20200511 13:31:05.354"></status>
</kw>
<status status="PASS" starttime="20200511 13:31:05.353" endtime="20200511 13:31:05.355"></status>
</kw>
<kw name="Run Keyword If" library="BuiltIn">
<doc>Runs the given keyword with the given arguments, if ``condition`` is true.</doc>
<arguments>
<arg>'${operation}' == 'MORE'</arg>
<arg>Should Be True</arg>
<arg>${total amount} &gt; ${exp_total_amount}</arg>
</arguments>
<status status="PASS" starttime="20200511 13:31:05.355" endtime="20200511 13:31:05.355"></status>
</kw>
<status status="PASS" starttime="20200511 13:31:05.249" endtime="20200511 13:31:05.356"></status>
</kw>
<kw name="Log" library="BuiltIn">
<doc>Logs the given message with the given level.</doc>
<arguments>
<arg>Step 6 - Finalize order</arg>
</arguments>
<msg timestamp="20200511 13:31:05.357" level="INFO">Step 6 - Finalize order</msg>
<status status="PASS" starttime="20200511 13:31:05.356" endtime="20200511 13:31:05.357"></status>
</kw>
<kw name="Finalize the Order" library="Keywords">
<kw name="Proceed to Checkout" library="Keywords">
<kw name="Wait Until Element Is Visible" library="SeleniumLibrary">
<doc>Waits until the element ``locator`` is visible.</doc>
<arguments>
<arg>${btn_Shop_Cart_Proceed_Checkout}</arg>
</arguments>
<status status="PASS" starttime="20200511 13:31:05.359" endtime="20200511 13:31:05.392"></status>
</kw>
<kw name="Click Element" library="SeleniumLibrary">
<doc>Click the element identified by ``locator``.</doc>
<arguments>
<arg>${btn_Shop_Cart_Proceed_Checkout}</arg>
</arguments>
<msg timestamp="20200511 13:31:05.393" level="INFO">Clicking element '(//span[contains(text(),'Proceed to checkout')])[2]'.</msg>
<status status="PASS" starttime="20200511 13:31:05.393" endtime="20200511 13:31:06.467"></status>
</kw>
<kw name="Title Should Be" library="SeleniumLibrary">
<doc>Verifies that the current page title equals ``title``.</doc>
<arguments>
<arg>${TITLE_CART}</arg>
</arguments>
<msg timestamp="20200511 13:31:06.484" level="INFO">Page title is 'Order - My Store'.</msg>
<status status="PASS" starttime="20200511 13:31:06.467" endtime="20200511 13:31:06.484"></status>
</kw>
<kw name="Page Should Contain Element" library="SeleniumLibrary">
<doc>Verifies that element ``locator`` is found on the current page.</doc>
<arguments>
<arg>${lbl_Step3_Address}</arg>
</arguments>
<msg timestamp="20200511 13:31:06.495" level="INFO">Current page contains element '//li[@class="step_current third"]'.</msg>
<status status="PASS" starttime="20200511 13:31:06.485" endtime="20200511 13:31:06.495"></status>
</kw>
<status status="PASS" starttime="20200511 13:31:05.358" endtime="20200511 13:31:06.495"></status>
</kw>
<kw name="Check Address and Add Comments" library="Keywords">
<kw name="Wait Until Element Is Visible" library="SeleniumLibrary">
<doc>Waits until the element ``locator`` is visible.</doc>
<arguments>
<arg>${txt_Comments}</arg>
</arguments>
<status status="PASS" starttime="20200511 13:31:06.496" endtime="20200511 13:31:06.542"></status>
</kw>
<kw name="Input Text" library="SeleniumLibrary">
<doc>Types the given ``text`` into the text field identified by ``locator``.</doc>
<arguments>
<arg>${txt_Comments}</arg>
<arg>This is a comment for and order.</arg>
</arguments>
<msg timestamp="20200511 13:31:06.542" level="INFO">Typing text 'This is a comment for and order.' into text field '//textarea[@name='message']'.</msg>
<status status="PASS" starttime="20200511 13:31:06.542" endtime="20200511 13:31:06.624"></status>
</kw>
<kw name="Wait Until Element Is Visible" library="SeleniumLibrary">
<doc>Waits until the element ``locator`` is visible.</doc>
<arguments>
<arg>${btn_Shop_Cart_Proceed_Checkout}</arg>
</arguments>
<status status="PASS" starttime="20200511 13:31:06.624" endtime="20200511 13:31:06.736"></status>
</kw>
<kw name="Click Element" library="SeleniumLibrary">
<doc>Click the element identified by ``locator``.</doc>
<arguments>
<arg>${btn_Shop_Cart_Proceed_Checkout}</arg>
</arguments>
<msg timestamp="20200511 13:31:06.737" level="INFO">Clicking element '(//span[contains(text(),'Proceed to checkout')])[2]'.</msg>
<status status="PASS" starttime="20200511 13:31:06.737" endtime="20200511 13:31:08.018"></status>
</kw>
<kw name="Title Should Be" library="SeleniumLibrary">
<doc>Verifies that the current page title equals ``title``.</doc>
<arguments>
<arg>${TITLE_CART}</arg>
</arguments>
<msg timestamp="20200511 13:31:08.042" level="INFO">Page title is 'Order - My Store'.</msg>
<status status="PASS" starttime="20200511 13:31:08.018" endtime="20200511 13:31:08.042"></status>
</kw>
<kw name="Page Should Contain Element" library="SeleniumLibrary">
<doc>Verifies that element ``locator`` is found on the current page.</doc>
<arguments>
<arg>${lbl_Step4_Shipping}</arg>
</arguments>
<msg timestamp="20200511 13:31:08.049" level="INFO">Current page contains element '//li[@class="step_current four"]'.</msg>
<status status="PASS" starttime="20200511 13:31:08.043" endtime="20200511 13:31:08.049"></status>
</kw>
<status status="PASS" starttime="20200511 13:31:06.495" endtime="20200511 13:31:08.050"></status>
</kw>
<kw name="Shipping" library="Keywords">
<kw name="Wait Until Element Is Visible" library="SeleniumLibrary">
<doc>Waits until the element ``locator`` is visible.</doc>
<arguments>
<arg>${mo_Terms}</arg>
</arguments>
<status status="PASS" starttime="20200511 13:31:08.051" endtime="20200511 13:31:08.110"></status>
</kw>
<kw name="Select Checkbox" library="SeleniumLibrary">
<doc>Selects the checkbox identified by ``locator``.</doc>
<arguments>
<arg>${chk_Terms}</arg>
</arguments>
<msg timestamp="20200511 13:31:08.111" level="INFO">Selecting checkbox 'id:cgv'.</msg>
<status status="PASS" starttime="20200511 13:31:08.111" endtime="20200511 13:31:08.393"></status>
</kw>
<kw name="Wait Until Element Is Visible" library="SeleniumLibrary">
<doc>Waits until the element ``locator`` is visible.</doc>
<arguments>
<arg>${btn_Shop_Cart_Proceed_Checkout}</arg>
</arguments>
<status status="PASS" starttime="20200511 13:31:08.394" endtime="20200511 13:31:08.433"></status>
</kw>
<kw name="Click Element" library="SeleniumLibrary">
<doc>Click the element identified by ``locator``.</doc>
<arguments>
<arg>${btn_Shop_Cart_Proceed_Checkout}</arg>
</arguments>
<msg timestamp="20200511 13:31:08.434" level="INFO">Clicking element '(//span[contains(text(),'Proceed to checkout')])[2]'.</msg>
<status status="PASS" starttime="20200511 13:31:08.433" endtime="20200511 13:31:09.614"></status>
</kw>
<kw name="Page Should Contain Element" library="SeleniumLibrary">
<doc>Verifies that element ``locator`` is found on the current page.</doc>
<arguments>
<arg>${lbl_Step5_Payment}</arg>
</arguments>
<msg timestamp="20200511 13:31:09.648" level="INFO">Current page contains element '//li[@class="step_current last"]'.</msg>
<status status="PASS" starttime="20200511 13:31:09.614" endtime="20200511 13:31:09.648"></status>
</kw>
<status status="PASS" starttime="20200511 13:31:08.050" endtime="20200511 13:31:09.649"></status>
</kw>
<kw name="Select Payment Type" library="Keywords">
<kw name="Wait Until Element Is Visible" library="SeleniumLibrary">
<doc>Waits until the element ``locator`` is visible.</doc>
<arguments>
<arg>${btn_Pay_Bank_Wire}</arg>
</arguments>
<status status="PASS" starttime="20200511 13:31:09.649" endtime="20200511 13:31:09.708"></status>
</kw>
<kw name="Click Element" library="SeleniumLibrary">
<doc>Click the element identified by ``locator``.</doc>
<arguments>
<arg>${btn_Pay_Bank_Wire}</arg>
</arguments>
<msg timestamp="20200511 13:31:09.708" level="INFO">Clicking element '//a[@class='bankwire']'.</msg>
<status status="PASS" starttime="20200511 13:31:09.708" endtime="20200511 13:31:10.967"></status>
</kw>
<status status="PASS" starttime="20200511 13:31:09.649" endtime="20200511 13:31:10.967"></status>
</kw>
<kw name="Confirm the Order" library="Keywords">
<kw name="Wait Until Element Is Visible" library="SeleniumLibrary">
<doc>Waits until the element ``locator`` is visible.</doc>
<arguments>
<arg>${btn_Confirm_My_Order}</arg>
</arguments>
<status status="PASS" starttime="20200511 13:31:10.968" endtime="20200511 13:31:11.035"></status>
</kw>
<kw name="Click Element" library="SeleniumLibrary">
<doc>Click the element identified by ``locator``.</doc>
<arguments>
<arg>${btn_Confirm_My_Order}</arg>
</arguments>
<msg timestamp="20200511 13:31:11.035" level="INFO">Clicking element '//span[contains(text(),'I confirm my order')]'.</msg>
<status status="PASS" starttime="20200511 13:31:11.035" endtime="20200511 13:31:13.734"></status>
</kw>
<kw name="Page Should Contain Element" library="SeleniumLibrary">
<doc>Verifies that element ``locator`` is found on the current page.</doc>
<arguments>
<arg>${lbl_Order_Confirmation}</arg>
</arguments>
<msg timestamp="20200511 13:31:13.790" level="INFO">Current page contains element '//strong[contains(text(),'Your order on My Store is complete.')]'.</msg>
<status status="PASS" starttime="20200511 13:31:13.734" endtime="20200511 13:31:13.790"></status>
</kw>
<kw name="Title Should Be" library="SeleniumLibrary">
<doc>Verifies that the current page title equals ``title``.</doc>
<arguments>
<arg>${TITLE_ORDER_CONFIRMATION}</arg>
</arguments>
<msg timestamp="20200511 13:31:13.793" level="INFO">Page title is 'Order confirmation - My Store'.</msg>
<status status="PASS" starttime="20200511 13:31:13.790" endtime="20200511 13:31:13.794"></status>
</kw>
<status status="PASS" starttime="20200511 13:31:10.968" endtime="20200511 13:31:13.794"></status>
</kw>
<status status="PASS" starttime="20200511 13:31:05.357" endtime="20200511 13:31:13.794"></status>
</kw>
<kw name="Finish Test" library="Keywords" type="teardown">
<kw name="Sleep" library="BuiltIn">
<doc>Pauses the test executed for the given time.</doc>
<arguments>
<arg>5 seconds</arg>
</arguments>
<msg timestamp="20200511 13:31:18.797" level="INFO">Slept 5 seconds</msg>
<status status="PASS" starttime="20200511 13:31:13.795" endtime="20200511 13:31:18.798"></status>
</kw>
<kw name="Sign Out" library="Keywords">
<kw name="Wait Until Element Is Visible" library="SeleniumLibrary">
<doc>Waits until the element ``locator`` is visible.</doc>
<arguments>
<arg>${btn_MyAcct_Logout}</arg>
<arg>${WAIT_TIME}</arg>
</arguments>
<status status="PASS" starttime="20200511 13:31:18.802" endtime="20200511 13:31:18.886"></status>
</kw>
<kw name="Click Element" library="SeleniumLibrary">
<doc>Click the element identified by ``locator``.</doc>
<arguments>
<arg>${btn_MyAcct_Logout}</arg>
</arguments>
<msg timestamp="20200511 13:31:18.886" level="INFO">Clicking element '//a[@class='logout']'.</msg>
<status status="PASS" starttime="20200511 13:31:18.886" endtime="20200511 13:31:21.396"></status>
</kw>
<kw name="Title Should Be" library="SeleniumLibrary">
<doc>Verifies that the current page title equals ``title``.</doc>
<arguments>
<arg>${TITLE_LOGIN}</arg>
</arguments>
<msg timestamp="20200511 13:31:21.423" level="INFO">Page title is 'Login - My Store'.</msg>
<status status="PASS" starttime="20200511 13:31:21.397" endtime="20200511 13:31:21.423"></status>
</kw>
<kw name="Sleep" library="BuiltIn">
<doc>Pauses the test executed for the given time.</doc>
<arguments>
<arg>3</arg>
</arguments>
<msg timestamp="20200511 13:31:24.424" level="INFO">Slept 3 seconds</msg>
<status status="PASS" starttime="20200511 13:31:21.423" endtime="20200511 13:31:24.425"></status>
</kw>
<status status="PASS" starttime="20200511 13:31:18.799" endtime="20200511 13:31:24.426"></status>
</kw>
<kw name="Close Browser" library="SeleniumLibrary">
<doc>Closes the current browser.</doc>
<status status="PASS" starttime="20200511 13:31:24.427" endtime="20200511 13:31:25.457"></status>
</kw>
<status status="PASS" starttime="20200511 13:31:13.795" endtime="20200511 13:31:25.457"></status>
</kw>
<doc>Login with an existing user
Add one item to shopping cart
Validate total amount is less than 50 USD</doc>
<tags>
<tag>Functional</tag>
<tag>Login</tag>
</tags>
<status status="PASS" starttime="20200511 13:30:38.651" endtime="20200511 13:31:25.458" critical="yes"></status>
</test>
<test id="s1-t2" name="TC02 Login, add two different items to shopping cart and validate total amount is over 50 USD">
<kw name="Start Test" library="Keywords" type="setup">
<kw name="Generate Random String" library="String">
<doc>Generates a string with a desired ``length`` from the given ``chars``.</doc>
<arguments>
<arg>10</arg>
<arg>[LOWER]</arg>
</arguments>
<assign>
<var>${FIRST NAME}</var>
</assign>
<msg timestamp="20200511 13:31:25.460" level="INFO">${FIRST NAME} = xrxdtyjckd</msg>
<status status="PASS" starttime="20200511 13:31:25.460" endtime="20200511 13:31:25.460"></status>
</kw>
<kw name="Generate Random String" library="String">
<doc>Generates a string with a desired ``length`` from the given ``chars``.</doc>
<arguments>
<arg>12</arg>
<arg>[LOWER]</arg>
</arguments>
<assign>
<var>${LAST NAME}</var>
</assign>
<msg timestamp="20200511 13:31:25.461" level="INFO">${LAST NAME} = wzyfpwogknwp</msg>
<status status="PASS" starttime="20200511 13:31:25.460" endtime="20200511 13:31:25.461"></status>
</kw>
<kw name="Generate Random String" library="String">
<doc>Generates a string with a desired ``length`` from the given ``chars``.</doc>
<arguments>
<arg>5</arg>
<arg>[NUMBERS]</arg>
</arguments>
<assign>
<var>${ZIP CODE}</var>
</assign>
<msg timestamp="20200511 13:31:25.461" level="INFO">${ZIP CODE} = 13602</msg>
<status status="PASS" starttime="20200511 13:31:25.461" endtime="20200511 13:31:25.461"></status>
</kw>
<kw name="Generate Random String" library="String">
<doc>Generates a string with a desired ``length`` from the given ``chars``.</doc>
<arguments>
<arg>10</arg>
<arg>[NUMBERS]</arg>
</arguments>
<assign>
<var>${PHONE}</var>
</assign>
<msg timestamp="20200511 13:31:25.462" level="INFO">${PHONE} = 8895023901</msg>
<status status="PASS" starttime="20200511 13:31:25.461" endtime="20200511 13:31:25.462"></status>
</kw>
<kw name="Set Test Variable" library="BuiltIn">
<doc>Makes a variable available everywhere within the scope of the current test.</doc>
<arguments>
<arg>${FIRST NAME}</arg>
</arguments>
<msg timestamp="20200511 13:31:25.462" level="INFO">${FIRST NAME} = xrxdtyjckd</msg>
<status status="PASS" starttime="20200511 13:31:25.462" endtime="20200511 13:31:25.462"></status>
</kw>
<kw name="Set Test Variable" library="BuiltIn">
<doc>Makes a variable available everywhere within the scope of the current test.</doc>
<arguments>
<arg>${LAST NAME}</arg>
</arguments>
<msg timestamp="20200511 13:31:25.463" level="INFO">${LAST NAME} = wzyfpwogknwp</msg>
<status status="PASS" starttime="20200511 13:31:25.462" endtime="20200511 13:31:25.463"></status>
</kw>
<kw name="Set Test Variable" library="BuiltIn">
<doc>Makes a variable available everywhere within the scope of the current test.</doc>
<arguments>
<arg>${ZIP CODE}</arg>
</arguments>
<msg timestamp="20200511 13:31:25.463" level="INFO">${ZIP CODE} = 13602</msg>
<status status="PASS" starttime="20200511 13:31:25.463" endtime="20200511 13:31:25.463"></status>
</kw>
<kw name="Set Test Variable" library="BuiltIn">
<doc>Makes a variable available everywhere within the scope of the current test.</doc>
<arguments>
<arg>${PHONE}</arg>
</arguments>
<msg timestamp="20200511 13:31:25.464" level="INFO">${PHONE} = 8895023901</msg>
<status status="PASS" starttime="20200511 13:31:25.463" endtime="20200511 13:31:25.464"></status>
</kw>
<status status="PASS" starttime="20200511 13:31:25.459" endtime="20200511 13:31:25.464"></status>
</kw>
<kw name="Set Screenshot Directory" library="SeleniumLibrary">
<doc>Sets the directory for captured screenshots.</doc>
<arguments>
<arg>../Reports/screenshots/main/tc02</arg>
</arguments>
<status status="PASS" starttime="20200511 13:31:25.464" endtime="20200511 13:31:25.464"></status>
</kw>
<kw name="Log" library="BuiltIn">
<doc>Logs the given message with the given level.</doc>
<arguments>
<arg>Step 1 - Open home page and sing-in</arg>
</arguments>
<msg timestamp="20200511 13:31:25.465" level="INFO">Step 1 - Open home page and sing-in</msg>
<status status="PASS" starttime="20200511 13:31:25.465" endtime="20200511 13:31:25.465"></status>
</kw>
<kw name="Open Home Page" library="Keywords">
<kw name="Open Browser" library="SeleniumLibrary">
<doc>Opens a new browser instance to the optional ``url``.</doc>
<arguments>
<arg>${HOME PAGE URL}</arg>
<arg>${BROWSER}</arg>
</arguments>
<msg timestamp="20200511 13:31:25.467" level="INFO">Opening browser 'firefox' to base url 'http://automationpractice.com/index.php'.</msg>
<msg timestamp="20200511 13:31:25.467" level="INFO">Firefox driver log is always forced to to: /home/RobotTask/Reports/screenshots/main/geckodriver-5.log</msg>
<status status="PASS" starttime="20200511 13:31:25.466" endtime="20200511 13:31:34.016"></status>
</kw>
<kw name="Maximize Browser Window" library="SeleniumLibrary">
<doc>Maximizes current browser window.</doc>
<status status="PASS" starttime="20200511 13:31:34.016" endtime="20200511 13:31:39.056"></status>
</kw>
<kw name="Title Should Be" library="SeleniumLibrary">
<doc>Verifies that the current page title equals ``title``.</doc>
<arguments>
<arg>${TITLE_HOMEPAGE}</arg>
</arguments>
<msg timestamp="20200511 13:31:39.072" level="INFO">Page title is 'My Store'.</msg>
<status status="PASS" starttime="20200511 13:31:39.056" endtime="20200511 13:31:39.073"></status>
</kw>
<status status="PASS" starttime="20200511 13:31:25.465" endtime="20200511 13:31:39.073"></status>
</kw>
<kw name="Go To Login Page" library="Keywords">
<kw name="Wait Until Element Is Visible" library="SeleniumLibrary">
<doc>Waits until the element ``locator`` is visible.</doc>
<arguments>
<arg>${btn_SignIn}</arg>
<arg>${WAIT_TIME}</arg>
</arguments>
<status status="PASS" starttime="20200511 13:31:39.075" endtime="20200511 13:31:39.185"></status>
</kw>
<kw name="Click Element" library="SeleniumLibrary">
<doc>Click the element identified by ``locator``.</doc>
<arguments>
<arg>${btn_SignIn}</arg>
</arguments>
<msg timestamp="20200511 13:31:39.186" level="INFO">Clicking element 'css=.login'.</msg>
<status status="PASS" starttime="20200511 13:31:39.185" endtime="20200511 13:31:41.796"></status>
</kw>
<kw name="Title Should Be" library="SeleniumLibrary">
<doc>Verifies that the current page title equals ``title``.</doc>
<arguments>
<arg>${TITLE_LOGIN}</arg>
</arguments>
<msg timestamp="20200511 13:31:41.811" level="INFO">Page title is 'Login - My Store'.</msg>
<status status="PASS" starttime="20200511 13:31:41.796" endtime="20200511 13:31:41.811"></status>
</kw>
<status status="PASS" starttime="20200511 13:31:39.074" endtime="20200511 13:31:41.811"></status>
</kw>
<kw name="Sign In" library="Keywords">
<kw name="Wait Until Element Is Visible" library="SeleniumLibrary">
<doc>Waits until the element ``locator`` is visible.</doc>
<arguments>
<arg>${txt_EmailLogin}</arg>
</arguments>
<status status="PASS" starttime="20200511 13:31:41.812" endtime="20200511 13:31:41.896"></status>
</kw>
<kw name="Wait Until Element Is Visible" library="SeleniumLibrary">
<doc>Waits until the element ``locator`` is visible.</doc>
<arguments>
<arg>${txt_Password}</arg>
</arguments>
<status status="PASS" starttime="20200511 13:31:41.896" endtime="20200511 13:31:41.952"></status>
</kw>
<kw name="Wait Until Element Is Visible" library="SeleniumLibrary">
<doc>Waits until the element ``locator`` is visible.</doc>
<arguments>
<arg>${btn_Login}</arg>
</arguments>
<status status="PASS" starttime="20200511 13:31:41.952" endtime="20200511 13:31:41.980"></status>
</kw>
<kw name="Input Text" library="SeleniumLibrary">
<doc>Types the given ``text`` into the text field identified by ``locator``.</doc>
<arguments>
<arg>${txt_EmailLogin}</arg>
<arg>${EMAIL}</arg>
</arguments>
<msg timestamp="20200511 13:31:41.981" level="INFO">Typing text 'tqmtlzci@oisnjaxw.com' into text field 'id:email'.</msg>
<status status="PASS" starttime="20200511 13:31:41.980" endtime="20200511 13:31:42.057"></status>
</kw>
<kw name="Input Text" library="SeleniumLibrary">
<doc>Types the given ``text`` into the text field identified by ``locator``.</doc>
<arguments>
<arg>${txt_Password}</arg>
<arg>${PASSWORD}</arg>
</arguments>
<msg timestamp="20200511 13:31:42.057" level="INFO">Typing text 'aqlnlgkmdr' into text field 'id:passwd'.</msg>
<status status="PASS" starttime="20200511 13:31:42.057" endtime="20200511 13:31:42.145"></status>
</kw>
<kw name="Click Button" library="SeleniumLibrary">
<doc>Clicks the button identified by ``locator``.</doc>
<arguments>
<arg>${btn_Login}</arg>
</arguments>
<msg timestamp="20200511 13:31:42.146" level="INFO">Clicking button 'id:SubmitLogin'.</msg>
<status status="PASS" starttime="20200511 13:31:42.145" endtime="20200511 13:31:47.386"></status>
</kw>
<kw name="Title Should Be" library="SeleniumLibrary">
<doc>Verifies that the current page title equals ``title``.</doc>
<arguments>
<arg>${TITLE_MY_ACCT}</arg>
</arguments>
<msg timestamp="20200511 13:31:47.409" level="INFO">Page title is 'My account - My Store'.</msg>
<status status="PASS" starttime="20200511 13:31:47.386" endtime="20200511 13:31:47.409"></status>
</kw>
<status status="PASS" starttime="20200511 13:31:41.812" endtime="20200511 13:31:47.409"></status>
</kw>
<kw name="Log" library="BuiltIn">
<doc>Logs the given message with the given level.</doc>
<arguments>
<arg>Step 2 - Select Dresses/Summer Dresses category</arg>
</arguments>
<msg timestamp="20200511 13:31:47.410" level="INFO">Step 2 - Select Dresses/Summer Dresses category</msg>
<status status="PASS" starttime="20200511 13:31:47.410" endtime="20200511 13:31:47.410"></status>
</kw>
<kw name="Select Category Dresses - Summer Dresses" library="Keywords">
<kw name="Wait Until Element Is Visible" library="SeleniumLibrary">
<doc>Waits until the element ``locator`` is visible.</doc>
<arguments>
<arg>${btn_Category_Dresses}</arg>
<arg>${WAIT_TIME}</arg>
</arguments>
<status status="PASS" starttime="20200511 13:31:47.410" endtime="20200511 13:31:47.445"></status>
</kw>
<kw name="Click Element" library="SeleniumLibrary">
<doc>Click the element identified by ``locator``.</doc>
<arguments>
<arg>${btn_Category_Dresses}</arg>
</arguments>
<msg timestamp="20200511 13:31:47.445" level="INFO">Clicking element '(//a[@class="sf-with-ul" and @title="Dresses"])[2]'.</msg>
<status status="PASS" starttime="20200511 13:31:47.445" endtime="20200511 13:31:49.611"></status>
</kw>
<kw name="Title Should Be" library="SeleniumLibrary">
<doc>Verifies that the current page title equals ``title``.</doc>
<arguments>
<arg>${TITLE_DRESSES}</arg>
</arguments>
<msg timestamp="20200511 13:31:49.649" level="INFO">Page title is 'Dresses - My Store'.</msg>
<status status="PASS" starttime="20200511 13:31:49.611" endtime="20200511 13:31:49.649"></status>
</kw>
<kw name="Wait Until Element Is Visible" library="SeleniumLibrary">
<doc>Waits until the element ``locator`` is visible.</doc>
<arguments>
<arg>${btn_Category_Dre_SumDresses}</arg>
<arg>${WAIT_TIME}</arg>
</arguments>
<status status="PASS" starttime="20200511 13:31:49.650" endtime="20200511 13:31:49.732"></status>
</kw>
<kw name="Click Element" library="SeleniumLibrary">
<doc>Click the element identified by ``locator``.</doc>
<arguments>
<arg>${btn_Category_Dre_SumDresses}</arg>
</arguments>
<msg timestamp="20200511 13:31:49.733" level="INFO">Clicking element '//a[@class='subcategory-name'][contains(text(),'Summer Dresses')]'.</msg>
<status status="PASS" starttime="20200511 13:31:49.732" endtime="20200511 13:31:51.581"></status>
</kw>
<kw name="Title Should Be" library="SeleniumLibrary">
<doc>Verifies that the current page title equals ``title``.</doc>
<arguments>
<arg>${TITLE_DRESSES_SUMMER}</arg>
</arguments>
<msg timestamp="20200511 13:31:51.609" level="INFO">Page title is 'Summer Dresses - My Store'.</msg>
<status status="PASS" starttime="20200511 13:31:51.582" endtime="20200511 13:31:51.609"></status>
</kw>
<status status="PASS" starttime="20200511 13:31:47.410" endtime="20200511 13:31:51.610"></status>
</kw>
<kw name="Log" library="BuiltIn">
<doc>Logs the given message with the given level.</doc>
<arguments>
<arg>Step 3 - Select second subcategory on grid</arg>
</arguments>
<msg timestamp="20200511 13:31:51.611" level="INFO">Step 3 - Select second subcategory on grid</msg>
<status status="PASS" starttime="20200511 13:31:51.610" endtime="20200511 13:31:51.611"></status>
</kw>
<kw name="Summer Dresses: Select Item" library="Keywords">
<arguments>
<arg>[2]</arg>
</arguments>
<kw name="Catenate" library="BuiltIn">
<doc>Catenates the given items together and returns the resulted string.</doc>
<arguments>
<arg>SEPARATOR=</arg>
<arg>${mo_SummerDress_Item}</arg>
<arg>${grid_item}</arg>
</arguments>
<assign>
<var>${temp_locator}</var>
</assign>
<msg timestamp="20200511 13:31:51.615" level="INFO">${temp_locator} = (//div[@class="product-container"])[2]</msg>
<status status="PASS" starttime="20200511 13:31:51.614" endtime="20200511 13:31:51.616"></status>
</kw>
<kw name="Wait Until Element Is Visible" library="SeleniumLibrary">
<doc>Waits until the element ``locator`` is visible.</doc>
<arguments>
<arg>${temp_locator}</arg>
<arg>${WAIT_TIME}</arg>
</arguments>
<status status="PASS" starttime="20200511 13:31:51.616" endtime="20200511 13:31:51.674"></status>
</kw>
<kw name="Wait Until Element Is Visible" library="SeleniumLibrary">
<doc>Waits until the element ``locator`` is visible.</doc>
<arguments>
<arg>${btn_Compare}</arg>
</arguments>
<status status="PASS" starttime="20200511 13:31:51.675" endtime="20200511 13:31:51.701"></status>
</kw>
<kw name="Scroll Element Into View" library="SeleniumLibrary">
<doc>Scrolls the element identified by ``locator`` into view.</doc>
<arguments>
<arg>${temp_locator}</arg>
</arguments>
<status status="PASS" starttime="20200511 13:31:51.701" endtime="20200511 13:31:51.985"></status>
</kw>
<kw name="Mouse Over" library="SeleniumLibrary">
<doc>Simulates hovering the mouse over the element ``locator``.</doc>
<arguments>
<arg>${temp_locator}</arg>
</arguments>
<msg timestamp="20200511 13:31:51.987" level="INFO">Simulating Mouse Over on element '(//div[@class="product-container"])[2]'.</msg>
<status status="PASS" starttime="20200511 13:31:51.986" endtime="20200511 13:31:52.303"></status>
</kw>
<kw name="Catenate" library="BuiltIn">
<doc>Catenates the given items together and returns the resulted string.</doc>
<arguments>
<arg>SEPARATOR=</arg>
<arg>${btn_SummerDress_More}</arg>
<arg>${grid_item}</arg>
</arguments>
<assign>
<var>${temp_locator}</var>
</assign>
<msg timestamp="20200511 13:31:52.306" level="INFO">${temp_locator} = (//span[contains(text(),"More")])[2]</msg>
<status status="PASS" starttime="20200511 13:31:52.304" endtime="20200511 13:31:52.306"></status>
</kw>
<kw name="Wait Until Element Is Visible" library="SeleniumLibrary">
<doc>Waits until the element ``locator`` is visible.</doc>
<arguments>
<arg>${temp_locator}</arg>
<arg>${WAIT_TIME}</arg>
</arguments>
<status status="PASS" starttime="20200511 13:31:52.307" endtime="20200511 13:31:52.440"></status>
</kw>
<kw name="Click Element" library="SeleniumLibrary">
<doc>Click the element identified by ``locator``.</doc>
<arguments>
<arg>${temp_locator}</arg>
</arguments>
<msg timestamp="20200511 13:31:52.442" level="INFO">Clicking element '(//span[contains(text(),"More")])[2]'.</msg>
<status status="PASS" starttime="20200511 13:31:52.441" endtime="20200511 13:31:54.268"></status>
</kw>
<status status="PASS" starttime="20200511 13:31:51.612" endtime="20200511 13:31:54.268"></status>
</kw>
<kw name="Log" library="BuiltIn">
<doc>Logs the given message with the given level.</doc>
<arguments>
<arg>Step 4 - Add two different sizes and colors items to shopping cart</arg>
</arguments>
<msg timestamp="20200511 13:31:54.269" level="INFO">Step 4 - Add two different sizes and colors items to shopping cart</msg>
<status status="PASS" starttime="20200511 13:31:54.269" endtime="20200511 13:31:54.269"></status>
</kw>
<kw name="Add Item to Shopping Cart" library="Keywords">
<arguments>
<arg>1</arg>
<arg>S</arg>
<arg>${btn_Item_Color_White}</arg>
<arg>${btn_Continue_Shopping}</arg>
</arguments>
<kw name="Wait Until Element Is Visible" library="SeleniumLibrary">
<doc>Waits until the element ``locator`` is visible.</doc>
<arguments>
<arg>${txt_Item_Qty}</arg>
<arg>${WAIT_TIME}</arg>
</arguments>
<status status="PASS" starttime="20200511 13:31:54.272" endtime="20200511 13:31:54.368"></status>
</kw>
<kw name="Wait Until Element Is Visible" library="SeleniumLibrary">
<doc>Waits until the element ``locator`` is visible.</doc>
<arguments>
<arg>${mo_Item_Size}</arg>
<arg>${WAIT_TIME}</arg>
</arguments>
<status status="PASS" starttime="20200511 13:31:54.369" endtime="20200511 13:31:54.424"></status>
</kw>
<kw name="Wait Until Element Is Visible" library="SeleniumLibrary">
<doc>Waits until the element ``locator`` is visible.</doc>
<arguments>
<arg>${color}</arg>
</arguments>
<status status="PASS" starttime="20200511 13:31:54.424" endtime="20200511 13:31:54.477"></status>
</kw>
<kw name="Scroll Element Into View" library="SeleniumLibrary">
<doc>Scrolls the element identified by ``locator`` into view.</doc>
<arguments>
<arg>${btn_Item_AddToCart}</arg>
</arguments>
<status status="PASS" starttime="20200511 13:31:54.478" endtime="20200511 13:31:54.766"></status>
</kw>
<kw name="Input Text" library="SeleniumLibrary">
<doc>Types the given ``text`` into the text field identified by ``locator``.</doc>
<arguments>
<arg>${txt_Item_Qty}</arg>
<arg>${qty}</arg>
</arguments>
<msg timestamp="20200511 13:31:54.769" level="INFO">Typing text '1' into text field 'id:quantity_wanted'.</msg>
<status status="PASS" starttime="20200511 13:31:54.767" endtime="20200511 13:31:54.841"></status>
</kw>
<kw name="Select From List By Label" library="SeleniumLibrary">
<doc>Selects options from selection list ``locator`` by ``labels``.</doc>
<arguments>
<arg>${lst_Item_Size}</arg>
<arg>${size}</arg>
</arguments>
<msg timestamp="20200511 13:31:54.842" level="INFO">Selecting options from selection list 'id:group_1' by label S.</msg>
<status status="PASS" starttime="20200511 13:31:54.841" endtime="20200511 13:31:54.869"></status>
</kw>
<kw name="Click Element" library="SeleniumLibrary">
<doc>Click the element identified by ``locator``.</doc>
<arguments>
<arg>${color}</arg>
</arguments>
<msg timestamp="20200511 13:31:54.870" level="INFO">Clicking element 'id:color_8'.</msg>
<status status="PASS" starttime="20200511 13:31:54.869" endtime="20200511 13:31:54.944"></status>
</kw>
<kw name="Wait Until Element Is Visible" library="SeleniumLibrary">
<doc>Waits until the element ``locator`` is visible.</doc>
<arguments>
<arg>${btn_Item_AddToCart}</arg>
<arg>${WAIT_TIME}</arg>
</arguments>
<status status="PASS" starttime="20200511 13:31:54.944" endtime="20200511 13:31:54.991"></status>
</kw>
<kw name="Click Element" library="SeleniumLibrary">
<doc>Click the element identified by ``locator``.</doc>
<arguments>
<arg>${btn_Item_AddToCart}</arg>
</arguments>
<msg timestamp="20200511 13:31:54.992" level="INFO">Clicking element '//span[contains(text(),'Add to cart')]'.</msg>
<status status="PASS" starttime="20200511 13:31:54.991" endtime="20200511 13:31:55.224"></status>
</kw>
<kw name="Wait Until Element Is Visible" library="SeleniumLibrary">
<doc>Waits until the element ``locator`` is visible.</doc>
<arguments>
<arg>${next_step}</arg>
<arg>${WAIT_TIME}</arg>
</arguments>
<status status="PASS" starttime="20200511 13:31:55.224" endtime="20200511 13:31:55.881"></status>
</kw>
<kw name="Click Element" library="SeleniumLibrary">
<doc>Click the element identified by ``locator``.</doc>
<arguments>
<arg>${next_step}</arg>
</arguments>
<msg timestamp="20200511 13:31:55.882" level="INFO">Clicking element '//span[@class='continue btn btn-default button exclusive-medium']//span[1]'.</msg>
<status status="PASS" starttime="20200511 13:31:55.881" endtime="20200511 13:31:56.222"></status>
</kw>
<status status="PASS" starttime="20200511 13:31:54.270" endtime="20200511 13:31:56.223"></status>
</kw>
<kw name="Add Item to Shopping Cart" library="Keywords">
<arguments>
<arg>1</arg>
<arg>L</arg>
<arg>${btn_Item_Color_Yellow}</arg>
<arg>${btn_Proceed_Checkout}</arg>
</arguments>
<kw name="Wait Until Element Is Visible" library="SeleniumLibrary">
<doc>Waits until the element ``locator`` is visible.</doc>
<arguments>
<arg>${txt_Item_Qty}</arg>
<arg>${WAIT_TIME}</arg>
</arguments>
<status status="PASS" starttime="20200511 13:31:56.225" endtime="20200511 13:31:56.262"></status>
</kw>
<kw name="Wait Until Element Is Visible" library="SeleniumLibrary">
<doc>Waits until the element ``locator`` is visible.</doc>
<arguments>
<arg>${mo_Item_Size}</arg>
<arg>${WAIT_TIME}</arg>
</arguments>
<status status="PASS" starttime="20200511 13:31:56.262" endtime="20200511 13:31:56.285"></status>
</kw>
<kw name="Wait Until Element Is Visible" library="SeleniumLibrary">
<doc>Waits until the element ``locator`` is visible.</doc>
<arguments>
<arg>${color}</arg>
</arguments>
<status status="PASS" starttime="20200511 13:31:56.285" endtime="20200511 13:31:56.308"></status>
</kw>
<kw name="Scroll Element Into View" library="SeleniumLibrary">
<doc>Scrolls the element identified by ``locator`` into view.</doc>
<arguments>
<arg>${btn_Item_AddToCart}</arg>
</arguments>
<status status="PASS" starttime="20200511 13:31:56.308" endtime="20200511 13:31:56.580"></status>
</kw>
<kw name="Input Text" library="SeleniumLibrary">
<doc>Types the given ``text`` into the text field identified by ``locator``.</doc>
<arguments>
<arg>${txt_Item_Qty}</arg>
<arg>${qty}</arg>
</arguments>
<msg timestamp="20200511 13:31:56.582" level="INFO">Typing text '1' into text field 'id:quantity_wanted'.</msg>
<status status="PASS" starttime="20200511 13:31:56.581" endtime="20200511 13:31:56.629"></status>
</kw>
<kw name="Select From List By Label" library="SeleniumLibrary">
<doc>Selects options from selection list ``locator`` by ``labels``.</doc>
<arguments>
<arg>${lst_Item_Size}</arg>
<arg>${size}</arg>
</arguments>
<msg timestamp="20200511 13:31:56.630" level="INFO">Selecting options from selection list 'id:group_1' by label L.</msg>
<status status="PASS" starttime="20200511 13:31:56.630" endtime="20200511 13:31:56.715"></status>
</kw>
<kw name="Click Element" library="SeleniumLibrary">
<doc>Click the element identified by ``locator``.</doc>
<arguments>
<arg>${color}</arg>
</arguments>
<msg timestamp="20200511 13:31:56.716" level="INFO">Clicking element 'id:color_16'.</msg>
<status status="PASS" starttime="20200511 13:31:56.715" endtime="20200511 13:31:56.828"></status>
</kw>
<kw name="Wait Until Element Is Visible" library="SeleniumLibrary">
<doc>Waits until the element ``locator`` is visible.</doc>
<arguments>
<arg>${btn_Item_AddToCart}</arg>
<arg>${WAIT_TIME}</arg>
</arguments>
<status status="PASS" starttime="20200511 13:31:56.829" endtime="20200511 13:31:56.879"></status>
</kw>
<kw name="Click Element" library="SeleniumLibrary">
<doc>Click the element identified by ``locator``.</doc>
<arguments>
<arg>${btn_Item_AddToCart}</arg>
</arguments>
<msg timestamp="20200511 13:31:56.880" level="INFO">Clicking element '//span[contains(text(),'Add to cart')]'.</msg>
<status status="PASS" starttime="20200511 13:31:56.879" endtime="20200511 13:31:57.116"></status>
</kw>
<kw name="Wait Until Element Is Visible" library="SeleniumLibrary">
<doc>Waits until the element ``locator`` is visible.</doc>
<arguments>
<arg>${next_step}</arg>
<arg>${WAIT_TIME}</arg>
</arguments>
<status status="PASS" starttime="20200511 13:31:57.116" endtime="20200511 13:31:57.693"></status>
</kw>
<kw name="Click Element" library="SeleniumLibrary">
<doc>Click the element identified by ``locator``.</doc>
<arguments>
<arg>${next_step}</arg>
</arguments>
<msg timestamp="20200511 13:31:57.693" level="INFO">Clicking element '//span[contains(text(),'Proceed to checkout')]'.</msg>
<status status="PASS" starttime="20200511 13:31:57.693" endtime="20200511 13:31:59.679"></status>
</kw>
<status status="PASS" starttime="20200511 13:31:56.223" endtime="20200511 13:31:59.680"></status>
</kw>
<kw name="Log" library="BuiltIn">
<doc>Logs the given message with the given level.</doc>
<arguments>
<arg>Step 5 - Validate total amount is greater than 50 USD</arg>
</arguments>
<msg timestamp="20200511 13:31:59.680" level="INFO">Step 5 - Validate total amount is greater than 50 USD</msg>
<status status="PASS" starttime="20200511 13:31:59.680" endtime="20200511 13:31:59.680"></status>
</kw>
<kw name="Check Total Amount" library="Keywords">
<arguments>
<arg>MORE</arg>
<arg>50</arg>
</arguments>
<kw name="Wait Until Element Is Visible" library="SeleniumLibrary">
<doc>Waits until the element ``locator`` is visible.</doc>
<arguments>
<arg>${lbl_Tot_Amount}</arg>
<arg>${WAIT_TIME}</arg>
</arguments>
<status status="PASS" starttime="20200511 13:31:59.681" endtime="20200511 13:31:59.717"></status>
</kw>
<kw name="Get Text" library="SeleniumLibrary">
<doc>Returns the text value of the element identified by ``locator``.</doc>
<arguments>
<arg>${lbl_Tot_Amount}</arg>
</arguments>
<assign>
<var>${total amount}</var>
</assign>
<msg timestamp="20200511 13:31:59.740" level="INFO">${total amount} = $63.00</msg>
<status status="PASS" starttime="20200511 13:31:59.717" endtime="20200511 13:31:59.740"></status>
</kw>
<kw name="Remove String" library="String">
<doc>Removes all ``removables`` from the given ``string``.</doc>
<arguments>
<arg>${total amount}</arg>
<arg>$</arg>
</arguments>
<assign>
<var>${total amount}</var>
</assign>
<msg timestamp="20200511 13:31:59.740" level="INFO">${total amount} = 63.00</msg>
<status status="PASS" starttime="20200511 13:31:59.740" endtime="20200511 13:31:59.740"></status>
</kw>
<kw name="Convert To Number" library="BuiltIn">
<doc>Converts the given item to a floating point number.</doc>
<arguments>
<arg>${total amount}</arg>
</arguments>
<assign>
<var>${total amount}</var>
</assign>
<msg timestamp="20200511 13:31:59.741" level="INFO">${total amount} = 63.0</msg>
<status status="PASS" starttime="20200511 13:31:59.741" endtime="20200511 13:31:59.741"></status>
</kw>
<kw name="Run Keyword If" library="BuiltIn">
<doc>Runs the given keyword with the given arguments, if ``condition`` is true.</doc>
<arguments>
<arg>'${operation}' == 'LESS'</arg>
<arg>Should Be True</arg>
<arg>${total amount} &lt; ${exp_total_amount}</arg>
</arguments>
<status status="PASS" starttime="20200511 13:31:59.741" endtime="20200511 13:31:59.742"></status>
</kw>
<kw name="Run Keyword If" library="BuiltIn">
<doc>Runs the given keyword with the given arguments, if ``condition`` is true.</doc>
<arguments>
<arg>'${operation}' == 'MORE'</arg>
<arg>Should Be True</arg>
<arg>${total amount} &gt; ${exp_total_amount}</arg>
</arguments>
<kw name="Should Be True" library="BuiltIn">
<doc>Fails if the given condition is not true.</doc>
<arguments>
<arg>${total amount} &gt; ${exp_total_amount}</arg>
</arguments>
<status status="PASS" starttime="20200511 13:31:59.742" endtime="20200511 13:31:59.743"></status>
</kw>
<status status="PASS" starttime="20200511 13:31:59.742" endtime="20200511 13:31:59.743"></status>
</kw>
<status status="PASS" starttime="20200511 13:31:59.681" endtime="20200511 13:31:59.743"></status>
</kw>
<kw name="Log" library="BuiltIn">
<doc>Logs the given message with the given level.</doc>
<arguments>
<arg>Step 6 - Finalize order</arg>
</arguments>
<msg timestamp="20200511 13:31:59.743" level="INFO">Step 6 - Finalize order</msg>
<status status="PASS" starttime="20200511 13:31:59.743" endtime="20200511 13:31:59.743"></status>
</kw>
<kw name="Finalize the Order" library="Keywords">
<kw name="Proceed to Checkout" library="Keywords">
<kw name="Wait Until Element Is Visible" library="SeleniumLibrary">
<doc>Waits until the element ``locator`` is visible.</doc>
<arguments>
<arg>${btn_Shop_Cart_Proceed_Checkout}</arg>
</arguments>
<status status="PASS" starttime="20200511 13:31:59.745" endtime="20200511 13:31:59.771"></status>
</kw>
<kw name="Click Element" library="SeleniumLibrary">
<doc>Click the element identified by ``locator``.</doc>
<arguments>
<arg>${btn_Shop_Cart_Proceed_Checkout}</arg>
</arguments>
<msg timestamp="20200511 13:31:59.772" level="INFO">Clicking element '(//span[contains(text(),'Proceed to checkout')])[2]'.</msg>
<status status="PASS" starttime="20200511 13:31:59.771" endtime="20200511 13:32:01.103"></status>
</kw>
<kw name="Title Should Be" library="SeleniumLibrary">
<doc>Verifies that the current page title equals ``title``.</doc>
<arguments>
<arg>${TITLE_CART}</arg>
</arguments>
<msg timestamp="20200511 13:32:01.133" level="INFO">Page title is 'Order - My Store'.</msg>
<status status="PASS" starttime="20200511 13:32:01.103" endtime="20200511 13:32:01.133"></status>
</kw>
<kw name="Page Should Contain Element" library="SeleniumLibrary">
<doc>Verifies that element ``locator`` is found on the current page.</doc>
<arguments>
<arg>${lbl_Step3_Address}</arg>
</arguments>
<msg timestamp="20200511 13:32:01.147" level="INFO">Current page contains element '//li[@class="step_current third"]'.</msg>
<status status="PASS" starttime="20200511 13:32:01.133" endtime="20200511 13:32:01.148"></status>
</kw>
<status status="PASS" starttime="20200511 13:31:59.744" endtime="20200511 13:32:01.148"></status>
</kw>
<kw name="Check Address and Add Comments" library="Keywords">
<kw name="Wait Until Element Is Visible" library="SeleniumLibrary">
<doc>Waits until the element ``locator`` is visible.</doc>
<arguments>
<arg>${txt_Comments}</arg>
</arguments>
<status status="PASS" starttime="20200511 13:32:01.149" endtime="20200511 13:32:01.177"></status>
</kw>
<kw name="Input Text" library="SeleniumLibrary">
<doc>Types the given ``text`` into the text field identified by ``locator``.</doc>
<arguments>
<arg>${txt_Comments}</arg>
<arg>This is a comment for and order.</arg>
</arguments>
<msg timestamp="20200511 13:32:01.178" level="INFO">Typing text 'This is a comment for and order.' into text field '//textarea[@name='message']'.</msg>
<status status="PASS" starttime="20200511 13:32:01.177" endtime="20200511 13:32:01.247"></status>
</kw>
<kw name="Wait Until Element Is Visible" library="SeleniumLibrary">
<doc>Waits until the element ``locator`` is visible.</doc>
<arguments>
<arg>${btn_Shop_Cart_Proceed_Checkout}</arg>
</arguments>
<status status="PASS" starttime="20200511 13:32:01.247" endtime="20200511 13:32:01.329"></status>
</kw>
<kw name="Click Element" library="SeleniumLibrary">
<doc>Click the element identified by ``locator``.</doc>
<arguments>
<arg>${btn_Shop_Cart_Proceed_Checkout}</arg>
</arguments>
<msg timestamp="20200511 13:32:01.329" level="INFO">Clicking element '(//span[contains(text(),'Proceed to checkout')])[2]'.</msg>
<status status="PASS" starttime="20200511 13:32:01.329" endtime="20200511 13:32:02.364"></status>
</kw>
<kw name="Title Should Be" library="SeleniumLibrary">
<doc>Verifies that the current page title equals ``title``.</doc>
<arguments>
<arg>${TITLE_CART}</arg>
</arguments>
<msg timestamp="20200511 13:32:02.373" level="INFO">Page title is 'Order - My Store'.</msg>
<status status="PASS" starttime="20200511 13:32:02.365" endtime="20200511 13:32:02.373"></status>
</kw>
<kw name="Page Should Contain Element" library="SeleniumLibrary">
<doc>Verifies that element ``locator`` is found on the current page.</doc>
<arguments>
<arg>${lbl_Step4_Shipping}</arg>
</arguments>
<msg timestamp="20200511 13:32:02.379" level="INFO">Current page contains element '//li[@class="step_current four"]'.</msg>
<status status="PASS" starttime="20200511 13:32:02.374" endtime="20200511 13:32:02.380"></status>
</kw>
<status status="PASS" starttime="20200511 13:32:01.148" endtime="20200511 13:32:02.380"></status>
</kw>
<kw name="Shipping" library="Keywords">
<kw name="Wait Until Element Is Visible" library="SeleniumLibrary">
<doc>Waits until the element ``locator`` is visible.</doc>
<arguments>
<arg>${mo_Terms}</arg>
</arguments>
<status status="PASS" starttime="20200511 13:32:02.381" endtime="20200511 13:32:02.411"></status>
</kw>
<kw name="Select Checkbox" library="SeleniumLibrary">
<doc>Selects the checkbox identified by ``locator``.</doc>
<arguments>
<arg>${chk_Terms}</arg>
</arguments>
<msg timestamp="20200511 13:32:02.411" level="INFO">Selecting checkbox 'id:cgv'.</msg>
<status status="PASS" starttime="20200511 13:32:02.411" endtime="20200511 13:32:02.756"></status>
</kw>
<kw name="Wait Until Element Is Visible" library="SeleniumLibrary">
<doc>Waits until the element ``locator`` is visible.</doc>
<arguments>
<arg>${btn_Shop_Cart_Proceed_Checkout}</arg>
</arguments>
<status status="PASS" starttime="20200511 13:32:02.757" endtime="20200511 13:32:02.800"></status>
</kw>
<kw name="Click Element" library="SeleniumLibrary">
<doc>Click the element identified by ``locator``.</doc>
<arguments>
<arg>${btn_Shop_Cart_Proceed_Checkout}</arg>
</arguments>
<msg timestamp="20200511 13:32:02.800" level="INFO">Clicking element '(//span[contains(text(),'Proceed to checkout')])[2]'.</msg>
<status status="PASS" starttime="20200511 13:32:02.800" endtime="20200511 13:32:04.320"></status>
</kw>
<kw name="Page Should Contain Element" library="SeleniumLibrary">
<doc>Verifies that element ``locator`` is found on the current page.</doc>
<arguments>
<arg>${lbl_Step5_Payment}</arg>
</arguments>
<msg timestamp="20200511 13:32:04.359" level="INFO">Current page contains element '//li[@class="step_current last"]'.</msg>
<status status="PASS" starttime="20200511 13:32:04.320" endtime="20200511 13:32:04.359"></status>
</kw>
<status status="PASS" starttime="20200511 13:32:02.380" endtime="20200511 13:32:04.360"></status>
</kw>
<kw name="Select Payment Type" library="Keywords">
<kw name="Wait Until Element Is Visible" library="SeleniumLibrary">
<doc>Waits until the element ``locator`` is visible.</doc>
<arguments>
<arg>${btn_Pay_Bank_Wire}</arg>
</arguments>
<status status="PASS" starttime="20200511 13:32:04.361" endtime="20200511 13:32:04.419"></status>
</kw>
<kw name="Click Element" library="SeleniumLibrary">
<doc>Click the element identified by ``locator``.</doc>
<arguments>
<arg>${btn_Pay_Bank_Wire}</arg>
</arguments>
<msg timestamp="20200511 13:32:04.421" level="INFO">Clicking element '//a[@class='bankwire']'.</msg>
<status status="PASS" starttime="20200511 13:32:04.420" endtime="20200511 13:32:05.850"></status>
</kw>
<status status="PASS" starttime="20200511 13:32:04.360" endtime="20200511 13:32:05.850"></status>
</kw>
<kw name="Confirm the Order" library="Keywords">
<kw name="Wait Until Element Is Visible" library="SeleniumLibrary">
<doc>Waits until the element ``locator`` is visible.</doc>
<arguments>
<arg>${btn_Confirm_My_Order}</arg>
</arguments>
<status status="PASS" starttime="20200511 13:32:05.851" endtime="20200511 13:32:05.903"></status>
</kw>
<kw name="Click Element" library="SeleniumLibrary">
<doc>Click the element identified by ``locator``.</doc>
<arguments>
<arg>${btn_Confirm_My_Order}</arg>
</arguments>
<msg timestamp="20200511 13:32:05.903" level="INFO">Clicking element '//span[contains(text(),'I confirm my order')]'.</msg>
<status status="PASS" starttime="20200511 13:32:05.903" endtime="20200511 13:32:08.167"></status>
</kw>
<kw name="Page Should Contain Element" library="SeleniumLibrary">
<doc>Verifies that element ``locator`` is found on the current page.</doc>
<arguments>
<arg>${lbl_Order_Confirmation}</arg>
</arguments>
<msg timestamp="20200511 13:32:08.194" level="INFO">Current page contains element '//strong[contains(text(),'Your order on My Store is complete.')]'.</msg>
<status status="PASS" starttime="20200511 13:32:08.167" endtime="20200511 13:32:08.194"></status>
</kw>
<kw name="Title Should Be" library="SeleniumLibrary">
<doc>Verifies that the current page title equals ``title``.</doc>
<arguments>
<arg>${TITLE_ORDER_CONFIRMATION}</arg>
</arguments>
<msg timestamp="20200511 13:32:08.198" level="INFO">Page title is 'Order confirmation - My Store'.</msg>
<status status="PASS" starttime="20200511 13:32:08.194" endtime="20200511 13:32:08.198"></status>
</kw>
<status status="PASS" starttime="20200511 13:32:05.850" endtime="20200511 13:32:08.198"></status>
</kw>
<status status="PASS" starttime="20200511 13:31:59.744" endtime="20200511 13:32:08.198"></status>
</kw>
<kw name="Finish Test" library="Keywords" type="teardown">
<kw name="Sleep" library="BuiltIn">
<doc>Pauses the test executed for the given time.</doc>
<arguments>
<arg>5 seconds</arg>
</arguments>
<msg timestamp="20200511 13:32:13.200" level="INFO">Slept 5 seconds</msg>
<status status="PASS" starttime="20200511 13:32:08.199" endtime="20200511 13:32:13.200"></status>
</kw>
<kw name="Sign Out" library="Keywords">
<kw name="Wait Until Element Is Visible" library="SeleniumLibrary">
<doc>Waits until the element ``locator`` is visible.</doc>
<arguments>
<arg>${btn_MyAcct_Logout}</arg>
<arg>${WAIT_TIME}</arg>
</arguments>
<status status="PASS" starttime="20200511 13:32:13.201" endtime="20200511 13:32:13.229"></status>
</kw>
<kw name="Click Element" library="SeleniumLibrary">
<doc>Click the element identified by ``locator``.</doc>
<arguments>
<arg>${btn_MyAcct_Logout}</arg>
</arguments>
<msg timestamp="20200511 13:32:13.230" level="INFO">Clicking element '//a[@class='logout']'.</msg>
<status status="PASS" starttime="20200511 13:32:13.229" endtime="20200511 13:32:15.793"></status>
</kw>
<kw name="Title Should Be" library="SeleniumLibrary">
<doc>Verifies that the current page title equals ``title``.</doc>
<arguments>
<arg>${TITLE_LOGIN}</arg>
</arguments>
<msg timestamp="20200511 13:32:15.814" level="INFO">Page title is 'Login - My Store'.</msg>
<status status="PASS" starttime="20200511 13:32:15.794" endtime="20200511 13:32:15.815"></status>
</kw>
<kw name="Sleep" library="BuiltIn">
<doc>Pauses the test executed for the given time.</doc>
<arguments>
<arg>3</arg>
</arguments>
<msg timestamp="20200511 13:32:18.816" level="INFO">Slept 3 seconds</msg>
<status status="PASS" starttime="20200511 13:32:15.815" endtime="20200511 13:32:18.816"></status>
</kw>
<status status="PASS" starttime="20200511 13:32:13.200" endtime="20200511 13:32:18.817"></status>
</kw>
<kw name="Close Browser" library="SeleniumLibrary">
<doc>Closes the current browser.</doc>
<status status="PASS" starttime="20200511 13:32:18.818" endtime="20200511 13:32:19.566"></status>
</kw>
<status status="PASS" starttime="20200511 13:32:08.199" endtime="20200511 13:32:19.566"></status>
</kw>
<doc>Login with an existing user
Add two different items to shopping cart
Validate total amount is greater than 50 USD</doc>
<tags>
<tag>Functional</tag>
<tag>Login</tag>
</tags>
<status status="PASS" starttime="20200511 13:31:25.458" endtime="20200511 13:32:19.566" critical="yes"></status>
</test>
<test id="s1-t3" name="TC03 Create new account, add four different items to shopping cart and validate total amount is under 100 USD">
<kw name="Start Test" library="Keywords" type="setup">
<kw name="Generate Random String" library="String">
<doc>Generates a string with a desired ``length`` from the given ``chars``.</doc>
<arguments>
<arg>10</arg>
<arg>[LOWER]</arg>
</arguments>
<assign>
<var>${FIRST NAME}</var>
</assign>
<msg timestamp="20200511 13:32:19.569" level="INFO">${FIRST NAME} = woaodugrgr</msg>
<status status="PASS" starttime="20200511 13:32:19.569" endtime="20200511 13:32:19.569"></status>
</kw>
<kw name="Generate Random String" library="String">
<doc>Generates a string with a desired ``length`` from the given ``chars``.</doc>
<arguments>
<arg>12</arg>
<arg>[LOWER]</arg>
</arguments>
<assign>
<var>${LAST NAME}</var>
</assign>
<msg timestamp="20200511 13:32:19.570" level="INFO">${LAST NAME} = bhlhtxyljvii</msg>
<status status="PASS" starttime="20200511 13:32:19.569" endtime="20200511 13:32:19.570"></status>
</kw>
<kw name="Generate Random String" library="String">
<doc>Generates a string with a desired ``length`` from the given ``chars``.</doc>
<arguments>
<arg>5</arg>
<arg>[NUMBERS]</arg>
</arguments>
<assign>
<var>${ZIP CODE}</var>
</assign>
<msg timestamp="20200511 13:32:19.570" level="INFO">${ZIP CODE} = 18779</msg>
<status status="PASS" starttime="20200511 13:32:19.570" endtime="20200511 13:32:19.570"></status>
</kw>
<kw name="Generate Random String" library="String">
<doc>Generates a string with a desired ``length`` from the given ``chars``.</doc>
<arguments>
<arg>10</arg>
<arg>[NUMBERS]</arg>
</arguments>
<assign>
<var>${PHONE}</var>
</assign>
<msg timestamp="20200511 13:32:19.571" level="INFO">${PHONE} = 7413752110</msg>
<status status="PASS" starttime="20200511 13:32:19.570" endtime="20200511 13:32:19.571"></status>
</kw>
<kw name="Set Test Variable" library="BuiltIn">
<doc>Makes a variable available everywhere within the scope of the current test.</doc>
<arguments>
<arg>${FIRST NAME}</arg>
</arguments>
<msg timestamp="20200511 13:32:19.571" level="INFO">${FIRST NAME} = woaodugrgr</msg>
<status status="PASS" starttime="20200511 13:32:19.571" endtime="20200511 13:32:19.571"></status>
</kw>
<kw name="Set Test Variable" library="BuiltIn">
<doc>Makes a variable available everywhere within the scope of the current test.</doc>
<arguments>
<arg>${LAST NAME}</arg>
</arguments>
<msg timestamp="20200511 13:32:19.572" level="INFO">${LAST NAME} = bhlhtxyljvii</msg>
<status status="PASS" starttime="20200511 13:32:19.571" endtime="20200511 13:32:19.572"></status>
</kw>
<kw name="Set Test Variable" library="BuiltIn">
<doc>Makes a variable available everywhere within the scope of the current test.</doc>
<arguments>
<arg>${ZIP CODE}</arg>
</arguments>
<msg timestamp="20200511 13:32:19.572" level="INFO">${ZIP CODE} = 18779</msg>
<status status="PASS" starttime="20200511 13:32:19.572" endtime="20200511 13:32:19.572"></status>
</kw>
<kw name="Set Test Variable" library="BuiltIn">
<doc>Makes a variable available everywhere within the scope of the current test.</doc>
<arguments>
<arg>${PHONE}</arg>
</arguments>
<msg timestamp="20200511 13:32:19.573" level="INFO">${PHONE} = 7413752110</msg>
<status status="PASS" starttime="20200511 13:32:19.572" endtime="20200511 13:32:19.573"></status>
</kw>
<status status="PASS" starttime="20200511 13:32:19.568" endtime="20200511 13:32:19.573"></status>
</kw>
<kw name="Set Screenshot Directory" library="SeleniumLibrary">
<doc>Sets the directory for captured screenshots.</doc>
<arguments>
<arg>../Reports/screenshots/main/tc03</arg>
</arguments>
<status status="PASS" starttime="20200511 13:32:19.573" endtime="20200511 13:32:19.574"></status>
</kw>
<kw name="Log" library="BuiltIn">
<doc>Logs the given message with the given level.</doc>
<arguments>
<arg>Step 1 - Open home page and go to login</arg>
</arguments>
<msg timestamp="20200511 13:32:19.574" level="INFO">Step 1 - Open home page and go to login</msg>
<status status="PASS" starttime="20200511 13:32:19.574" endtime="20200511 13:32:19.574"></status>
</kw>
<kw name="Open Home Page" library="Keywords">
<kw name="Open Browser" library="SeleniumLibrary">
<doc>Opens a new browser instance to the optional ``url``.</doc>
<arguments>
<arg>${HOME PAGE URL}</arg>
<arg>${BROWSER}</arg>
</arguments>
<msg timestamp="20200511 13:32:19.576" level="INFO">Opening browser 'firefox' to base url 'http://automationpractice.com/index.php'.</msg>
<msg timestamp="20200511 13:32:19.576" level="INFO">Firefox driver log is always forced to to: /home/RobotTask/Reports/screenshots/main/geckodriver-6.log</msg>
<status status="PASS" starttime="20200511 13:32:19.575" endtime="20200511 13:32:28.356"></status>
</kw>
<kw name="Maximize Browser Window" library="SeleniumLibrary">
<doc>Maximizes current browser window.</doc>
<status status="PASS" starttime="20200511 13:32:28.356" endtime="20200511 13:32:33.394"></status>
</kw>
<kw name="Title Should Be" library="SeleniumLibrary">
<doc>Verifies that the current page title equals ``title``.</doc>
<arguments>
<arg>${TITLE_HOMEPAGE}</arg>
</arguments>
<msg timestamp="20200511 13:32:33.397" level="INFO">Page title is 'My Store'.</msg>
<status status="PASS" starttime="20200511 13:32:33.394" endtime="20200511 13:32:33.397"></status>
</kw>
<status status="PASS" starttime="20200511 13:32:19.575" endtime="20200511 13:32:33.398"></status>
</kw>
<kw name="Go To Login Page" library="Keywords">
<kw name="Wait Until Element Is Visible" library="SeleniumLibrary">
<doc>Waits until the element ``locator`` is visible.</doc>
<arguments>
<arg>${btn_SignIn}</arg>
<arg>${WAIT_TIME}</arg>
</arguments>
<status status="PASS" starttime="20200511 13:32:33.398" endtime="20200511 13:32:33.427"></status>
</kw>
<kw name="Click Element" library="SeleniumLibrary">
<doc>Click the element identified by ``locator``.</doc>
<arguments>
<arg>${btn_SignIn}</arg>
</arguments>
<msg timestamp="20200511 13:32:33.427" level="INFO">Clicking element 'css=.login'.</msg>
<status status="PASS" starttime="20200511 13:32:33.427" endtime="20200511 13:32:35.453"></status>
</kw>
<kw name="Title Should Be" library="SeleniumLibrary">
<doc>Verifies that the current page title equals ``title``.</doc>
<arguments>
<arg>${TITLE_LOGIN}</arg>
</arguments>
<msg timestamp="20200511 13:32:35.470" level="INFO">Page title is 'Login - My Store'.</msg>
<status status="PASS" starttime="20200511 13:32:35.454" endtime="20200511 13:32:35.470"></status>
</kw>
<status status="PASS" starttime="20200511 13:32:33.398" endtime="20200511 13:32:35.470"></status>
</kw>
<kw name="Log" library="BuiltIn">
[...]
<status status="PASS" starttime="20200511 13:33:07.713" endtime="20200511 13:33:07.976"></status>
</kw>
<status status="PASS" starttime="20200511 13:33:05.680" endtime="20200511 13:33:07.977"></status>
</kw>
<kw name="Add Item to Shopping Cart" library="Keywords">
<arguments>
<arg>1</arg>
<arg>L</arg>
<arg>${btn_Item_Color_Yellow}</arg>
<arg>${btn_Proceed_Checkout}</arg>
</arguments>
<kw name="Wait Until Element Is Visible" library="SeleniumLibrary">
<doc>Waits until the element ``locator`` is visible.</doc>
<arguments>
<arg>${txt_Item_Qty}</arg>
<arg>${WAIT_TIME}</arg>
</arguments>
<status status="PASS" starttime="20200511 13:33:07.978" endtime="20200511 13:33:08.012"></status>
</kw>
<kw name="Wait Until Element Is Visible" library="SeleniumLibrary">
<doc>Waits until the element ``locator`` is visible.</doc>
<arguments>
<arg>${mo_Item_Size}</arg>
<arg>${WAIT_TIME}</arg>
</arguments>
<status status="PASS" starttime="20200511 13:33:08.012" endtime="20200511 13:33:08.043"></status>
</kw>
<kw name="Wait Until Element Is Visible" library="SeleniumLibrary">
<doc>Waits until the element ``locator`` is visible.</doc>
<arguments>
<arg>${color}</arg>
</arguments>
<status status="PASS" starttime="20200511 13:33:08.043" endtime="20200511 13:33:08.073"></status>
</kw>
<kw name="Scroll Element Into View" library="SeleniumLibrary">
<doc>Scrolls the element identified by ``locator`` into view.</doc>
<arguments>
<arg>${btn_Item_AddToCart}</arg>
</arguments>
<status status="PASS" starttime="20200511 13:33:08.073" endtime="20200511 13:33:08.351"></status>
</kw>
<kw name="Input Text" library="SeleniumLibrary">
<doc>Types the given ``text`` into the text field identified by ``locator``.</doc>
<arguments>
<arg>${txt_Item_Qty}</arg>
<arg>${qty}</arg>
</arguments>
<msg timestamp="20200511 13:33:08.352" level="INFO">Typing text '1' into text field 'id:quantity_wanted'.</msg>
<status status="PASS" starttime="20200511 13:33:08.351" endtime="20200511 13:33:08.380"></status>
</kw>
<kw name="Select From List By Label" library="SeleniumLibrary">
<doc>Selects options from selection list ``locator`` by ``labels``.</doc>
<arguments>
<arg>${lst_Item_Size}</arg>
<arg>${size}</arg>
</arguments>
<msg timestamp="20200511 13:33:08.380" level="INFO">Selecting options from selection list 'id:group_1' by label L.</msg>
<status status="PASS" starttime="20200511 13:33:08.380" endtime="20200511 13:33:08.465"></status>
</kw>
<kw name="Click Element" library="SeleniumLibrary">
<doc>Click the element identified by ``locator``.</doc>
<arguments>
<arg>${color}</arg>
</arguments>
<msg timestamp="20200511 13:33:08.466" level="INFO">Clicking element 'id:color_16'.</msg>
<status status="PASS" starttime="20200511 13:33:08.466" endtime="20200511 13:33:08.543"></status>
</kw>
<kw name="Wait Until Element Is Visible" library="SeleniumLibrary">
<doc>Waits until the element ``locator`` is visible.</doc>
<arguments>
<arg>${btn_Item_AddToCart}</arg>
<arg>${WAIT_TIME}</arg>
</arguments>
<status status="PASS" starttime="20200511 13:33:08.543" endtime="20200511 13:33:08.601"></status>
</kw>
<kw name="Click Element" library="SeleniumLibrary">
<doc>Click the element identified by ``locator``.</doc>
<arguments>
<arg>${btn_Item_AddToCart}</arg>
</arguments>
<msg timestamp="20200511 13:33:08.602" level="INFO">Clicking element '//span[contains(text(),'Add to cart')]'.</msg>
<status status="PASS" starttime="20200511 13:33:08.602" endtime="20200511 13:33:08.882"></status>
</kw>
<kw name="Wait Until Element Is Visible" library="SeleniumLibrary">
<doc>Waits until the element ``locator`` is visible.</doc>
<arguments>
<arg>${next_step}</arg>
<arg>${WAIT_TIME}</arg>
</arguments>
<status status="PASS" starttime="20200511 13:33:08.882" endtime="20200511 13:33:09.628"></status>
</kw>
<kw name="Click Element" library="SeleniumLibrary">
<doc>Click the element identified by ``locator``.</doc>
<arguments>
<arg>${next_step}</arg>
</arguments>
<msg timestamp="20200511 13:33:09.629" level="INFO">Clicking element '//span[contains(text(),'Proceed to checkout')]'.</msg>
<status status="PASS" starttime="20200511 13:33:09.628" endtime="20200511 13:33:11.580"></status>
</kw>
<status status="PASS" starttime="20200511 13:33:07.977" endtime="20200511 13:33:11.580"></status>
</kw>
<kw name="Log" library="BuiltIn">
<doc>Logs the given message with the given level.</doc>
<arguments>
<arg>Step 9 - Validate total amount is under 100 USD</arg>
</arguments>
<msg timestamp="20200511 13:33:11.580" level="INFO">Step 9 - Validate total amount is under 100 USD</msg>
<status status="PASS" starttime="20200511 13:33:11.580" endtime="20200511 13:33:11.581"></status>
</kw>
<kw name="Check Total Amount" library="Keywords">
<arguments>
<arg>LESS</arg>
<arg>100</arg>
</arguments>
<kw name="Wait Until Element Is Visible" library="SeleniumLibrary">
<doc>Waits until the element ``locator`` is visible.</doc>
<arguments>
<arg>${lbl_Tot_Amount}</arg>
<arg>${WAIT_TIME}</arg>
</arguments>
<status status="PASS" starttime="20200511 13:33:11.582" endtime="20200511 13:33:11.626"></status>
</kw>
<kw name="Get Text" library="SeleniumLibrary">
<doc>Returns the text value of the element identified by ``locator``.</doc>
<arguments>
<arg>${lbl_Tot_Amount}</arg>
</arguments>
<assign>
<var>${total amount}</var>
</assign>
<msg timestamp="20200511 13:33:11.650" level="INFO">${total amount} = $95.80</msg>
<status status="PASS" starttime="20200511 13:33:11.626" endtime="20200511 13:33:11.650"></status>
</kw>
<kw name="Remove String" library="String">
<doc>Removes all ``removables`` from the given ``string``.</doc>
<arguments>
<arg>${total amount}</arg>
<arg>$</arg>
</arguments>
<assign>
<var>${total amount}</var>
</assign>
<msg timestamp="20200511 13:33:11.651" level="INFO">${total amount} = 95.80</msg>
<status status="PASS" starttime="20200511 13:33:11.650" endtime="20200511 13:33:11.651"></status>
</kw>
<kw name="Convert To Number" library="BuiltIn">
<doc>Converts the given item to a floating point number.</doc>
<arguments>
<arg>${total amount}</arg>
</arguments>
<assign>
<var>${total amount}</var>
</assign>
<msg timestamp="20200511 13:33:11.651" level="INFO">${total amount} = 95.8</msg>
<status status="PASS" starttime="20200511 13:33:11.651" endtime="20200511 13:33:11.651"></status>
</kw>
<kw name="Run Keyword If" library="BuiltIn">
<doc>Runs the given keyword with the given arguments, if ``condition`` is true.</doc>
<arguments>
<arg>'${operation}' == 'LESS'</arg>
<arg>Should Be True</arg>
<arg>${total amount} &lt; ${exp_total_amount}</arg>
</arguments>
<kw name="Should Be True" library="BuiltIn">
<doc>Fails if the given condition is not true.</doc>
<arguments>
<arg>${total amount} &lt; ${exp_total_amount}</arg>
</arguments>
<status status="PASS" starttime="20200511 13:33:11.652" endtime="20200511 13:33:11.653"></status>
</kw>
<status status="PASS" starttime="20200511 13:33:11.652" endtime="20200511 13:33:11.653"></status>
</kw>
<kw name="Run Keyword If" library="BuiltIn">
<doc>Runs the given keyword with the given arguments, if ``condition`` is true.</doc>
<arguments>
<arg>'${operation}' == 'MORE'</arg>
<arg>Should Be True</arg>
<arg>${total amount} &gt; ${exp_total_amount}</arg>
</arguments>
<status status="PASS" starttime="20200511 13:33:11.653" endtime="20200511 13:33:11.653"></status>
</kw>
<status status="PASS" starttime="20200511 13:33:11.581" endtime="20200511 13:33:11.653"></status>
</kw>
<kw name="Log" library="BuiltIn">
<doc>Logs the given message with the given level.</doc>
<arguments>
<arg>Step 10 - Finalize order</arg>
</arguments>
<msg timestamp="20200511 13:33:11.654" level="INFO">Step 10 - Finalize order</msg>
<status status="PASS" starttime="20200511 13:33:11.654" endtime="20200511 13:33:11.654"></status>
</kw>
<kw name="Finalize the Order" library="Keywords">
<kw name="Proceed to Checkout" library="Keywords">
<kw name="Wait Until Element Is Visible" library="SeleniumLibrary">
<doc>Waits until the element ``locator`` is visible.</doc>
<arguments>
<arg>${btn_Shop_Cart_Proceed_Checkout}</arg>
</arguments>
<status status="PASS" starttime="20200511 13:33:11.656" endtime="20200511 13:33:11.684"></status>
</kw>
<kw name="Click Element" library="SeleniumLibrary">
<doc>Click the element identified by ``locator``.</doc>
<arguments>
<arg>${btn_Shop_Cart_Proceed_Checkout}</arg>
</arguments>
<msg timestamp="20200511 13:33:11.685" level="INFO">Clicking element '(//span[contains(text(),'Proceed to checkout')])[2]'.</msg>
<status status="PASS" starttime="20200511 13:33:11.685" endtime="20200511 13:33:12.785"></status>
</kw>
<kw name="Title Should Be" library="SeleniumLibrary">
<doc>Verifies that the current page title equals ``title``.</doc>
<arguments>
<arg>${TITLE_CART}</arg>
</arguments>
<msg timestamp="20200511 13:33:12.798" level="INFO">Page title is 'Order - My Store'.</msg>
<status status="PASS" starttime="20200511 13:33:12.785" endtime="20200511 13:33:12.798"></status>
</kw>
<kw name="Page Should Contain Element" library="SeleniumLibrary">
<doc>Verifies that element ``locator`` is found on the current page.</doc>
<arguments>
<arg>${lbl_Step3_Address}</arg>
</arguments>
<msg timestamp="20200511 13:33:12.817" level="INFO">Current page contains element '//li[@class="step_current third"]'.</msg>
<status status="PASS" starttime="20200511 13:33:12.799" endtime="20200511 13:33:12.817"></status>
</kw>
<status status="PASS" starttime="20200511 13:33:11.655" endtime="20200511 13:33:12.818"></status>
</kw>
<kw name="Check Address and Add Comments" library="Keywords">
<kw name="Wait Until Element Is Visible" library="SeleniumLibrary">
<doc>Waits until the element ``locator`` is visible.</doc>
<arguments>
<arg>${txt_Comments}</arg>
</arguments>
<status status="PASS" starttime="20200511 13:33:12.819" endtime="20200511 13:33:12.862"></status>
</kw>
<kw name="Input Text" library="SeleniumLibrary">
<doc>Types the given ``text`` into the text field identified by ``locator``.</doc>
<arguments>
<arg>${txt_Comments}</arg>
<arg>This is a comment for and order.</arg>
</arguments>
<msg timestamp="20200511 13:33:12.863" level="INFO">Typing text 'This is a comment for and order.' into text field '//textarea[@name='message']'.</msg>
<status status="PASS" starttime="20200511 13:33:12.862" endtime="20200511 13:33:12.934"></status>
</kw>
<kw name="Wait Until Element Is Visible" library="SeleniumLibrary">
<doc>Waits until the element ``locator`` is visible.</doc>
<arguments>
<arg>${btn_Shop_Cart_Proceed_Checkout}</arg>
</arguments>
<status status="PASS" starttime="20200511 13:33:12.934" endtime="20200511 13:33:12.985"></status>
</kw>
<kw name="Click Element" library="SeleniumLibrary">
<doc>Click the element identified by ``locator``.</doc>
<arguments>
<arg>${btn_Shop_Cart_Proceed_Checkout}</arg>
</arguments>
<msg timestamp="20200511 13:33:12.986" level="INFO">Clicking element '(//span[contains(text(),'Proceed to checkout')])[2]'.</msg>
<status status="PASS" starttime="20200511 13:33:12.986" endtime="20200511 13:33:15.113"></status>
</kw>
<kw name="Title Should Be" library="SeleniumLibrary">
<doc>Verifies that the current page title equals ``title``.</doc>
<arguments>
<arg>${TITLE_CART}</arg>
</arguments>
<msg timestamp="20200511 13:33:15.129" level="INFO">Page title is 'Order - My Store'.</msg>
<status status="PASS" starttime="20200511 13:33:15.113" endtime="20200511 13:33:15.130"></status>
</kw>
<kw name="Page Should Contain Element" library="SeleniumLibrary">
<doc>Verifies that element ``locator`` is found on the current page.</doc>
<arguments>
<arg>${lbl_Step4_Shipping}</arg>
</arguments>
<msg timestamp="20200511 13:33:15.144" level="INFO">Current page contains element '//li[@class="step_current four"]'.</msg>
<status status="PASS" starttime="20200511 13:33:15.130" endtime="20200511 13:33:15.145"></status>
</kw>
<status status="PASS" starttime="20200511 13:33:12.818" endtime="20200511 13:33:15.145"></status>
</kw>
<kw name="Shipping" library="Keywords">
<kw name="Wait Until Element Is Visible" library="SeleniumLibrary">
<doc>Waits until the element ``locator`` is visible.</doc>
<arguments>
<arg>${mo_Terms}</arg>
</arguments>
<status status="PASS" starttime="20200511 13:33:15.146" endtime="20200511 13:33:15.176"></status>
</kw>
<kw name="Select Checkbox" library="SeleniumLibrary">
<doc>Selects the checkbox identified by ``locator``.</doc>
<arguments>
<arg>${chk_Terms}</arg>
</arguments>
<msg timestamp="20200511 13:33:15.177" level="INFO">Selecting checkbox 'id:cgv'.</msg>
<status status="PASS" starttime="20200511 13:33:15.176" endtime="20200511 13:33:15.450"></status>
</kw>
<kw name="Wait Until Element Is Visible" library="SeleniumLibrary">
<doc>Waits until the element ``locator`` is visible.</doc>
<arguments>
<arg>${btn_Shop_Cart_Proceed_Checkout}</arg>
</arguments>
<status status="PASS" starttime="20200511 13:33:15.451" endtime="20200511 13:33:15.492"></status>
</kw>
<kw name="Click Element" library="SeleniumLibrary">
<doc>Click the element identified by ``locator``.</doc>
<arguments>
<arg>${btn_Shop_Cart_Proceed_Checkout}</arg>
</arguments>
<msg timestamp="20200511 13:33:15.493" level="INFO">Clicking element '(//span[contains(text(),'Proceed to checkout')])[2]'.</msg>
<status status="PASS" starttime="20200511 13:33:15.492" endtime="20200511 13:33:17.548"></status>
</kw>
<kw name="Page Should Contain Element" library="SeleniumLibrary">
<doc>Verifies that element ``locator`` is found on the current page.</doc>
<arguments>
<arg>${lbl_Step5_Payment}</arg>
</arguments>
<msg timestamp="20200511 13:33:17.583" level="INFO">Current page contains element '//li[@class="step_current last"]'.</msg>
<status status="PASS" starttime="20200511 13:33:17.549" endtime="20200511 13:33:17.583"></status>
</kw>
<status status="PASS" starttime="20200511 13:33:15.145" endtime="20200511 13:33:17.583"></status>
</kw>
<kw name="Select Payment Type" library="Keywords">
<kw name="Wait Until Element Is Visible" library="SeleniumLibrary">
<doc>Waits until the element ``locator`` is visible.</doc>
<arguments>
<arg>${btn_Pay_Bank_Wire}</arg>
</arguments>
<status status="PASS" starttime="20200511 13:33:17.584" endtime="20200511 13:33:17.625"></status>
</kw>
<kw name="Click Element" library="SeleniumLibrary">
<doc>Click the element identified by ``locator``.</doc>
<arguments>
<arg>${btn_Pay_Bank_Wire}</arg>
</arguments>
<msg timestamp="20200511 13:33:17.626" level="INFO">Clicking element '//a[@class='bankwire']'.</msg>
<status status="PASS" starttime="20200511 13:33:17.626" endtime="20200511 13:33:19.083"></status>
</kw>
<status status="PASS" starttime="20200511 13:33:17.584" endtime="20200511 13:33:19.083"></status>
</kw>
<kw name="Confirm the Order" library="Keywords">
<kw name="Wait Until Element Is Visible" library="SeleniumLibrary">
<doc>Waits until the element ``locator`` is visible.</doc>
<arguments>
<arg>${btn_Confirm_My_Order}</arg>
</arguments>
<status status="PASS" starttime="20200511 13:33:19.084" endtime="20200511 13:33:19.144"></status>
</kw>
<kw name="Click Element" library="SeleniumLibrary">
<doc>Click the element identified by ``locator``.</doc>
<arguments>
<arg>${btn_Confirm_My_Order}</arg>
</arguments>
<msg timestamp="20200511 13:33:19.144" level="INFO">Clicking element '//span[contains(text(),'I confirm my order')]'.</msg>
<status status="PASS" starttime="20200511 13:33:19.144" endtime="20200511 13:33:24.426"></status>
</kw>
<kw name="Page Should Contain Element" library="SeleniumLibrary">
<doc>Verifies that element ``locator`` is found on the current page.</doc>
<arguments>
<arg>${lbl_Order_Confirmation}</arg>
</arguments>
<msg timestamp="20200511 13:33:24.448" level="INFO">Current page contains element '//strong[contains(text(),'Your order on My Store is complete.')]'.</msg>
<status status="PASS" starttime="20200511 13:33:24.426" endtime="20200511 13:33:24.449"></status>
</kw>
<kw name="Title Should Be" library="SeleniumLibrary">
<doc>Verifies that the current page title equals ``title``.</doc>
<arguments>
<arg>${TITLE_ORDER_CONFIRMATION}</arg>
</arguments>
<msg timestamp="20200511 13:33:24.459" level="INFO">Page title is 'Order confirmation - My Store'.</msg>
<status status="PASS" starttime="20200511 13:33:24.449" endtime="20200511 13:33:24.459"></status>
</kw>
<status status="PASS" starttime="20200511 13:33:19.083" endtime="20200511 13:33:24.459"></status>
</kw>
<status status="PASS" starttime="20200511 13:33:11.654" endtime="20200511 13:33:24.459"></status>
</kw>
<kw name="Finish Test" library="Keywords" type="teardown">
<kw name="Sleep" library="BuiltIn">
<doc>Pauses the test executed for the given time.</doc>
<arguments>
<arg>5 seconds</arg>
</arguments>
<msg timestamp="20200511 13:33:29.461" level="INFO">Slept 5 seconds</msg>
<status status="PASS" starttime="20200511 13:33:24.461" endtime="20200511 13:33:29.462"></status>
</kw>
<kw name="Sign Out" library="Keywords">
<kw name="Wait Until Element Is Visible" library="SeleniumLibrary">
<doc>Waits until the element ``locator`` is visible.</doc>
<arguments>
<arg>${btn_MyAcct_Logout}</arg>
<arg>${WAIT_TIME}</arg>
</arguments>
<status status="PASS" starttime="20200511 13:33:29.463" endtime="20200511 13:33:29.497"></status>
</kw>
<kw name="Click Element" library="SeleniumLibrary">
<doc>Click the element identified by ``locator``.</doc>
<arguments>
<arg>${btn_MyAcct_Logout}</arg>
</arguments>
<msg timestamp="20200511 13:33:29.498" level="INFO">Clicking element '//a[@class='logout']'.</msg>
<status status="PASS" starttime="20200511 13:33:29.497" endtime="20200511 13:33:34.567"></status>
</kw>
<kw name="Title Should Be" library="SeleniumLibrary">
<doc>Verifies that the current page title equals ``title``.</doc>
<arguments>
<arg>${TITLE_LOGIN}</arg>
</arguments>
<msg timestamp="20200511 13:33:34.592" level="INFO">Page title is 'Login - My Store'.</msg>
<status status="PASS" starttime="20200511 13:33:34.567" endtime="20200511 13:33:34.592"></status>
</kw>
<kw name="Sleep" library="BuiltIn">
<doc>Pauses the test executed for the given time.</doc>
<arguments>
<arg>3</arg>
</arguments>
<msg timestamp="20200511 13:33:37.605" level="INFO">Slept 3 seconds</msg>
<status status="PASS" starttime="20200511 13:33:34.593" endtime="20200511 13:33:37.605"></status>
</kw>
<status status="PASS" starttime="20200511 13:33:29.462" endtime="20200511 13:33:37.607"></status>
</kw>
<kw name="Close Browser" library="SeleniumLibrary">
<doc>Closes the current browser.</doc>
<status status="PASS" starttime="20200511 13:33:37.607" endtime="20200511 13:33:38.916"></status>
</kw>
<status status="PASS" starttime="20200511 13:33:24.460" endtime="20200511 13:33:38.922"></status>
</kw>
<doc>Create new account
Add two different items to shopping cart
Validate total amount is under 100 USD</doc>
<tags>
<tag>Functional</tag>
<tag>Login</tag>
</tags>
<status status="PASS" starttime="20200511 13:32:19.567" endtime="20200511 13:33:38.923" critical="yes"></status>
</test>
<doc>This suite contains all tests necessary to buy a single item
a) Access web site: http://automationpractice.com/index.php
b) Create a new account
c) Log in using new account created
d) From category “Dresses” select “Summer Dresses”
e) Add to shopping cart: 2 pieces from second displayed item
– first item: size S, white color
- second item : size L, yellow color
f) Add to shopping cart: 2 pieces from third displayed item
– first item: size M, green color
- second item : size L, yellow color
g) Access shipping cart and verify that total amount is under 100$
h) Submit/Finalize order
User.......: tqmtlzci@oisnjaxw.com
Password...: aqlnlgkmdr</doc>
<status status="PASS" starttime="20200511 13:30:38.323" endtime="20200511 13:33:38.925"></status>
</suite>
<statistics>
<total>
<stat pass="3" fail="0">Critical Tests</stat>
<stat pass="3" fail="0">All Tests</stat>
</total>
<tag>
<stat pass="3" fail="0">Functional</stat>
<stat pass="3" fail="0">Login</stat>
</tag>
<suite>
<stat pass="3" fail="0" id="s1" name="Main">Main</stat>
</suite>
</statistics>
<errors>
</errors>
</robot>
